IQ-TREE version 3.0.1 for Linux x86 64-bit built Jul  9 2025
Developed by Bui Quang Minh, Thomas Wong, Nhan Ly-Trong, Huaiyan Ren
Contributed by Lam-Tung Nguyen, Dominik Schrempf, Chris Bielow,
Olga Chernomor, Michael Woodhams, Diep Thi Hoang, Heiko Schmidt

Host:    jl-baubab.scilifelab.se (AVX2, FMA3, 502 GB RAM)
Command: iqtree -s TaxaADD/data/seq_gen_1000_DS1_reordered.fasta -z TaxaADD/results_full/run_20260210_000256_ntaxa27/sampled_trees_coverted.nwk -m HKY -n 0 -redo
Seed:    204250 (Using SPRNG - Scalable Parallel Random Number Generator)
Time:    Tue Feb 10 13:43:15 2026
Kernel:  AVX+FMA - 1 threads (256 CPU cores detected)

HINT: Use -nt option to specify number of threads because your CPU has 256 cores!
HINT: -nt AUTO will automatically determine the best number of threads to use.

Reading alignment file TaxaADD/data/seq_gen_1000_DS1_reordered.fasta ... Fasta format detected
Reading fasta file: done in 0.000382893 secs using 33.17% CPU
Alignment most likely contains DNA/RNA sequences
Constructing alignment: done in 0.000864349 secs using 62.82% CPU
Alignment has 27 sequences with 1000 columns, 303 distinct patterns
176 parsimony-informative, 195 singleton sites, 629 constant sites
                            Gap/Ambiguity  Composition  p-value
Analyzing sequences: done in 1.97887e-05 secs using 96.01% CPU
   1  Alligator_mississippiensis    0.00%    passed     98.72%
   2  Trachemys_scripta             0.00%    passed     97.42%
   3  Amphiuma_tridactylum          0.00%    passed     98.01%
   4  Grandisonia_alternans         0.00%    passed     98.19%
   5  Hypogeophis_rostratus         0.00%    passed     99.24%
   6  Homo_sapiens                  0.00%    passed     90.33%
   7  Mus_musculus                  0.00%    passed     98.29%
   8  Rattus_norvegicus             0.00%    passed     90.33%
   9  Sceloporus_undulatus          0.00%    passed     97.19%
  10  Heterodon_platyrhinos         0.00%    passed     98.52%
  11  Ambystoma_mexicanum           0.00%    passed     98.39%
  12  Siren_intermedia              0.00%    passed     99.36%
  13  Scaphiopus_holbrooki          0.00%    passed     99.32%
  14  Plethodon_yonhalossee         0.00%    passed     99.93%
  15  Discoglossus_pictus           0.00%    passed     99.72%
  16  Hyla_cinerea                  0.00%    passed     86.55%
  17  Eleutherodactylus_cuneatus    0.00%    passed     90.83%
  18  Xenopus_laevis                0.00%    passed     99.80%
  19  Latimeria_chalumnae           0.00%    passed     98.05%
  20  Typhlonectes_natans           0.00%    passed     98.28%
  21  Gallus_gallus                 0.00%    passed     98.02%
  22  Turdus_migratorius            0.00%    passed     99.15%
  23  Nesomantis_thomasseti         0.00%    passed     94.34%
  24  Oryctolagus_cuniculus         0.00%    passed     98.48%
  25  Ichthyophis_bannanicus        0.00%    passed     91.81%
  26  Bufo_valliceps                0.00%    passed     98.74%
  27  Gastrophryne_carolinensis     0.00%    passed     96.94%
****  TOTAL                         0.00%  0 sequences failed composition chi2 test (p-value<5%; df=3)
Checking for duplicate sequences: done in 8.08835e-05 secs using 35.85% CPU

Create initial parsimony tree by phylogenetic likelihood library (PLL)... 0.001 seconds

NOTE: 0 MB RAM (0 GB) is required!
Estimate model parameters (epsilon = 0.010)
1. Initial log-likelihood: -4397.966
2. Current log-likelihood: -4395.700
Optimal log-likelihood: -4395.699
Rate parameters:  A-C: 1.00000  A-G: 0.85397  A-T: 1.00000  C-G: 1.00000  C-T: 0.85397  G-T: 1.00000
Base frequencies:  A: 0.254  C: 0.233  G: 0.236  T: 0.278
Parameters optimization took 2 rounds (0.003 sec)
Wrote distance file to... 
BEST SCORE FOUND : -4395.699
Total tree length: 0.468

Total number of iterations: 0
CPU time used for tree search: 0.000 sec (0h:0m:0s)
Wall-clock time used for tree search: 0.000 sec (0h:0m:0s)
Total CPU time used: 0.011 sec (0h:0m:0s)
Total wall-clock time used: 0.012 sec (0h:0m:0s)
Reading trees in TaxaADD/results_full/run_20260210_000256_ntaxa27/sampled_trees_coverted.nwk ...

1000 trees detected
Tree 1 / LogL: -4432.110
Tree 2 / LogL: -4432.109
Tree 3 / LogL: -4432.109
Tree 4 / LogL: -4432.110
Tree 5 / LogL: -4432.111
Tree 6 / LogL: -4432.110
Tree 7 / LogL: -4432.111
Tree 8 / LogL: -4432.110
Tree 9 / LogL: -4432.109
Tree 10 / LogL: -4432.110
Tree 11 / LogL: -4432.110
Tree 12 / LogL: -4424.187
Tree 13 / LogL: -4432.110
Tree 14 / LogL: -4432.111
Tree 15 / LogL: -4432.110
Tree 16 / LogL: -4438.884
Tree 17 / LogL: -4432.110
Tree 18 / LogL: -4432.110
Tree 19 / LogL: -4432.110
Tree 20 / LogL: -4432.110
Tree 21 / LogL: -4432.111
Tree 22 / LogL: -4432.110
Tree 23 / LogL: -4432.110
Tree 24 / LogL: -4432.110
Tree 25 / LogL: -4432.109
Tree 26 / LogL: -4432.110
Tree 27 / LogL: -4432.110
Tree 28 / LogL: -4432.109
Tree 29 / LogL: -4432.110
Tree 30 / LogL: -4432.109
Tree 31 / LogL: -4432.110
Tree 32 / LogL: -4432.109
Tree 33 / LogL: -4432.109
Tree 34 / LogL: -4432.111
Tree 35 / LogL: -4432.111
Tree 36 / LogL: -4432.109
Tree 37 / LogL: -4432.111
Tree 38 / LogL: -4432.110
Tree 39 / LogL: -4432.111
Tree 40 / LogL: -4432.111
Tree 41 / LogL: -4432.110
Tree 42 / LogL: -4451.004
Tree 43 / LogL: -4432.111
Tree 44 / LogL: -4444.230
Tree 45 / LogL: -4432.109
Tree 46 / LogL: -4444.230
Tree 47 / LogL: -4432.111
Tree 48 / LogL: -4432.109
Tree 49 / LogL: -4432.111
Tree 50 / LogL: -4444.230
Tree 51 / LogL: -4432.111
Tree 52 / LogL: -4432.110
Tree 53 / LogL: -4444.230
Tree 54 / LogL: -4432.111
Tree 55 / LogL: -4432.109
Tree 56 / LogL: -4444.231
Tree 57 / LogL: -4444.231
Tree 58 / LogL: -4432.111
Tree 59 / LogL: -4432.111
Tree 60 / LogL: -4432.110
Tree 61 / LogL: -4432.110
Tree 62 / LogL: -4444.229
Tree 63 / LogL: -4432.110
Tree 64 / LogL: -4432.110
Tree 65 / LogL: -4444.230
Tree 66 / LogL: -4432.110
Tree 67 / LogL: -4432.110
Tree 68 / LogL: -4432.110
Tree 69 / LogL: -4432.110
Tree 70 / LogL: -4444.231
Tree 71 / LogL: -4432.110
Tree 72 / LogL: -4432.110
Tree 73 / LogL: -4432.111
Tree 74 / LogL: -4424.186
Tree 75 / LogL: -4432.109
Tree 76 / LogL: -4432.110
Tree 77 / LogL: -4432.111
Tree 78 / LogL: -4444.230
Tree 79 / LogL: -4432.110
Tree 80 / LogL: -4432.111
Tree 81 / LogL: -4432.111
Tree 82 / LogL: -4432.110
Tree 83 / LogL: -4438.885
Tree 84 / LogL: -4432.111
Tree 85 / LogL: -4432.111
Tree 86 / LogL: -4432.111
Tree 87 / LogL: -4432.111
Tree 88 / LogL: -4432.109
Tree 89 / LogL: -4432.110
Tree 90 / LogL: -4432.110
Tree 91 / LogL: -4432.109
Tree 92 / LogL: -4432.110
Tree 93 / LogL: -4432.110
Tree 94 / LogL: -4432.110
Tree 95 / LogL: -4432.110
Tree 96 / LogL: -4432.110
Tree 97 / LogL: -4432.110
Tree 98 / LogL: -4444.230
Tree 99 / LogL: -4432.110
Tree 100 / LogL: -4432.110
Tree 101 / LogL: -4438.885
Tree 102 / LogL: -4444.230
Tree 103 / LogL: -4432.110
Tree 104 / LogL: -4432.111
Tree 105 / LogL: -4432.110
Tree 106 / LogL: -4432.110
Tree 107 / LogL: -4432.112
Tree 108 / LogL: -4432.110
Tree 109 / LogL: -4432.111
Tree 110 / LogL: -4432.111
Tree 111 / LogL: -4432.110
Tree 112 / LogL: -4432.110
Tree 113 / LogL: -4432.111
Tree 114 / LogL: -4432.110
Tree 115 / LogL: -4432.110
Tree 116 / LogL: -4432.109
Tree 117 / LogL: -4432.110
Tree 118 / LogL: -4432.110
Tree 119 / LogL: -4432.110
Tree 120 / LogL: -4432.111
Tree 121 / LogL: -4432.110
Tree 122 / LogL: -4432.110
Tree 123 / LogL: -4432.110
Tree 124 / LogL: -4432.110
Tree 125 / LogL: -4432.110
Tree 126 / LogL: -4432.110
Tree 127 / LogL: -4432.109
Tree 128 / LogL: -4432.109
Tree 129 / LogL: -4432.110
Tree 130 / LogL: -4432.110
Tree 131 / LogL: -4432.110
Tree 132 / LogL: -4432.110
Tree 133 / LogL: -4432.109
Tree 134 / LogL: -4432.109
Tree 135 / LogL: -4432.110
Tree 136 / LogL: -4432.110
Tree 137 / LogL: -4432.109
Tree 138 / LogL: -4432.111
Tree 139 / LogL: -4438.884
Tree 140 / LogL: -4444.229
Tree 141 / LogL: -4467.428
Tree 142 / LogL: -4432.110
Tree 143 / LogL: -4432.111
Tree 144 / LogL: -4432.110
Tree 145 / LogL: -4432.111
Tree 146 / LogL: -4432.110
Tree 147 / LogL: -4424.186
Tree 148 / LogL: -4432.110
Tree 149 / LogL: -4432.110
Tree 150 / LogL: -4432.110
Tree 151 / LogL: -4432.111
Tree 152 / LogL: -4438.884
Tree 153 / LogL: -4432.109
Tree 154 / LogL: -4432.109
Tree 155 / LogL: -4432.110
Tree 156 / LogL: -4432.109
Tree 157 / LogL: -4432.109
Tree 158 / LogL: -4438.884
Tree 159 / LogL: -4432.110
Tree 160 / LogL: -4432.109
Tree 161 / LogL: -4432.110
Tree 162 / LogL: -4432.111
Tree 163 / LogL: -4432.109
Tree 164 / LogL: -4432.109
Tree 165 / LogL: -4432.110
Tree 166 / LogL: -4444.230
Tree 167 / LogL: -4432.110
Tree 168 / LogL: -4432.110
Tree 169 / LogL: -4432.110
Tree 170 / LogL: -4432.111
Tree 171 / LogL: -4432.110
Tree 172 / LogL: -4438.884
Tree 173 / LogL: -4432.110
Tree 174 / LogL: -4432.110
Tree 175 / LogL: -4432.110
Tree 176 / LogL: -4432.111
Tree 177 / LogL: -4444.231
Tree 178 / LogL: -4432.110
Tree 179 / LogL: -4432.110
Tree 180 / LogL: -4432.110
Tree 181 / LogL: -4438.884
Tree 182 / LogL: -4432.110
Tree 183 / LogL: -4432.110
Tree 184 / LogL: -4432.110
Tree 185 / LogL: -4432.110
Tree 186 / LogL: -4432.111
Tree 187 / LogL: -4432.110
Tree 188 / LogL: -4432.111
Tree 189 / LogL: -4444.230
Tree 190 / LogL: -4432.111
Tree 191 / LogL: -4444.229
Tree 192 / LogL: -4432.109
Tree 193 / LogL: -4432.109
Tree 194 / LogL: -4432.109
Tree 195 / LogL: -4432.111
Tree 196 / LogL: -4432.111
Tree 197 / LogL: -4444.231
Tree 198 / LogL: -4432.110
Tree 199 / LogL: -4432.110
Tree 200 / LogL: -4432.110
Tree 201 / LogL: -4432.110
Tree 202 / LogL: -4432.111
Tree 203 / LogL: -4432.109
Tree 204 / LogL: -4432.109
Tree 205 / LogL: -4432.110
Tree 206 / LogL: -4432.110
Tree 207 / LogL: -4432.110
Tree 208 / LogL: -4439.022
Tree 209 / LogL: -4432.109
Tree 210 / LogL: -4432.111
Tree 211 / LogL: -4432.109
Tree 212 / LogL: -4432.110
Tree 213 / LogL: -4438.885
Tree 214 / LogL: -4432.111
Tree 215 / LogL: -4432.110
Tree 216 / LogL: -4432.111
Tree 217 / LogL: -4438.884
Tree 218 / LogL: -4432.110
Tree 219 / LogL: -4444.231
Tree 220 / LogL: -4432.110
Tree 221 / LogL: -4432.110
Tree 222 / LogL: -4432.111
Tree 223 / LogL: -4432.111
Tree 224 / LogL: -4432.111
Tree 225 / LogL: -4432.111
Tree 226 / LogL: -4432.111
Tree 227 / LogL: -4444.230
Tree 228 / LogL: -4432.110
Tree 229 / LogL: -4438.883
Tree 230 / LogL: -4432.110
Tree 231 / LogL: -4432.109
Tree 232 / LogL: -4432.110
Tree 233 / LogL: -4444.230
Tree 234 / LogL: -4450.729
Tree 235 / LogL: -4432.111
Tree 236 / LogL: -4432.110
Tree 237 / LogL: -4444.230
Tree 238 / LogL: -4432.110
Tree 239 / LogL: -4432.111
Tree 240 / LogL: -4444.230
Tree 241 / LogL: -4430.933
Tree 242 / LogL: -4432.111
Tree 243 / LogL: -4432.109
Tree 244 / LogL: -4432.110
Tree 245 / LogL: -4432.110
Tree 246 / LogL: -4432.109
Tree 247 / LogL: -4432.110
Tree 248 / LogL: -4432.110
Tree 249 / LogL: -4432.110
Tree 250 / LogL: -4432.110
Tree 251 / LogL: -4432.110
Tree 252 / LogL: -4444.230
Tree 253 / LogL: -4432.110
Tree 254 / LogL: -4432.110
Tree 255 / LogL: -4432.110
Tree 256 / LogL: -4432.110
Tree 257 / LogL: -4432.111
Tree 258 / LogL: -4432.110
Tree 259 / LogL: -4432.110
Tree 260 / LogL: -4432.110
Tree 261 / LogL: -4432.110
Tree 262 / LogL: -4432.110
Tree 263 / LogL: -4432.110
Tree 264 / LogL: -4432.109
Tree 265 / LogL: -4432.111
Tree 266 / LogL: -4432.109
Tree 267 / LogL: -4432.110
Tree 268 / LogL: -4432.110
Tree 269 / LogL: -4432.111
Tree 270 / LogL: -4432.110
Tree 271 / LogL: -4432.111
Tree 272 / LogL: -4432.111
Tree 273 / LogL: -4432.110
Tree 274 / LogL: -4432.111
Tree 275 / LogL: -4444.230
Tree 276 / LogL: -4432.109
Tree 277 / LogL: -4432.111
Tree 278 / LogL: -4432.109
Tree 279 / LogL: -4432.109
Tree 280 / LogL: -4432.111
Tree 281 / LogL: -4432.110
Tree 282 / LogL: -4432.110
Tree 283 / LogL: -4432.111
Tree 284 / LogL: -4432.110
Tree 285 / LogL: -4436.546
Tree 286 / LogL: -4450.730
Tree 287 / LogL: -4432.109
Tree 288 / LogL: -4479.548
Tree 289 / LogL: -4432.109
Tree 290 / LogL: -4432.111
Tree 291 / LogL: -4432.109
Tree 292 / LogL: -4438.885
Tree 293 / LogL: -4432.111
Tree 294 / LogL: -4432.110
Tree 295 / LogL: -4432.111
Tree 296 / LogL: -4424.186
Tree 297 / LogL: -4432.110
Tree 298 / LogL: -4432.111
Tree 299 / LogL: -4432.110
Tree 300 / LogL: -4432.110
Tree 301 / LogL: -4432.111
Tree 302 / LogL: -4438.886
Tree 303 / LogL: -4432.110
Tree 304 / LogL: -4432.110
Tree 305 / LogL: -4432.110
Tree 306 / LogL: -4444.231
Tree 307 / LogL: -4432.111
Tree 308 / LogL: -4432.111
Tree 309 / LogL: -4432.111
Tree 310 / LogL: -4432.110
Tree 311 / LogL: -4432.110
Tree 312 / LogL: -4438.884
Tree 313 / LogL: -4432.109
Tree 314 / LogL: -4444.230
Tree 315 / LogL: -4444.230
Tree 316 / LogL: -4432.109
Tree 317 / LogL: -4432.110
Tree 318 / LogL: -4432.110
Tree 319 / LogL: -4432.110
Tree 320 / LogL: -4432.110
Tree 321 / LogL: -4432.110
Tree 322 / LogL: -4444.231
Tree 323 / LogL: -4432.109
Tree 324 / LogL: -4432.109
Tree 325 / LogL: -4432.110
Tree 326 / LogL: -4432.110
Tree 327 / LogL: -4444.231
Tree 328 / LogL: -4432.109
Tree 329 / LogL: -4432.110
Tree 330 / LogL: -4432.111
Tree 331 / LogL: -4432.110
Tree 332 / LogL: -4432.109
Tree 333 / LogL: -4432.111
Tree 334 / LogL: -4432.109
Tree 335 / LogL: -4432.111
Tree 336 / LogL: -4432.110
Tree 337 / LogL: -4432.111
Tree 338 / LogL: -4432.109
Tree 339 / LogL: -4432.110
Tree 340 / LogL: -4432.109
Tree 341 / LogL: -4432.110
Tree 342 / LogL: -4432.110
Tree 343 / LogL: -4432.110
Tree 344 / LogL: -4432.110
Tree 345 / LogL: -4432.110
Tree 346 / LogL: -4432.110
Tree 347 / LogL: -4424.186
Tree 348 / LogL: -4432.109
Tree 349 / LogL: -4432.110
Tree 350 / LogL: -4432.110
Tree 351 / LogL: -4432.111
Tree 352 / LogL: -4432.111
Tree 353 / LogL: -4432.111
Tree 354 / LogL: -4451.004
Tree 355 / LogL: -4432.109
Tree 356 / LogL: -4432.110
Tree 357 / LogL: -4432.109
Tree 358 / LogL: -4432.109
Tree 359 / LogL: -4432.111
Tree 360 / LogL: -4432.109
Tree 361 / LogL: -4444.231
Tree 362 / LogL: -4432.109
Tree 363 / LogL: -4432.109
Tree 364 / LogL: -4432.111
Tree 365 / LogL: -4432.111
Tree 366 / LogL: -4438.884
Tree 367 / LogL: -4432.110
Tree 368 / LogL: -4432.110
Tree 369 / LogL: -4432.110
Tree 370 / LogL: -4432.110
Tree 371 / LogL: -4432.111
Tree 372 / LogL: -4432.110
Tree 373 / LogL: -4432.110
Tree 374 / LogL: -4432.110
Tree 375 / LogL: -4432.111
Tree 376 / LogL: -4444.230
Tree 377 / LogL: -4432.111
Tree 378 / LogL: -4432.110
Tree 379 / LogL: -4432.110
Tree 380 / LogL: -4432.109
Tree 381 / LogL: -4432.109
Tree 382 / LogL: -4432.111
Tree 383 / LogL: -4432.110
Tree 384 / LogL: -4432.110
Tree 385 / LogL: -4432.110
Tree 386 / LogL: -4444.230
Tree 387 / LogL: -4432.111
Tree 388 / LogL: -4432.109
Tree 389 / LogL: -4432.110
Tree 390 / LogL: -4432.111
Tree 391 / LogL: -4432.110
Tree 392 / LogL: -4432.111
Tree 393 / LogL: -4432.111
Tree 394 / LogL: -4432.109
Tree 395 / LogL: -4432.109
Tree 396 / LogL: -4432.111
Tree 397 / LogL: -4432.110
Tree 398 / LogL: -4432.110
Tree 399 / LogL: -4432.111
Tree 400 / LogL: -4432.111
Tree 401 / LogL: -4432.110
Tree 402 / LogL: -4444.229
Tree 403 / LogL: -4432.109
Tree 404 / LogL: -4432.111
Tree 405 / LogL: -4432.110
Tree 406 / LogL: -4444.229
Tree 407 / LogL: -4432.110
Tree 408 / LogL: -4432.109
Tree 409 / LogL: -4432.110
Tree 410 / LogL: -4432.110
Tree 411 / LogL: -4432.112
Tree 412 / LogL: -4432.110
Tree 413 / LogL: -4432.109
Tree 414 / LogL: -4432.109
Tree 415 / LogL: -4432.110
Tree 416 / LogL: -4432.110
Tree 417 / LogL: -4432.110
Tree 418 / LogL: -4432.111
Tree 419 / LogL: -4432.110
Tree 420 / LogL: -4432.109
Tree 421 / LogL: -4432.110
Tree 422 / LogL: -4432.111
Tree 423 / LogL: -4432.109
Tree 424 / LogL: -4432.109
Tree 425 / LogL: -4432.109
Tree 426 / LogL: -4432.110
Tree 427 / LogL: -4432.111
Tree 428 / LogL: -4432.109
Tree 429 / LogL: -4432.110
Tree 430 / LogL: -4432.110
Tree 431 / LogL: -4432.109
Tree 432 / LogL: -4432.110
Tree 433 / LogL: -4432.110
Tree 434 / LogL: -4444.231
Tree 435 / LogL: -4450.728
Tree 436 / LogL: -4432.109
Tree 437 / LogL: -4432.109
Tree 438 / LogL: -4432.110
Tree 439 / LogL: -4432.111
Tree 440 / LogL: -4432.109
Tree 441 / LogL: -4432.109
Tree 442 / LogL: -4432.110
Tree 443 / LogL: -4432.110
Tree 444 / LogL: -4438.884
Tree 445 / LogL: -4432.110
Tree 446 / LogL: -4432.110
Tree 447 / LogL: -4432.109
Tree 448 / LogL: -4432.110
Tree 449 / LogL: -4432.110
Tree 450 / LogL: -4432.110
Tree 451 / LogL: -4432.111
Tree 452 / LogL: -4432.109
Tree 453 / LogL: -4438.884
Tree 454 / LogL: -4432.111
Tree 455 / LogL: -4432.111
Tree 456 / LogL: -4432.109
Tree 457 / LogL: -4432.110
Tree 458 / LogL: -4432.110
Tree 459 / LogL: -4432.110
Tree 460 / LogL: -4432.110
Tree 461 / LogL: -4432.109
Tree 462 / LogL: -4432.110
Tree 463 / LogL: -4432.109
Tree 464 / LogL: -4432.111
Tree 465 / LogL: -4438.884
Tree 466 / LogL: -4432.111
Tree 467 / LogL: -4432.110
Tree 468 / LogL: -4432.109
Tree 469 / LogL: -4432.110
Tree 470 / LogL: -4432.111
Tree 471 / LogL: -4432.109
Tree 472 / LogL: -4432.111
Tree 473 / LogL: -4432.109
Tree 474 / LogL: -4432.110
Tree 475 / LogL: -4432.109
Tree 476 / LogL: -4444.230
Tree 477 / LogL: -4432.111
Tree 478 / LogL: -4432.109
Tree 479 / LogL: -4432.110
Tree 480 / LogL: -4432.110
Tree 481 / LogL: -4432.110
Tree 482 / LogL: -4432.109
Tree 483 / LogL: -4444.232
Tree 484 / LogL: -4432.111
Tree 485 / LogL: -4432.109
Tree 486 / LogL: -4432.110
Tree 487 / LogL: -4432.111
Tree 488 / LogL: -4432.111
Tree 489 / LogL: -4432.110
Tree 490 / LogL: -4432.110
Tree 491 / LogL: -4432.110
Tree 492 / LogL: -4432.111
Tree 493 / LogL: -4432.110
Tree 494 / LogL: -4432.110
Tree 495 / LogL: -4438.885
Tree 496 / LogL: -4432.111
Tree 497 / LogL: -4444.231
Tree 498 / LogL: -4432.111
Tree 499 / LogL: -4432.109
Tree 500 / LogL: -4444.230
Tree 501 / LogL: -4432.111
Tree 502 / LogL: -4432.110
Tree 503 / LogL: -4432.111
Tree 504 / LogL: -4432.110
Tree 505 / LogL: -4432.110
Tree 506 / LogL: -4432.110
Tree 507 / LogL: -4432.111
Tree 508 / LogL: -4432.110
Tree 509 / LogL: -4432.111
Tree 510 / LogL: -4432.110
Tree 511 / LogL: -4451.143
Tree 512 / LogL: -4438.883
Tree 513 / LogL: -4432.110
Tree 514 / LogL: -4432.111
Tree 515 / LogL: -4444.230
Tree 516 / LogL: -4432.110
Tree 517 / LogL: -4432.110
Tree 518 / LogL: -4444.231
Tree 519 / LogL: -4432.110
Tree 520 / LogL: -4432.111
Tree 521 / LogL: -4432.110
Tree 522 / LogL: -4432.110
Tree 523 / LogL: -4432.110
Tree 524 / LogL: -4432.109
Tree 525 / LogL: -4432.111
Tree 526 / LogL: -4432.111
Tree 527 / LogL: -4432.109
Tree 528 / LogL: -4432.112
Tree 529 / LogL: -4432.110
Tree 530 / LogL: -4432.109
Tree 531 / LogL: -4432.110
Tree 532 / LogL: -4432.111
Tree 533 / LogL: -4432.110
Tree 534 / LogL: -4432.110
Tree 535 / LogL: -4432.109
Tree 536 / LogL: -4432.110
Tree 537 / LogL: -4438.883
Tree 538 / LogL: -4432.111
Tree 539 / LogL: -4444.230
Tree 540 / LogL: -4432.110
Tree 541 / LogL: -4424.186
Tree 542 / LogL: -4432.110
Tree 543 / LogL: -4432.110
Tree 544 / LogL: -4432.110
Tree 545 / LogL: -4432.110
Tree 546 / LogL: -4444.230
Tree 547 / LogL: -4432.110
Tree 548 / LogL: -4432.109
Tree 549 / LogL: -4432.110
Tree 550 / LogL: -4432.110
Tree 551 / LogL: -4432.110
Tree 552 / LogL: -4432.111
Tree 553 / LogL: -4432.110
Tree 554 / LogL: -4432.111
Tree 555 / LogL: -4432.111
Tree 556 / LogL: -4432.110
Tree 557 / LogL: -4432.109
Tree 558 / LogL: -4444.230
Tree 559 / LogL: -4432.109
Tree 560 / LogL: -4432.111
Tree 561 / LogL: -4432.110
Tree 562 / LogL: -4432.110
Tree 563 / LogL: -4444.230
Tree 564 / LogL: -4432.111
Tree 565 / LogL: -4444.230
Tree 566 / LogL: -4432.111
Tree 567 / LogL: -4432.110
Tree 568 / LogL: -4432.110
Tree 569 / LogL: -4432.108
Tree 570 / LogL: -4444.231
Tree 571 / LogL: -4432.111
Tree 572 / LogL: -4450.730
Tree 573 / LogL: -4432.110
Tree 574 / LogL: -4432.111
Tree 575 / LogL: -4444.230
Tree 576 / LogL: -4432.110
Tree 577 / LogL: -4432.111
Tree 578 / LogL: -4432.109
Tree 579 / LogL: -4432.110
Tree 580 / LogL: -4432.111
Tree 581 / LogL: -4432.108
Tree 582 / LogL: -4432.110
Tree 583 / LogL: -4444.230
Tree 584 / LogL: -4432.110
Tree 585 / LogL: -4432.110
Tree 586 / LogL: -4432.109
Tree 587 / LogL: -4432.110
Tree 588 / LogL: -4432.110
Tree 589 / LogL: -4439.023
Tree 590 / LogL: -4432.110
Tree 591 / LogL: -4450.731
Tree 592 / LogL: -4432.109
Tree 593 / LogL: -4432.110
Tree 594 / LogL: -4432.110
Tree 595 / LogL: -4432.110
Tree 596 / LogL: -4432.110
Tree 597 / LogL: -4432.110
Tree 598 / LogL: -4432.111
Tree 599 / LogL: -4432.110
Tree 600 / LogL: -4432.111
Tree 601 / LogL: -4432.111
Tree 602 / LogL: -4438.884
Tree 603 / LogL: -4432.110
Tree 604 / LogL: -4424.187
Tree 605 / LogL: -4432.109
Tree 606 / LogL: -4432.110
Tree 607 / LogL: -4432.110
Tree 608 / LogL: -4432.109
Tree 609 / LogL: -4432.111
Tree 610 / LogL: -4432.110
Tree 611 / LogL: -4432.110
Tree 612 / LogL: -4432.111
Tree 613 / LogL: -4432.110
Tree 614 / LogL: -4432.110
Tree 615 / LogL: -4438.884
Tree 616 / LogL: -4438.884
Tree 617 / LogL: -4432.111
Tree 618 / LogL: -4432.109
Tree 619 / LogL: -4444.229
Tree 620 / LogL: -4432.110
Tree 621 / LogL: -4432.111
Tree 622 / LogL: -4432.110
Tree 623 / LogL: -4438.883
Tree 624 / LogL: -4432.109
Tree 625 / LogL: -4432.111
Tree 626 / LogL: -4432.109
Tree 627 / LogL: -4432.110
Tree 628 / LogL: -4432.110
Tree 629 / LogL: -4444.230
Tree 630 / LogL: -4438.885
Tree 631 / LogL: -4432.109
Tree 632 / LogL: -4432.111
Tree 633 / LogL: -4432.109
Tree 634 / LogL: -4432.111
Tree 635 / LogL: -4444.231
Tree 636 / LogL: -4432.111
Tree 637 / LogL: -4444.232
Tree 638 / LogL: -4432.111
Tree 639 / LogL: -4432.111
Tree 640 / LogL: -4432.110
Tree 641 / LogL: -4432.110
Tree 642 / LogL: -4432.110
Tree 643 / LogL: -4432.110
Tree 644 / LogL: -4432.109
Tree 645 / LogL: -4432.110
Tree 646 / LogL: -4432.110
Tree 647 / LogL: -4424.188
Tree 648 / LogL: -4432.109
Tree 649 / LogL: -4432.109
Tree 650 / LogL: -4444.230
Tree 651 / LogL: -4432.110
Tree 652 / LogL: -4432.109
Tree 653 / LogL: -4432.110
Tree 654 / LogL: -4432.109
Tree 655 / LogL: -4432.110
Tree 656 / LogL: -4432.111
Tree 657 / LogL: -4432.110
Tree 658 / LogL: -4432.110
Tree 659 / LogL: -4432.111
Tree 660 / LogL: -4432.110
Tree 661 / LogL: -4432.110
Tree 662 / LogL: -4432.110
Tree 663 / LogL: -4432.110
Tree 664 / LogL: -4432.111
Tree 665 / LogL: -4444.229
Tree 666 / LogL: -4432.110
Tree 667 / LogL: -4432.111
Tree 668 / LogL: -4432.111
Tree 669 / LogL: -4432.111
Tree 670 / LogL: -4438.885
Tree 671 / LogL: -4444.230
Tree 672 / LogL: -4432.111
Tree 673 / LogL: -4432.110
Tree 674 / LogL: -4444.230
Tree 675 / LogL: -4432.111
Tree 676 / LogL: -4432.111
Tree 677 / LogL: -4432.110
Tree 678 / LogL: -4432.109
Tree 679 / LogL: -4432.110
Tree 680 / LogL: -4432.111
Tree 681 / LogL: -4432.109
Tree 682 / LogL: -4444.231
Tree 683 / LogL: -4432.110
Tree 684 / LogL: -4432.110
Tree 685 / LogL: -4432.110
Tree 686 / LogL: -4432.109
Tree 687 / LogL: -4432.112
Tree 688 / LogL: -4432.109
Tree 689 / LogL: -4432.111
Tree 690 / LogL: -4432.110
Tree 691 / LogL: -4432.110
Tree 692 / LogL: -4432.110
Tree 693 / LogL: -4432.110
Tree 694 / LogL: -4432.109
Tree 695 / LogL: -4432.110
Tree 696 / LogL: -4432.110
Tree 697 / LogL: -4432.110
Tree 698 / LogL: -4432.110
Tree 699 / LogL: -4432.109
Tree 700 / LogL: -4432.110
Tree 701 / LogL: -4432.110
Tree 702 / LogL: -4444.229
Tree 703 / LogL: -4444.230
Tree 704 / LogL: -4432.110
Tree 705 / LogL: -4432.110
Tree 706 / LogL: -4432.110
Tree 707 / LogL: -4444.230
Tree 708 / LogL: -4432.110
Tree 709 / LogL: -4444.232
Tree 710 / LogL: -4432.110
Tree 711 / LogL: -4432.111
Tree 712 / LogL: -4432.110
Tree 713 / LogL: -4432.109
Tree 714 / LogL: -4432.109
Tree 715 / LogL: -4432.109
Tree 716 / LogL: -4432.111
Tree 717 / LogL: -4432.109
Tree 718 / LogL: -4432.111
Tree 719 / LogL: -4432.111
Tree 720 / LogL: -4432.109
Tree 721 / LogL: -4432.110
Tree 722 / LogL: -4432.110
Tree 723 / LogL: -4444.230
Tree 724 / LogL: -4432.111
Tree 725 / LogL: -4432.110
Tree 726 / LogL: -4432.110
Tree 727 / LogL: -4432.111
Tree 728 / LogL: -4432.111
Tree 729 / LogL: -4432.109
Tree 730 / LogL: -4444.230
Tree 731 / LogL: -4432.110
Tree 732 / LogL: -4438.884
Tree 733 / LogL: -4432.109
Tree 734 / LogL: -4432.110
Tree 735 / LogL: -4450.728
Tree 736 / LogL: -4432.109
Tree 737 / LogL: -4432.110
Tree 738 / LogL: -4432.110
Tree 739 / LogL: -4432.110
Tree 740 / LogL: -4444.229
Tree 741 / LogL: -4432.111
Tree 742 / LogL: -4432.109
Tree 743 / LogL: -4432.110
Tree 744 / LogL: -4432.109
Tree 745 / LogL: -4432.110
Tree 746 / LogL: -4432.110
Tree 747 / LogL: -4432.111
Tree 748 / LogL: -4432.109
Tree 749 / LogL: -4432.110
Tree 750 / LogL: -4432.110
Tree 751 / LogL: -4432.110
Tree 752 / LogL: -4432.109
Tree 753 / LogL: -4424.186
Tree 754 / LogL: -4432.110
Tree 755 / LogL: -4432.110
Tree 756 / LogL: -4432.110
Tree 757 / LogL: -4432.110
Tree 758 / LogL: -4432.110
Tree 759 / LogL: -4432.110
Tree 760 / LogL: -4432.109
Tree 761 / LogL: -4444.230
Tree 762 / LogL: -4432.110
Tree 763 / LogL: -4432.110
Tree 764 / LogL: -4438.884
Tree 765 / LogL: -4438.885
Tree 766 / LogL: -4432.110
Tree 767 / LogL: -4432.109
Tree 768 / LogL: -4432.111
Tree 769 / LogL: -4432.110
Tree 770 / LogL: -4432.110
Tree 771 / LogL: -4432.110
Tree 772 / LogL: -4432.111
Tree 773 / LogL: -4432.111
Tree 774 / LogL: -4432.111
Tree 775 / LogL: -4432.110
Tree 776 / LogL: -4432.109
Tree 777 / LogL: -4432.110
Tree 778 / LogL: -4432.111
Tree 779 / LogL: -4432.109
Tree 780 / LogL: -4432.109
Tree 781 / LogL: -4432.110
Tree 782 / LogL: -4432.111
Tree 783 / LogL: -4432.111
Tree 784 / LogL: -4444.230
Tree 785 / LogL: -4432.110
Tree 786 / LogL: -4432.111
Tree 787 / LogL: -4432.110
Tree 788 / LogL: -4432.110
Tree 789 / LogL: -4432.110
Tree 790 / LogL: -4432.110
Tree 791 / LogL: -4432.110
Tree 792 / LogL: -4438.883
Tree 793 / LogL: -4432.110
Tree 794 / LogL: -4432.110
Tree 795 / LogL: -4432.111
Tree 796 / LogL: -4432.110
Tree 797 / LogL: -4432.112
Tree 798 / LogL: -4432.110
Tree 799 / LogL: -4432.110
Tree 800 / LogL: -4432.110
Tree 801 / LogL: -4432.110
Tree 802 / LogL: -4432.110
Tree 803 / LogL: -4432.110
Tree 804 / LogL: -4432.111
Tree 805 / LogL: -4432.111
Tree 806 / LogL: -4432.111
Tree 807 / LogL: -4432.110
Tree 808 / LogL: -4432.111
Tree 809 / LogL: -4432.110
Tree 810 / LogL: -4432.110
Tree 811 / LogL: -4432.111
Tree 812 / LogL: -4432.110
Tree 813 / LogL: -4438.885
Tree 814 / LogL: -4444.231
Tree 815 / LogL: -4432.109
Tree 816 / LogL: -4444.230
Tree 817 / LogL: -4432.110
Tree 818 / LogL: -4432.110
Tree 819 / LogL: -4432.109
Tree 820 / LogL: -4432.110
Tree 821 / LogL: -4432.109
Tree 822 / LogL: -4432.110
Tree 823 / LogL: -4438.883
Tree 824 / LogL: -4432.109
Tree 825 / LogL: -4432.109
Tree 826 / LogL: -4432.109
Tree 827 / LogL: -4432.110
Tree 828 / LogL: -4432.111
Tree 829 / LogL: -4432.109
Tree 830 / LogL: -4432.109
Tree 831 / LogL: -4432.111
Tree 832 / LogL: -4432.109
Tree 833 / LogL: -4432.110
Tree 834 / LogL: -4444.230
Tree 835 / LogL: -4432.110
Tree 836 / LogL: -4432.110
Tree 837 / LogL: -4432.110
Tree 838 / LogL: -4432.111
Tree 839 / LogL: -4432.111
Tree 840 / LogL: -4438.884
Tree 841 / LogL: -4432.110
Tree 842 / LogL: -4432.109
Tree 843 / LogL: -4432.110
Tree 844 / LogL: -4432.109
Tree 845 / LogL: -4432.110
Tree 846 / LogL: -4432.110
Tree 847 / LogL: -4432.110
Tree 848 / LogL: -4432.109
Tree 849 / LogL: -4432.112
Tree 850 / LogL: -4432.110
Tree 851 / LogL: -4432.110
Tree 852 / LogL: -4432.110
Tree 853 / LogL: -4432.110
Tree 854 / LogL: -4432.110
Tree 855 / LogL: -4432.110
Tree 856 / LogL: -4432.111
Tree 857 / LogL: -4432.111
Tree 858 / LogL: -4438.884
Tree 859 / LogL: -4432.111
Tree 860 / LogL: -4432.110
Tree 861 / LogL: -4432.109
Tree 862 / LogL: -4432.110
Tree 863 / LogL: -4432.110
Tree 864 / LogL: -4432.111
Tree 865 / LogL: -4432.110
Tree 866 / LogL: -4432.109
Tree 867 / LogL: -4432.110
Tree 868 / LogL: -4444.231
Tree 869 / LogL: -4432.110
Tree 870 / LogL: -4432.110
Tree 871 / LogL: -4444.229
Tree 872 / LogL: -4432.109
Tree 873 / LogL: -4432.111
Tree 874 / LogL: -4432.110
Tree 875 / LogL: -4432.110
Tree 876 / LogL: -4432.110
Tree 877 / LogL: -4432.110
Tree 878 / LogL: -4432.110
Tree 879 / LogL: -4438.884
Tree 880 / LogL: -4432.110
Tree 881 / LogL: -4432.108
Tree 882 / LogL: -4432.110
Tree 883 / LogL: -4432.110
Tree 884 / LogL: -4432.110
Tree 885 / LogL: -4432.110
Tree 886 / LogL: -4432.111
Tree 887 / LogL: -4432.110
Tree 888 / LogL: -4432.110
Tree 889 / LogL: -4432.109
Tree 890 / LogL: -4444.229
Tree 891 / LogL: -4432.110
Tree 892 / LogL: -4432.110
Tree 893 / LogL: -4432.109
Tree 894 / LogL: -4432.110
Tree 895 / LogL: -4432.110
Tree 896 / LogL: -4432.111
Tree 897 / LogL: -4432.109
Tree 898 / LogL: -4432.110
Tree 899 / LogL: -4432.110
Tree 900 / LogL: -4432.111
Tree 901 / LogL: -4432.110
Tree 902 / LogL: -4432.111
Tree 903 / LogL: -4432.110
Tree 904 / LogL: -4432.110
Tree 905 / LogL: -4432.110
Tree 906 / LogL: -4432.110
Tree 907 / LogL: -4432.110
Tree 908 / LogL: -4432.111
Tree 909 / LogL: -4432.110
Tree 910 / LogL: -4432.110
Tree 911 / LogL: -4444.231
Tree 912 / LogL: -4432.110
Tree 913 / LogL: -4432.110
Tree 914 / LogL: -4432.109
Tree 915 / LogL: -4432.111
Tree 916 / LogL: -4432.111
Tree 917 / LogL: -4444.230
Tree 918 / LogL: -4432.109
Tree 919 / LogL: -4432.110
Tree 920 / LogL: -4432.110
Tree 921 / LogL: -4432.110
Tree 922 / LogL: -4432.109
Tree 923 / LogL: -4432.111
Tree 924 / LogL: -4432.111
Tree 925 / LogL: -4432.110
Tree 926 / LogL: -4432.109
Tree 927 / LogL: -4432.110
Tree 928 / LogL: -4432.109
Tree 929 / LogL: -4451.003
Tree 930 / LogL: -4432.110
Tree 931 / LogL: -4432.111
Tree 932 / LogL: -4432.109
Tree 933 / LogL: -4432.110
Tree 934 / LogL: -4432.109
Tree 935 / LogL: -4424.187
Tree 936 / LogL: -4432.109
Tree 937 / LogL: -4432.110
Tree 938 / LogL: -4432.109
Tree 939 / LogL: -4432.110
Tree 940 / LogL: -4432.110
Tree 941 / LogL: -4432.110
Tree 942 / LogL: -4432.109
Tree 943 / LogL: -4432.111
Tree 944 / LogL: -4444.231
Tree 945 / LogL: -4432.109
Tree 946 / LogL: -4432.111
Tree 947 / LogL: -4432.110
Tree 948 / LogL: -4432.110
Tree 949 / LogL: -4432.109
Tree 950 / LogL: -4432.110
Tree 951 / LogL: -4432.110
Tree 952 / LogL: -4432.109
Tree 953 / LogL: -4432.109
Tree 954 / LogL: -4432.110
Tree 955 / LogL: -4432.110
Tree 956 / LogL: -4444.229
Tree 957 / LogL: -4444.230
Tree 958 / LogL: -4438.884
Tree 959 / LogL: -4432.110
Tree 960 / LogL: -4432.110
Tree 961 / LogL: -4432.110
Tree 962 / LogL: -4432.110
Tree 963 / LogL: -4432.111
Tree 964 / LogL: -4432.109
Tree 965 / LogL: -4432.109
Tree 966 / LogL: -4432.110
Tree 967 / LogL: -4432.110
Tree 968 / LogL: -4432.110
Tree 969 / LogL: -4432.111
Tree 970 / LogL: -4432.111
Tree 971 / LogL: -4432.110
Tree 972 / LogL: -4432.111
Tree 973 / LogL: -4432.110
Tree 974 / LogL: -4432.111
Tree 975 / LogL: -4432.110
Tree 976 / LogL: -4432.110
Tree 977 / LogL: -4444.231
Tree 978 / LogL: -4432.110
Tree 979 / LogL: -4432.110
Tree 980 / LogL: -4432.110
Tree 981 / LogL: -4432.110
Tree 982 / LogL: -4424.186
Tree 983 / LogL: -4432.109
Tree 984 / LogL: -4432.110
Tree 985 / LogL: -4432.109
Tree 986 / LogL: -4432.110
Tree 987 / LogL: -4438.885
Tree 988 / LogL: -4432.111
Tree 989 / LogL: -4432.110
Tree 990 / LogL: -4432.110
Tree 991 / LogL: -4432.110
Tree 992 / LogL: -4432.110
Tree 993 / LogL: -4432.111
Tree 994 / LogL: -4444.231
Tree 995 / LogL: -4432.110
Tree 996 / LogL: -4432.109
Tree 997 / LogL: -4438.884
Tree 998 / LogL: -4432.110
Tree 999 / LogL: -4432.109
Tree 1000 / LogL: -4432.110
Time for evaluating all trees: 2.532 sec.

Analysis results written to: 
  IQ-TREE report:                TaxaADD/data/seq_gen_1000_DS1_reordered.fasta.iqtree
  Maximum-likelihood tree:       TaxaADD/data/seq_gen_1000_DS1_reordered.fasta.treefile
  Evaluated user trees:          TaxaADD/data/seq_gen_1000_DS1_reordered.fasta.trees
  Screen log file:               TaxaADD/data/seq_gen_1000_DS1_reordered.fasta.log

Date and Time: Tue Feb 10 13:43:17 2026
