IQ-TREE version 3.0.1 for Linux x86 64-bit built Jul  9 2025
Developed by Bui Quang Minh, Thomas Wong, Nhan Ly-Trong, Huaiyan Ren
Contributed by Lam-Tung Nguyen, Dominik Schrempf, Chris Bielow,
Olga Chernomor, Michael Woodhams, Diep Thi Hoang, Heiko Schmidt

Host:    jl-baubab.scilifelab.se (AVX2, FMA3, 502 GB RAM)
Command: iqtree -s TreeDistLearn/data/DS1/DS1_reordered_tree.fasta -te TreeDistLearn/data/DS1/ds1_sysnthetic_iqtree_ML.nwk -m JC -blfix -redo
Seed:    117547 (Using SPRNG - Scalable Parallel Random Number Generator)
Time:    Thu Feb 26 10:08:21 2026
Kernel:  AVX+FMA - 1 threads (256 CPU cores detected)

HINT: Use -nt option to specify number of threads because your CPU has 256 cores!
HINT: -nt AUTO will automatically determine the best number of threads to use.

Reading alignment file TreeDistLearn/data/DS1/DS1_reordered_tree.fasta ... Fasta format detected
Reading fasta file: done in 0.000799112 secs using 75.46% CPU
Alignment most likely contains DNA/RNA sequences
Constructing alignment: done in 0.00186472 secs using 30.73% CPU
WARNING: 9 sites contain only gaps or ambiguous characters.
Alignment has 27 sequences with 1949 columns, 934 distinct patterns
206 parsimony-informative, 167 singleton sites, 1576 constant sites
                            Gap/Ambiguity  Composition  p-value
Analyzing sequences: done in 4.98742e-05 secs
   1  Amphiuma_tridactylum         26.63%    passed     36.96%
   2  Rattus_norvegicus             3.90%    passed     32.25%
   3  Nesomantis_thomasseti        22.83%    passed     71.43%
   4  Turdus_migratorius           16.83%    passed     70.96%
   5  Latimeria_chalumnae           8.72%    passed     54.38%
   6  Ambystoma_mexicanum          18.32%    passed     94.27%
   7  Heterodon_platyrhinos        18.21%    passed     96.09%
   8  Bufo_valliceps               17.65%    passed     81.26%
   9  Gastrophryne_carolinensis    23.60%    passed     92.65%
  10  Ichthyophis_bannanicus       28.22%    passed     83.16%
  11  Eleutherodactylus_cuneatus   25.30%    passed     89.37%
  12  Xenopus_laevis                6.31%    passed     96.50%
  13  Hyla_cinerea                 19.14%    passed     82.69%
  14  Scaphiopus_holbrooki         27.66%    passed     34.69%
  15  Trachemys_scripta            22.73%    passed     97.36%
  16  Oryctolagus_cuniculus         4.41%    passed     48.40%
  17  Hypogeophis_rostratus        37.15%    passed     65.90%
  18  Discoglossus_pictus          30.99%    passed     60.48%
  19  Gallus_gallus                33.86%    passed     53.93%
  20  Typhlonectes_natans          24.83%    passed     91.72%
  21  Homo_sapiens                  4.16%    passed     22.18%
  22  Sceloporus_undulatus         27.66%    passed     99.54%
  23  Mus_musculus                  4.10%    passed     23.57%
  24  Siren_intermedia             23.45%    passed     91.75%
  25  Grandisonia_alternans        27.45%    passed     56.89%
  26  Alligator_mississippiensis   19.96%    passed     99.07%
  27  Plethodon_yonhalossee        27.30%    passed     64.12%
****  TOTAL                        20.42%  0 sequences failed composition chi2 test (p-value<5%; df=3)
Checking for duplicate sequences: done in 0.000135794 secs using 99.42% CPU
Reading input tree file TreeDistLearn/data/DS1/ds1_sysnthetic_iqtree_ML.nwk ...

NOTE: 0 MB RAM (0 GB) is required!
Estimate model parameters (epsilon = 0.010)
1. Initial log-likelihood: -6999.904
Optimal log-likelihood: -6999.904
Rate parameters:  A-C: 1.00000  A-G: 1.00000  A-T: 1.00000  C-G: 1.00000  C-T: 1.00000  G-T: 1.00000
Base frequencies:  A: 0.250  C: 0.250  G: 0.250  T: 0.250
Parameters optimization took 1 rounds (0.001 sec)
Wrote distance file to... 
BEST SCORE FOUND : -6999.904
Total tree length: 0.322

Total number of iterations: 0
CPU time used for tree search: 0.000 sec (0h:0m:0s)
Wall-clock time used for tree search: 0.000 sec (0h:0m:0s)
Total CPU time used: 0.007 sec (0h:0m:0s)
Total wall-clock time used: 0.009 sec (0h:0m:0s)

Analysis results written to: 
  IQ-TREE report:                TreeDistLearn/data/DS1/DS1_reordered_tree.fasta.iqtree
  Maximum-likelihood tree:       TreeDistLearn/data/DS1/DS1_reordered_tree.fasta.treefile
  Screen log file:               TreeDistLearn/data/DS1/DS1_reordered_tree.fasta.log

Date and Time: Thu Feb 26 10:08:21 2026
