nohup: ignoring input


                            MrBayes 3.2.7 x86_64

                      (Bayesian Analysis of Phylogeny)

              Distributed under the GNU General Public License


               Type "help" or "help <command>" for information
                     on the commands that are available.

                   Type "about" for authorship and general
                       information about the program.



   Executing file "data/DS1.nex"
   UNIX line termination
   Longest line length = 135
   Parsing file
   Expecting NEXUS formatted file
   Reading data block
      Allocated taxon set
      Allocated matrix
      Defining new matrix with 27 taxa and 1949 characters
      Data is Dna
      Missing data coded as ?
      Gaps coded as -
      WARNING: MrBayes does not support 'symbols' specification; default symbols assumed
      Taxon  1 -> Hyla_cinerea
      Taxon  2 -> Bufo_valliceps
      Taxon  3 -> Amphiuma_tridactylum
      Taxon  4 -> Ambystoma_mexicanum
      Taxon  5 -> Siren_intermedia
      Taxon  6 -> Typhlonectes_natans
      Taxon  7 -> Turdus_migratorius
      Taxon  8 -> Heterodon_platyrhinos
      Taxon  9 -> Trachemys_scripta
      Taxon 10 -> Alligator_mississippiensis
      Taxon 11 -> Discoglossus_pictus
      Taxon 12 -> Nesomantis_thomasseti
      Taxon 13 -> Ichthyophis_bannanicus
      Taxon 14 -> Hypogeophis_rostratus
      Taxon 15 -> Grandisonia_alternans
      Taxon 16 -> Plethodon_yonhalossee
      Taxon 17 -> Mus_musculus
      Taxon 18 -> Homo_sapiens
      Taxon 19 -> Eleutherodactylus_cuneatus
      Taxon 20 -> Scaphiopus_holbrooki
      Taxon 21 -> Oryctolagus_cuniculus
      Taxon 22 -> Xenopus_laevis
      Taxon 23 -> Sceloporus_undulatus
      Taxon 24 -> Gallus_gallus
      Taxon 25 -> Gastrophryne_carolinensis
      Taxon 26 -> Latimeria_chalumnae
      Taxon 27 -> Rattus_norvegicus
      Successfully read matrix
      Setting default partition (does not divide up characters)
      Setting model defaults
      Seed (for generating default start values) = 1767878079
      Setting output file names to "data/DS1.nex.run<i>.<p|t>"
   Exiting data block
   Reading mrbayes block
      Setting autoclose to yes
      Setting nowarnings to yes
      Setting Nst to 1
      Setting Rates to Equal
      Successfully set likelihood model parameters
      Setting Brlenspr to Unconstrained:Exponential(10.00)
      Successfully set prior model parameters
      WARNING: Reallocation of zero size attempted. This is probably a bug. Problems may follow.
      WARNING: Reallocation of zero size attempted. This is probably a bug. Problems may follow.
      Setting number of runs to 1
      Setting number of generations to 500000
      Setting sample frequency to 500
      Setting print frequency to 5000
      Setting diagnosing frequency to 5000
      Setting number of chains to 4
      Setting heating parameter to 0.200000
      Setting burnin fraction to 0.25
      Using stopping rule.
      Setting burnin fraction to 0.25
      Setting chain output file names to "data/DS1.nex.<p/t>"
      Successfully set chain parameters
      Running Markov chain
      MCMC stamp = 0241277503
      Seed = 1586603204
      Swapseed = 1767878079
      Model settings:

         Data not partitioned --
            Datatype  = DNA
            Nucmodel  = 4by4
            Nst       = 1
            Covarion  = No
            # States  = 4
                        State frequencies have a Dirichlet prior
                        (1.00,1.00,1.00,1.00)
            Rates     = Equal

      Active parameters: 

         Parameters
         ---------------------
         Statefreq           1
         Ratemultiplier      2
         Topology            3
         Brlens              4
         ---------------------

         1 --  Parameter  = Pi
               Type       = Stationary state frequencies
               Prior      = Dirichlet

         2 --  Parameter  = Ratemultiplier
               Type       = Partition-specific rate multiplier
               Prior      = Fixed(1.0)

         3 --  Parameter  = Tau
               Type       = Topology
               Prior      = All topologies equally probable a priori
               Subparam.  = V

         4 --  Parameter  = V
               Type       = Branch lengths
               Prior      = Unconstrained:Exponential(10.0)



      The MCMC sampler will use the following moves:
         With prob.  Chain will use move
            0.98 %   Dirichlet(Pi)
            0.98 %   Slider(Pi)
            9.80 %   ExtSPR(Tau,V)
            9.80 %   ExtTBR(Tau,V)
            9.80 %   NNI(Tau,V)
            9.80 %   ParsSPR(Tau,V)
           39.22 %   Multiplier(V)
           13.73 %   Nodeslider(V)
            5.88 %   TLMultiplier(V)

      Division 1 has 934 unique site patterns
      Initializing conditional likelihoods

      Running benchmarks to automatically select fastest BEAGLE resource...       Failed to start BEAGLE instance
      Using standard FMA likelihood calculator for division 1 (single-precision)

      Initial log likelihoods and log prior probs:
         Chain 1 -- -9635.782181 -- 35.878117
         Chain 2 -- -9939.579419 -- 35.878117
         Chain 3 -- -9608.224780 -- 35.878117
         Chain 4 -- -9855.278409 -- 35.878117


      Chain results (500000 generations requested):

          0 -- [-9635.782] (-9939.579) (-9608.225) (-9855.278) 
       5000 -- (-6929.661) [-6889.029] (-6953.469) (-6889.942) -- 0:03:18
      10000 -- (-6922.175) (-6908.065) (-6953.799) [-6883.435] -- 0:04:05
      15000 -- (-6919.952) (-6895.147) [-6884.993] (-6891.577) -- 0:03:46
      20000 -- (-6920.915) (-6902.463) (-6899.050) [-6895.107] -- 0:03:36
      25000 -- (-6903.538) (-6895.770) [-6885.297] (-6892.298) -- 0:03:48
      30000 -- (-6921.795) (-6894.340) [-6881.660] (-6906.103) -- 0:03:39
      35000 -- (-6914.030) (-6886.597) (-6928.176) [-6893.492] -- 0:03:32
      40000 -- (-6933.647) (-6895.577) [-6890.305] (-6910.970) -- 0:03:38
      45000 -- (-6898.127) [-6879.742] (-6910.703) (-6923.021) -- 0:03:32
      50000 -- [-6882.608] (-6897.911) (-6891.926) (-6902.349) -- 0:03:36
      55000 -- (-6892.828) (-6898.416) [-6884.102] (-6893.208) -- 0:03:30
      60000 -- [-6899.666] (-6907.621) (-6896.352) (-6912.404) -- 0:03:25
      65000 -- (-6892.920) [-6889.118] (-6916.188) (-6903.723) -- 0:03:27
      70000 -- (-6902.241) (-6885.444) (-6901.208) [-6881.090] -- 0:03:22
      75000 -- (-6915.794) [-6880.898] (-6897.042) (-6900.388) -- 0:03:18
      80000 -- [-6883.808] (-6885.543) (-6907.448) (-6913.261) -- 0:03:19
      85000 -- (-6891.438) [-6885.908] (-6902.604) (-6892.690) -- 0:03:15
      90000 -- (-6892.249) (-6891.720) (-6894.655) [-6884.388] -- 0:03:11
      95000 -- (-6919.812) [-6883.693] (-6901.040) (-6885.654) -- 0:03:11
      100000 -- (-6916.579) [-6890.135] (-6922.512) (-6891.750) -- 0:03:08
      105000 -- (-6896.503) (-6896.819) (-6885.474) [-6886.770] -- 0:03:04
      110000 -- [-6890.952] (-6888.865) (-6916.707) (-6891.841) -- 0:03:04
      115000 -- (-6898.806) [-6887.904] (-6888.195) (-6900.638) -- 0:03:00
      120000 -- [-6890.484] (-6897.154) (-6902.625) (-6901.719) -- 0:03:00
      125000 -- (-6896.331) [-6891.281] (-6904.642) (-6912.714) -- 0:02:57
      130000 -- [-6894.485] (-6892.267) (-6895.094) (-6893.285) -- 0:02:53
      135000 -- [-6888.467] (-6899.124) (-6908.018) (-6897.607) -- 0:02:53
      140000 -- [-6887.059] (-6889.631) (-6900.203) (-6903.216) -- 0:02:49
      145000 -- (-6909.706) (-6893.397) [-6885.147] (-6911.054) -- 0:02:46
      150000 -- (-6898.412) (-6913.232) [-6878.134] (-6900.075) -- 0:02:45
      155000 -- (-6902.123) [-6893.616] (-6914.909) (-6899.959) -- 0:02:42
      160000 -- [-6890.642] (-6900.295) (-6909.317) (-6900.615) -- 0:02:39
      165000 -- [-6884.879] (-6894.233) (-6895.411) (-6905.846) -- 0:02:36
      170000 -- (-6901.061) [-6882.758] (-6923.199) (-6902.098) -- 0:02:33
      175000 -- (-6888.614) [-6891.715] (-6908.337) (-6898.238) -- 0:02:32
      180000 -- (-6898.389) (-6901.551) [-6887.576] (-6893.929) -- 0:02:29
      185000 -- (-6900.598) (-6894.247) [-6891.426] (-6906.202) -- 0:02:28
      190000 -- (-6886.474) [-6887.867] (-6897.662) (-6909.328) -- 0:02:25
      195000 -- (-6902.593) [-6883.850] (-6894.447) (-6889.906) -- 0:02:22
      200000 -- (-6900.344) (-6901.034) [-6893.871] (-6889.099) -- 0:02:21
      205000 -- (-6878.868) (-6910.869) [-6880.050] (-6895.017) -- 0:02:18
      210000 -- (-6901.085) (-6907.499) [-6892.071] (-6899.707) -- 0:02:15
      215000 -- [-6888.500] (-6899.857) (-6881.809) (-6902.567) -- 0:02:13
      220000 -- [-6892.045] (-6889.524) (-6895.509) (-6888.027) -- 0:02:11
      225000 -- (-6893.041) (-6926.443) (-6885.649) [-6883.437] -- 0:02:09
      230000 -- (-6889.072) (-6894.580) [-6886.159] (-6907.412) -- 0:02:06
      235000 -- (-6894.491) (-6887.764) (-6892.330) [-6889.222] -- 0:02:04
      240000 -- (-6919.330) (-6898.787) [-6880.429] (-6898.021) -- 0:02:02
      245000 -- (-6899.724) [-6887.061] (-6905.091) (-6890.267) -- 0:01:59
      250000 -- (-6917.932) [-6888.695] (-6879.605) (-6910.179) -- 0:01:57
      255000 -- (-6902.131) (-6890.565) [-6876.152] (-6906.702) -- 0:01:55
      260000 -- (-6894.684) [-6886.760] (-6895.381) (-6896.248) -- 0:01:52
      265000 -- (-6883.806) [-6893.770] (-6906.107) (-6906.344) -- 0:01:50
      270000 -- (-6904.341) [-6880.402] (-6895.875) (-6889.686) -- 0:01:48
      275000 -- (-6907.357) (-6884.547) (-6910.558) [-6882.803] -- 0:01:45
      280000 -- (-6912.429) (-6882.499) [-6887.471] (-6924.652) -- 0:01:43
      285000 -- (-6897.612) [-6887.464] (-6913.556) (-6903.086) -- 0:01:41
      290000 -- (-6918.685) [-6890.990] (-6882.280) (-6904.528) -- 0:01:39
      295000 -- [-6879.354] (-6881.232) (-6910.108) (-6896.584) -- 0:01:36
      300000 -- [-6888.394] (-6896.635) (-6894.429) (-6900.148) -- 0:01:34
      305000 -- (-6899.015) (-6896.615) (-6892.974) [-6885.448] -- 0:01:32
      310000 -- [-6884.464] (-6897.750) (-6887.077) (-6897.702) -- 0:01:29
      315000 -- (-6902.440) [-6881.060] (-6892.709) (-6903.105) -- 0:01:27
      320000 -- (-6896.602) (-6894.543) (-6932.606) [-6887.454] -- 0:01:24
      325000 -- (-6900.240) (-6905.223) [-6887.980] (-6894.298) -- 0:01:22
      330000 -- (-6895.713) (-6900.831) [-6883.312] (-6895.069) -- 0:01:20
      335000 -- (-6903.701) (-6892.790) [-6881.269] (-6894.240) -- 0:01:17
      340000 -- (-6905.752) [-6891.256] (-6898.668) (-6906.014) -- 0:01:15
      345000 -- (-6893.475) [-6885.099] (-6911.887) (-6896.921) -- 0:01:12
      350000 -- [-6886.208] (-6886.191) (-6885.059) (-6894.170) -- 0:01:10
      355000 -- (-6904.972) (-6900.819) (-6898.380) [-6891.698] -- 0:01:07
      360000 -- (-6899.547) [-6880.004] (-6886.064) (-6920.482) -- 0:01:04
      365000 -- [-6882.193] (-6894.637) (-6895.943) (-6900.018) -- 0:01:02
      370000 -- (-6898.772) [-6883.121] (-6891.258) (-6888.268) -- 0:00:59
      375000 -- [-6890.768] (-6900.011) (-6893.662) (-6902.605) -- 0:00:57
      380000 -- (-6903.873) [-6883.140] (-6901.179) (-6905.031) -- 0:00:54
      385000 -- [-6881.769] (-6900.364) (-6883.810) (-6885.448) -- 0:00:52
      390000 -- (-6888.402) [-6883.026] (-6905.242) (-6897.122) -- 0:00:49
      395000 -- [-6893.708] (-6883.914) (-6894.756) (-6890.785) -- 0:00:47
      400000 -- (-6889.892) (-6889.947) (-6890.439) [-6889.045] -- 0:00:45
      405000 -- (-6897.430) [-6878.766] (-6897.565) (-6894.344) -- 0:00:42
      410000 -- (-6899.985) [-6896.227] (-6884.417) (-6925.850) -- 0:00:40
      415000 -- (-6902.533) (-6886.581) [-6888.825] (-6896.972) -- 0:00:38
      420000 -- [-6885.003] (-6901.487) (-6911.879) (-6889.992) -- 0:00:35
      425000 -- (-6891.016) (-6905.506) [-6886.629] (-6896.131) -- 0:00:33
      430000 -- (-6901.437) (-6902.052) (-6887.351) [-6887.019] -- 0:00:31
      435000 -- (-6899.893) (-6894.996) (-6908.658) [-6882.744] -- 0:00:28
      440000 -- (-6882.804) (-6891.715) (-6891.469) [-6887.977] -- 0:00:26
      445000 -- (-6891.258) (-6882.674) (-6894.011) [-6885.208] -- 0:00:24
      450000 -- (-6885.152) (-6903.183) (-6905.882) [-6891.342] -- 0:00:21
      455000 -- (-6891.168) (-6881.862) (-6925.038) [-6893.903] -- 0:00:19
      460000 -- (-6891.579) (-6889.250) (-6918.039) [-6885.686] -- 0:00:17
      465000 -- (-6909.628) (-6894.703) (-6890.380) [-6880.848] -- 0:00:15
      470000 -- [-6879.647] (-6886.921) (-6918.607) (-6891.723) -- 0:00:13
      475000 -- [-6887.435] (-6891.659) (-6902.711) (-6895.342) -- 0:00:10
      480000 -- [-6880.517] (-6900.682) (-6900.582) (-6892.772) -- 0:00:08
      485000 -- [-6884.643] (-6890.861) (-6907.927) (-6902.159) -- 0:00:06
      490000 -- (-6897.809) (-6927.315) [-6886.672] (-6894.579) -- 0:00:04
      495000 -- (-6902.924) (-6896.985) (-6899.954) [-6877.512] -- 0:00:02
      500000 -- (-6907.179) (-6900.873) (-6885.631) [-6879.003] -- 0:00:00

      Analysis completed in 3 mins 34 seconds
      Analysis used 213.11 seconds of CPU time
      Log likelihood of best state for "cold" chain was -6870.40

      Acceptance rates for the moves in the "cold" chain:
         With prob.   (last 100)   chain accepted proposals by move
            13.5 %     ( 17 %)     Dirichlet(Pi)
            24.0 %     ( 29 %)     Slider(Pi)
             2.7 %     (  3 %)     ExtSPR(Tau,V)
             1.6 %     (  3 %)     ExtTBR(Tau,V)
             3.5 %     (  2 %)     NNI(Tau,V)
             1.7 %     (  1 %)     ParsSPR(Tau,V)
            26.8 %     ( 21 %)     Multiplier(V)
            36.5 %     ( 31 %)     Nodeslider(V)
            22.0 %     ( 27 %)     TLMultiplier(V)

      Chain swap information:

                  1      2      3      4 
           ------------------------------
         1 |          0.48   0.17   0.06 
         2 |  82991          0.52   0.24 
         3 |  83607  83534          0.58 
         4 |  83390  83576  82902        

      Upper diagonal: Proportion of successful state exchanges between chains
      Lower diagonal: Number of attempted state exchanges between chains

      Chain information:

        ID -- Heat 
       -----------
         1 -- 1.00  (cold chain)
         2 -- 0.83 
         3 -- 0.71 
         4 -- 0.62 

      Heat = 1 / (1 + T * (ID - 1))
         (where T = 0.20 is the temperature and ID is the chain number)

      Summarizing trees in file "data/DS1.nex.t"
      Using relative burnin ('relburnin=yes'), discarding the first 25 % of sampled trees
      Writing statistics to files data/DS1.nex.<parts|tstat|vstat|trprobs|con>
      Examining file ...
      Found one tree block in file "data/DS1.nex.t" with 1001 trees in last block

      Tree reading status:

      0      10      20      30      40      50      60      70      80      90     100
      v-------v-------v-------v-------v-------v-------v-------v-------v-------v-------v
      *********************************************************************************

      Read 1001 trees from last tree block (sampling 751 of them)
                                                                                   
      General explanation:                                                          
                                                                                   
      In an unrooted tree, a taxon bipartition (split) is specified by removing a   
      branch, thereby dividing the species into those to the left and those to the  
      right of the branch. Here, taxa to one side of the removed branch are denoted 
      '.' and those to the other side are denoted '*'. Specifically, the '.' symbol 
      is used for the taxa on the same side as the outgroup.                        
                                                                                   
      In a rooted or clock tree, the tree is rooted using the model and not by      
      reference to an outgroup. Each bipartition therefore corresponds to a clade,  
      that is, a group that includes all the descendants of a particular branch in  
      the tree.  Taxa that are included in each clade are denoted using '*', and    
      taxa that are not included are denoted using the '.' symbol.                  
                                                                                   
      The output first includes a key to all the bipartitions with frequency larger 
      or equual to (Minpartfreq) in at least one run. Minpartfreq is a parameter to 
      sumt command and currently it is set to 0.10.  This is followed by a table  
      with statistics for the informative bipartitions (those including at least    
      two taxa), sorted from highest to lowest probability. For each bipartition,   
      the table gives the number of times the partition or split was observed in all
      runs (#obs) and the posterior probability of the bipartition (Probab.), which 
      is the same as the split frequency. If several runs are summarized, this is   
      followed by the minimum split frequency (Min(s)), the maximum frequency       
      (Max(s)), and the standard deviation of frequencies (Stddev(s)) across runs.  
      The latter value should approach 0 for all bipartitions as MCMC runs converge.
                                                                                   
      This is followed by a table summarizing branch lengths, node heights (if a    
      clock model was used) and relaxed clock parameters (if a relaxed clock model  
      was used). The mean, variance, and 95 % credible interval are given for each 
      of these parameters. If several runs are summarized, the potential scale      
      reduction factor (PSRF) is also given; it should approach 1 as runs converge. 
      Node heights will take calibration points into account, if such points were   
      used in the analysis.                                                         
                                                                                    
      Note that Stddev may be unreliable if the partition is not present in all     
      runs (the last column indicates the number of runs that sampled the partition 
      if more than one run is summarized). The PSRF is not calculated at all if     
      the partition is not present in all runs.The PSRF is also sensitive to small  
      sample sizes and it should only be considered a rough guide to convergence    
      since some of the assumptions allowing one to interpret it as a true potential
      scale reduction factor are violated in MrBayes.                               
                                                                                    
      List of taxa in bipartitions:                                                 
                                                                                   
         1 -- Hyla_cinerea
         2 -- Bufo_valliceps
         3 -- Amphiuma_tridactylum
         4 -- Ambystoma_mexicanum
         5 -- Siren_intermedia
         6 -- Typhlonectes_natans
         7 -- Turdus_migratorius
         8 -- Heterodon_platyrhinos
         9 -- Trachemys_scripta
        10 -- Alligator_mississippiensis
        11 -- Discoglossus_pictus
        12 -- Nesomantis_thomasseti
        13 -- Ichthyophis_bannanicus
        14 -- Hypogeophis_rostratus
        15 -- Grandisonia_alternans
        16 -- Plethodon_yonhalossee
        17 -- Mus_musculus
        18 -- Homo_sapiens
        19 -- Eleutherodactylus_cuneatus
        20 -- Scaphiopus_holbrooki
        21 -- Oryctolagus_cuniculus
        22 -- Xenopus_laevis
        23 -- Sceloporus_undulatus
        24 -- Gallus_gallus
        25 -- Gastrophryne_carolinensis
        26 -- Latimeria_chalumnae
        27 -- Rattus_norvegicus

      Key to taxon bipartitions (saved to file "data/DS1.nex.parts"):

      ID -- Partition
      ---------------------------------
       1 -- .**************************
       2 -- .*.........................
       3 -- ..*........................
       4 -- ...*.......................
       5 -- ....*......................
       6 -- .....*.....................
       7 -- ......*....................
       8 -- .......*...................
       9 -- ........*..................
      10 -- .........*.................
      11 -- ..........*................
      12 -- ...........*...............
      13 -- ............*..............
      14 -- .............*.............
      15 -- ..............*............
      16 -- ...............*...........
      17 -- ................*..........
      18 -- .................*.........
      19 -- ..................*........
      20 -- ...................*.......
      21 -- ....................*......
      22 -- .....................*.....
      23 -- ......................*....
      24 -- .......................*...
      25 -- ........................*..
      26 -- .........................*.
      27 -- ..........................*
      28 -- ................**..*.....*
      29 -- ......****......**..*.**.**
      30 -- ................**........*
      31 -- ................*.........*
      32 -- ...**......................
      33 -- ......****......**..****.**
      34 -- .......*..............*....
      35 -- ......****............**...
      36 -- ......*................*...
      37 -- .......***............*....
      38 -- ......****......**..*.**..*
      39 -- ........**.................
      40 -- ..****....*.****...*.......
      41 -- ..*..........**............
      42 -- ...........*......*........
      43 -- ..*************************
      44 -- ..*.........***............
      45 -- ...***.....................
      46 -- ...............*...*.......
      47 -- ...........*......*.....*..
      48 -- ..*.........****...*.......
      49 -- ..*.......*.****...*.......
      50 -- ..*********.******.*****.**
      51 -- ..*...........*............
      52 -- .............**............
      53 -- ..****....******..**....*..
      54 -- ..****....*.***............
      55 -- ...***....*................
      56 -- ..****....******..**.......
      ---------------------------------

      Summary statistics for informative taxon bipartitions
         (saved to file "data/DS1.nex.tstat"):

      ID   #obs    Probab.
      --------------------
      28   751    1.000000
      29   751    1.000000
      30   751    1.000000
      31   751    1.000000
      32   751    1.000000
      33   751    1.000000
      34   751    1.000000
      35   751    1.000000
      36   751    1.000000
      37   751    1.000000
      38   751    1.000000
      39   750    0.998668
      40   747    0.994674
      41   744    0.990679
      42   738    0.982690
      43   697    0.928096
      44   673    0.896138
      45   672    0.894807
      46   645    0.858855
      47   597    0.794940
      48   592    0.788282
      49   590    0.785619
      50   562    0.748336
      51   407    0.541944
      52   344    0.458056
      53   170    0.226365
      54   159    0.211718
      55   138    0.183755
      56   121    0.161119
      --------------------

      Summary statistics for branch and node parameters
         (saved to file "data/DS1.nex.vstat"):

                                              95% HPD Interval
                                            --------------------
      Parameter      Mean       Variance     Lower       Upper       Median
      ---------------------------------------------------------------------
      length[1]     0.017080    0.000013    0.010426    0.024514    0.016757
      length[2]     0.014844    0.000012    0.009108    0.022410    0.014433
      length[3]     0.018439    0.000014    0.011369    0.025307    0.018314
      length[4]     0.004464    0.000003    0.001478    0.007712    0.004287
      length[5]     0.006999    0.000005    0.002771    0.011339    0.006826
      length[6]     0.005784    0.000005    0.002083    0.009967    0.005538
      length[7]     0.013064    0.000010    0.007654    0.019832    0.012725
      length[8]     0.008401    0.000005    0.004546    0.013182    0.008232
      length[9]     0.006037    0.000004    0.002700    0.010365    0.005812
      length[10]    0.002666    0.000002    0.000355    0.005348    0.002474
      length[11]    0.012026    0.000010    0.006025    0.018289    0.011765
      length[12]    0.016434    0.000016    0.008209    0.023269    0.016168
      length[13]    0.012004    0.000009    0.006951    0.018087    0.011657
      length[14]    0.004227    0.000004    0.000393    0.007904    0.003879
      length[15]    0.001061    0.000001    0.000002    0.003095    0.000743
      length[16]    0.007013    0.000006    0.002737    0.011906    0.006709
      length[17]    0.004068    0.000002    0.001281    0.007084    0.003879
      length[18]    0.003244    0.000002    0.000946    0.006112    0.003056
      length[19]    0.018574    0.000015    0.010868    0.025894    0.018580
      length[20]    0.004673    0.000005    0.000787    0.008979    0.004344
      length[21]    0.006723    0.000005    0.003008    0.010732    0.006447
      length[22]    0.003121    0.000002    0.000715    0.005868    0.003007
      length[23]    0.007105    0.000005    0.002826    0.011370    0.006854
      length[24]    0.004464    0.000004    0.001137    0.008468    0.004131
      length[25]    0.021438    0.000017    0.014245    0.029659    0.021243
      length[26]    0.022330    0.000013    0.015759    0.029445    0.022023
      length[27]    0.008883    0.000004    0.004659    0.012678    0.008817
      length[28]    0.024984    0.000016    0.017115    0.032611    0.024564
      length[29]    0.010094    0.000007    0.005375    0.014693    0.010012
      length[30]    0.004907    0.000003    0.001845    0.008500    0.004744
      length[31]    0.003600    0.000002    0.001240    0.006101    0.003420
      length[32]    0.005199    0.000005    0.001545    0.009761    0.004908
      length[33]    0.012204    0.000008    0.007290    0.018074    0.012008
      length[34]    0.004701    0.000003    0.001685    0.008116    0.004574
      length[35]    0.010858    0.000008    0.005633    0.016673    0.010697
      length[36]    0.016983    0.000012    0.010745    0.024121    0.016728
      length[37]    0.005291    0.000005    0.001454    0.009407    0.005024
      length[38]    0.014306    0.000009    0.008607    0.019934    0.014180
      length[39]    0.003349    0.000003    0.000580    0.006842    0.003069
      length[40]    0.009254    0.000010    0.003413    0.015695    0.009184
      length[41]    0.004596    0.000005    0.000799    0.009087    0.004213
      length[42]    0.006527    0.000007    0.002017    0.011768    0.006262
      length[43]    0.004611    0.000005    0.000557    0.008384    0.004375
      length[44]    0.003997    0.000005    0.000627    0.008478    0.003530
      length[45]    0.003317    0.000004    0.000197    0.007036    0.003041
      length[46]    0.006409    0.000007    0.001590    0.011330    0.006194
      length[47]    0.007061    0.000008    0.002434    0.012687    0.006649
      length[48]    0.006447    0.000007    0.001551    0.011576    0.005925
      length[49]    0.005803    0.000006    0.001655    0.010726    0.005465
      length[50]    0.004009    0.000004    0.000602    0.007450    0.003752
      length[51]    0.003041    0.000003    0.000222    0.006284    0.002680
      length[52]    0.003374    0.000003    0.000580    0.006877    0.003139
      length[53]    0.005647    0.000006    0.001211    0.010020    0.005573
      length[54]    0.004569    0.000005    0.001031    0.008390    0.004146
      length[55]    0.002982    0.000002    0.000350    0.005700    0.002786
      length[56]    0.004767    0.000006    0.000370    0.008640    0.004503
      ---------------------------------------------------------------------




      Clade credibility values:

      /---------------------------------------------------------- Hyla_cinerea (1)
      |                                                                               
      |---------------------------------------------------------- Bufo_valliceps (2)
      |                                                                               
      |                                                   /------ Amphiuma_tridac~ (3)
      |                                            /--54--+                           
      |                                            |      \------ Grandisonia_al~ (15)
      |                                      /--99-+                                  
      |                                      |     \------------- Hypogeophis_ro~ (14)
      |                               /--90--+                                        
      |                               |      \------------------- Ichthyophis_ba~ (13)
      |                         /--79-+                                               
      |                         |     |                   /------ Plethodon_yonh~ (16)
      |                         |     \---------86--------+                           
      |                  /--79--+                         \------ Scaphiopus_hol~ (20)
      |                  |      |                                                     
      |                  |      \-------------------------------- Discoglossus_p~ (11)
      |                  |                                                            
      |            /--99-+                                /------ Ambystoma_mexic~ (4)
      |            |     |                         /--100-+                           
      |            |     |                         |      \------ Siren_intermedia (5)
      +            |     \------------89-----------+                                  
      |            |                               \------------- Typhlonectes_na~ (6)
      |            |                                                                  
      |            |                                      /------ Turdus_migrator~ (7)
      |            |                         /-----100----+                           
      |            |                         |            \------ Gallus_gallus (24)
      |            |                         |                                        
      |            |                  /--100-+            /------ Heterodon_platy~ (8)
      |            |                  |      |     /--100-+                           
      |            |                  |      |     |      \------ Sceloporus_und~ (23)
      |     /--75--+                  |      \-100-+                                  
      |     |      |                  |            |      /------ Trachemys_scrip~ (9)
      |     |      |                  |            \--100-+                           
      |     |      |                  |                   \------ Alligator_miss~ (10)
      |     |      |            /-100-+                                               
      |     |      |            |     |                   /------ Mus_musculus (17)
      |     |      |            |     |            /--100-+                           
      |     |      |            |     |            |      \------ Rattus_norvegi~ (27)
      |     |      |            |     |      /-100-+                                  
      |     |      |     /--100-+     |      |     \------------- Homo_sapiens (18)
      \--93-+      |     |      |     \--100-+                                        
            |      |     |      |            \------------------- Oryctolagus_cu~ (21)
            |      \-100-+      |                                                     
            |            |      \-------------------------------- Latimeria_chal~ (26)
            |            |                                                            
            |            \--------------------------------------- Xenopus_laevis (22)
            |                                                                         
            |                                             /------ Nesomantis_tho~ (12)
            |                                      /--98--+                           
            |                                      |      \------ Eleutherodacty~ (19)
            \------------------79------------------+                                  
                                                   \------------- Gastrophryne_c~ (25)
                                                                                      

      Phylogram (based on average branch lengths):

      /----------- Hyla_cinerea (1)
      |                                                                               
      |---------- Bufo_valliceps (2)
      |                                                                               
      |                         /------------- Amphiuma_tridac~ (3)
      |                        /+                                                     
      |                        |\- Grandisonia_al~ (15)
      |                     /--+                                                      
      |                     |  \-- Hypogeophis_ro~ (14)
      |                  /--+                                                         
      |                  |  \-------- Ichthyophis_ba~ (13)
      |              /---+                                                            
      |              |   |    /---- Plethodon_yonh~ (16)
      |              |   \----+                                                       
      |           /--+        \--- Scaphiopus_hol~ (20)
      |           |  |                                                                
      |           |  \-------- Discoglossus_p~ (11)
      |           |                                                                   
      |    /------+    /--- Ambystoma_mexic~ (4)
      |    |      | /--+                                                              
      |    |      | |  \----- Siren_intermedia (5)
      +    |      \-+                                                                 
      |    |        \--- Typhlonectes_na~ (6)
      |    |                                                                          
      |    |                                          /--------- Turdus_migrator~ (7)
      |    |                               /----------+                               
      |    |                               |          \--- Gallus_gallus (24)
      |    |                               |                                          
      |    |                        /------+      /----- Heterodon_platy~ (8)
      |    |                        |      |   /--+                                   
      |    |                        |      |   |  \---- Sceloporus_und~ (23)
      |  /-+                        |      \---+                                      
      |  | |                        |          | /---- Trachemys_scrip~ (9)
      |  | |                        |          \-+                                    
      |  | |                        |            \- Alligator_miss~ (10)
      |  | |              /---------+                                                 
      |  | |              |         |                     /--- Mus_musculus (17)
      |  | |              |         |                   /-+                           
      |  | |              |         |                   | \------ Rattus_norvegi~ (27)
      |  | |              |         |                /--+                             
      |  | |        /-----+         |                |  \-- Homo_sapiens (18)
      \--+ |        |     |         \----------------+                                
         | |        |     |                          \---- Oryctolagus_cu~ (21)
         | \--------+     |                                                           
         |          |     \--------------- Latimeria_chal~ (26)
         |          |                                                                 
         |          \-- Xenopus_laevis (22)
         |                                                                            
         |        /----------- Nesomantis_tho~ (12)
         |   /----+                                                                   
         |   |    \------------ Eleutherodacty~ (19)
         \---+                                                                        
             \--------------- Gastrophryne_c~ (25)
                                                                                      
      |------------| 0.020 expected changes per site

      Calculating tree probabilities...

      Credible sets of trees (75 trees sampled):
         50 % credible set contains 2 trees
         90 % credible set contains 23 trees
         95 % credible set contains 40 trees
         99 % credible set contains 68 trees

      Summarizing parameters in file data/DS1.nex.p
      Writing summary statistics to file data/DS1.nex.pstat
      Using relative burnin ('relburnin=yes'), discarding the first 25 % of samples

      Below is a rough plot of the generation (x-axis) versus the log   
      probability of observing the data (y-axis). You can use this      
      graph to determine what the burn in for your analysis should be.  
      When the log probability starts to plateau you may be at station- 
      arity. Sample trees and parameters after the log probability      
      plateaus. Of course, this is not a guarantee that you are at sta- 
      analysis should be. When the log probability starts to plateau    
      tionarity. When possible, run multiple analyses starting from dif-
      ferent random trees; if the inferences you make for independent   
      analyses are the same, this is reasonable evidence that the chains
      have converged. You can use MrBayes to run several independent    
      analyses simultaneously. During such a run, MrBayes will monitor  
      the convergence of topologies. After the run has been completed,  
      the 'sumt' and 'sump' functions will provide additional conver-   
      gence diagnostics for all the parameters in your model. Remember  
      that the burn in is the number of samples to discard. There are   
      a total of ngen / samplefreq samples taken during a MCMC analysis.

   +------------------------------------------------------------+ -6883.055
   |                       *                 *                  |
   |                                *                           |
   |    *        *                                        *     |
   |                *                     * *                   |
   |                 *          *                 ** *     *    |
   |           *  **          *      *  *       *        *      |
   |   *   *           ***            *       *     * **    *   |
   |  *  *    *             *     **     * *                   *|
   | *          *                      *                        |
   |      *  *        *                          *      *       |
   |*                     *  * *                              * |
   |        *                                                   |
   |                             *             *                |
   |                                                            |
   |                                                         *  |
   +------+-----+-----+-----+-----+-----+-----+-----+-----+-----+ -6891.718
   ^                                                            ^
   125000                                                      500000


      Estimated marginal likelihoods for run sampled in file "data/DS1.nex.p":
         (Use the harmonic mean for Bayes factor comparisons of models)
         (Values are saved to the file data/DS1.nex.lstat)

      Arithmetic mean   Harmonic mean
      --------------------------------
         -6878.80         -6903.86
      --------------------------------


      Model parameter summaries for run sampled in file "data/DS1.nex":
         Based on a total of 751 samples out of a total of 1001 samples
            from this analysis.
         Parameter summaries saved to file "data/DS1.nex.pstat".

                                            95% HPD Interval
                                          --------------------
      Parameter      Mean      Variance     Lower       Upper       Median     ESS*
      -------------------------------------------------------------------------------
      TL          0.434942    0.000282    0.399660    0.463670    0.433710    751.00
      pi(A)       0.194998    0.000058    0.179308    0.208616    0.195196    466.44
      pi(C)       0.277003    0.000073    0.261015    0.292663    0.276569    191.41
      pi(G)       0.281911    0.000075    0.266510    0.300555    0.281934    388.06
      pi(T)       0.246088    0.000068    0.230934    0.261593    0.246147    511.86
      -------------------------------------------------------------------------------
      * Convergence diagnostic (ESS = Estimated Sample Size); ESS value 
        below 100 may indicate that the parameter is undersampled. 


   Exiting mrbayes block
   Reached end of file

   Tasks completed, exiting program because mode is noninteractive
   To return control to the command line after completion of file processing, 
   set mode to interactive with 'mb -i <filename>' (i is for interactive)
   or use 'set mode=interactive'

