

                            MrBayes 3.2.7 x86_64

                      (Bayesian Analysis of Phylogeny)

              Distributed under the GNU General Public License


               Type "help" or "help <command>" for information
                     on the commands that are available.

                   Type "about" for authorship and general
                       information about the program.



   Executing file "DS1_for_mb.nex"
   UNIX line termination
   Longest line length = 1978
   Parsing file
   Expecting NEXUS formatted file
   Reading data block
      Allocated taxon set
      Allocated matrix
      Defining new matrix with 27 taxa and 1949 characters
      Data is Dna
      Missing data coded as ?
      Gaps coded as -
      Taxon  1 -> Amphiuma_tridactylum
      Taxon  2 -> Rattus_norvegicus
      Taxon  3 -> Nesomantis_thomasseti
      Taxon  4 -> Turdus_migratorius
      Taxon  5 -> Latimeria_chalumnae
      Taxon  6 -> Ambystoma_mexicanum
      Taxon  7 -> Heterodon_platyrhinos
      Taxon  8 -> Bufo_valliceps
      Taxon  9 -> Gastrophryne_carolinensis
      Taxon 10 -> Ichthyophis_bannanicus
      Taxon 11 -> Eleutherodactylus_cuneatus
      Taxon 12 -> Xenopus_laevis
      Taxon 13 -> Hyla_cinerea
      Taxon 14 -> Scaphiopus_holbrooki
      Taxon 15 -> Trachemys_scripta
      Taxon 16 -> Oryctolagus_cuniculus
      Taxon 17 -> Hypogeophis_rostratus
      Taxon 18 -> Discoglossus_pictus
      Taxon 19 -> Gallus_gallus
      Taxon 20 -> Typhlonectes_natans
      Taxon 21 -> Homo_sapiens
      Taxon 22 -> Sceloporus_undulatus
      Taxon 23 -> Mus_musculus
      Taxon 24 -> Siren_intermedia
      Taxon 25 -> Grandisonia_alternans
      Taxon 26 -> Alligator_mississippiensis
      Taxon 27 -> Plethodon_yonhalossee
      Successfully read matrix
      Setting default partition (does not divide up characters)
      Setting model defaults
      Seed (for generating default start values) = 1772035414
      Setting output file names to "DS1_for_mb.nex.run<i>.<p|t>"
   Exiting data block
   Reading mrbayes block
      Setting autoclose to yes
      Setting nowarnings to yes
      Setting Nst to 1
      Setting Rates to Equal
      Successfully set likelihood model parameters
      Setting Brlenspr to Unconstrained:Exponential(10.00)
      Setting Statefreqpr to Fixed(Equal)
      Successfully set prior model parameters
      Setting number of generations to 2000000
      Setting sample frequency to 1000
      Setting burnin fraction to 0.25
      Setting number of chains to 4
      Setting print frequency to 50000
      Setting diagnosing frequency to 10000
      Successfully set chain parameters
      Running Markov chain
      MCMC stamp = 6894139678
      Seed = 1271648883
      Swapseed = 1772035414
      Model settings:

         Data not partitioned --
            Datatype  = DNA
            Nucmodel  = 4by4
            Nst       = 1
            Covarion  = No
            # States  = 4
                        State frequencies are fixed to be equal
            Rates     = Equal

      Active parameters: 

         Parameters
         ---------------------
         Statefreq           1
         Ratemultiplier      2
         Topology            3
         Brlens              4
         ---------------------

         1 --  Parameter  = Pi
               Type       = Stationary state frequencies
               Prior      = Fixed

         2 --  Parameter  = Ratemultiplier
               Type       = Partition-specific rate multiplier
               Prior      = Fixed(1.0)

         3 --  Parameter  = Tau
               Type       = Topology
               Prior      = All topologies equally probable a priori
               Subparam.  = V

         4 --  Parameter  = V
               Type       = Branch lengths
               Prior      = Unconstrained:Exponential(10.0)



      The MCMC sampler will use the following moves:
         With prob.  Chain will use move
           10.00 %   ExtSPR(Tau,V)
           10.00 %   ExtTBR(Tau,V)
           10.00 %   NNI(Tau,V)
           10.00 %   ParsSPR(Tau,V)
           40.00 %   Multiplier(V)
           14.00 %   Nodeslider(V)
            6.00 %   TLMultiplier(V)

      Division 1 has 934 unique site patterns
      Initializing conditional likelihoods

      Running benchmarks to automatically select fastest BEAGLE resource...       Failed to start BEAGLE instance
      Using standard FMA likelihood calculator for division 1 (single-precision)

      Initial log likelihoods and log prior probs for run 1:
         Chain 1 -- -9818.657646 -- 34.086358
         Chain 2 -- -9694.915973 -- 34.086358
         Chain 3 -- -9508.337803 -- 34.086358
         Chain 4 -- -9711.527013 -- 34.086358

      Initial log likelihoods and log prior probs for run 2:
         Chain 1 -- -9654.517151 -- 34.086358
         Chain 2 -- -9731.683869 -- 34.086358
         Chain 3 -- -9689.338488 -- 34.086358
         Chain 4 -- -9700.549740 -- 34.086358


      Using a relative burnin of 25.0 % for diagnostics

      Chain results (2000000 generations requested):

          0 -- [-9818.658] (-9694.916) (-9508.338) (-9711.527) * [-9654.517] (-9731.684) (-9689.338) (-9700.550) 

      Average standard deviation of split frequencies: 0.192847


      Average standard deviation of split frequencies: 0.095583


      Average standard deviation of split frequencies: 0.059744


      Average standard deviation of split frequencies: 0.027225

      50000 -- (-6921.077) (-6949.722) [-6913.468] (-6926.856) * (-6919.862) [-6911.350] (-6918.239) (-6912.516) -- 0:24:03

      Average standard deviation of split frequencies: 0.015865


      Average standard deviation of split frequencies: 0.019835


      Average standard deviation of split frequencies: 0.018163


      Average standard deviation of split frequencies: 0.023932


      Average standard deviation of split frequencies: 0.021488

      100000 -- (-6914.195) (-6932.941) (-6910.972) [-6910.046] * [-6912.599] (-6912.827) (-6914.371) (-6917.863) -- 0:23:26

      Average standard deviation of split frequencies: 0.028843


      Average standard deviation of split frequencies: 0.031708


      Average standard deviation of split frequencies: 0.042863


      Average standard deviation of split frequencies: 0.042409


      Average standard deviation of split frequencies: 0.050448

      150000 -- [-6919.702] (-6957.982) (-6919.158) (-6908.955) * [-6915.638] (-6929.789) (-6918.482) (-6915.135) -- 0:22:49

      Average standard deviation of split frequencies: 0.051366


      Average standard deviation of split frequencies: 0.051275


      Average standard deviation of split frequencies: 0.044365


      Average standard deviation of split frequencies: 0.039750


      Average standard deviation of split frequencies: 0.042293

      200000 -- [-6906.858] (-6955.269) (-6920.142) (-6909.742) * [-6909.048] (-6911.695) (-6915.494) (-6928.774) -- 0:22:12

      Average standard deviation of split frequencies: 0.036858


      Average standard deviation of split frequencies: 0.035022


      Average standard deviation of split frequencies: 0.033013


      Average standard deviation of split frequencies: 0.029209


      Average standard deviation of split frequencies: 0.024574

      250000 -- [-6909.933] (-6913.599) (-6920.054) (-6907.626) * (-6902.356) [-6903.975] (-6928.532) (-6929.863) -- 0:21:35

      Average standard deviation of split frequencies: 0.025605


      Average standard deviation of split frequencies: 0.023563


      Average standard deviation of split frequencies: 0.020039


      Average standard deviation of split frequencies: 0.024648


      Average standard deviation of split frequencies: 0.023711

      300000 -- (-6921.262) (-6919.285) (-6910.274) [-6903.286] * (-6913.678) (-6917.177) (-6911.139) [-6922.979] -- 0:20:58

      Average standard deviation of split frequencies: 0.022195


      Average standard deviation of split frequencies: 0.022853


      Average standard deviation of split frequencies: 0.022005


      Average standard deviation of split frequencies: 0.017749


      Average standard deviation of split frequencies: 0.015278

      350000 -- [-6905.911] (-6913.253) (-6919.400) (-6916.936) * (-6912.160) (-6927.051) [-6913.801] (-6928.211) -- 0:20:25

      Average standard deviation of split frequencies: 0.014731


      Average standard deviation of split frequencies: 0.014477


      Average standard deviation of split frequencies: 0.013227


      Average standard deviation of split frequencies: 0.011821


      Average standard deviation of split frequencies: 0.010008

      400000 -- [-6918.925] (-6928.465) (-6918.452) (-6926.474) * (-6915.881) (-6917.245) (-6905.419) [-6912.707] -- 0:19:48

      Average standard deviation of split frequencies: 0.011519


      Average standard deviation of split frequencies: 0.014159


      Average standard deviation of split frequencies: 0.014755


      Average standard deviation of split frequencies: 0.015488


      Average standard deviation of split frequencies: 0.016222

      450000 -- (-6916.915) [-6909.294] (-6928.844) (-6920.949) * [-6918.164] (-6904.385) (-6922.679) (-6928.511) -- 0:19:10

      Average standard deviation of split frequencies: 0.014736


      Average standard deviation of split frequencies: 0.013844


      Average standard deviation of split frequencies: 0.013016


      Average standard deviation of split frequencies: 0.011879


      Average standard deviation of split frequencies: 0.012301

      500000 -- (-6913.642) [-6913.405] (-6914.904) (-6917.943) * (-6929.719) (-6917.696) [-6904.945] (-6915.037) -- 0:18:33

      Average standard deviation of split frequencies: 0.012194


      Average standard deviation of split frequencies: 0.012058


      Average standard deviation of split frequencies: 0.012776


      Average standard deviation of split frequencies: 0.013606


      Average standard deviation of split frequencies: 0.015338

      550000 -- [-6925.240] (-6927.045) (-6916.558) (-6927.630) * (-6912.120) [-6916.749] (-6912.648) (-6916.841) -- 0:17:58

      Average standard deviation of split frequencies: 0.014931


      Average standard deviation of split frequencies: 0.014954


      Average standard deviation of split frequencies: 0.013824


      Average standard deviation of split frequencies: 0.013288


      Average standard deviation of split frequencies: 0.012432

      600000 -- (-6914.542) [-6901.751] (-6932.652) (-6925.259) * (-6921.823) [-6917.276] (-6916.218) (-6917.352) -- 0:17:20

      Average standard deviation of split frequencies: 0.015577


      Average standard deviation of split frequencies: 0.019729


      Average standard deviation of split frequencies: 0.022369


      Average standard deviation of split frequencies: 0.024157


      Average standard deviation of split frequencies: 0.025418

      650000 -- (-6928.909) (-6914.359) [-6914.941] (-6924.406) * [-6911.998] (-6925.034) (-6915.365) (-6925.974) -- 0:16:45

      Average standard deviation of split frequencies: 0.026122


      Average standard deviation of split frequencies: 0.026489


      Average standard deviation of split frequencies: 0.027426


      Average standard deviation of split frequencies: 0.027586


      Average standard deviation of split frequencies: 0.027205

      700000 -- (-6920.423) (-6918.372) (-6919.100) [-6913.595] * (-6910.742) (-6922.250) [-6909.251] (-6917.830) -- 0:16:07

      Average standard deviation of split frequencies: 0.027840


      Average standard deviation of split frequencies: 0.026782


      Average standard deviation of split frequencies: 0.026689


      Average standard deviation of split frequencies: 0.028497


      Average standard deviation of split frequencies: 0.029688

      750000 -- (-6920.498) (-6919.981) (-6910.788) [-6908.483] * (-6917.413) (-6913.842) (-6916.227) [-6910.841] -- 0:15:31

      Average standard deviation of split frequencies: 0.030677


      Average standard deviation of split frequencies: 0.029914


      Average standard deviation of split frequencies: 0.030646


      Average standard deviation of split frequencies: 0.031562


      Average standard deviation of split frequencies: 0.031806

      800000 -- (-6919.708) (-6911.068) (-6913.663) [-6914.968] * (-6932.052) [-6908.152] (-6921.244) (-6920.422) -- 0:14:54

      Average standard deviation of split frequencies: 0.032943


      Average standard deviation of split frequencies: 0.034724


      Average standard deviation of split frequencies: 0.035513


      Average standard deviation of split frequencies: 0.037076


      Average standard deviation of split frequencies: 0.037716

      850000 -- [-6907.068] (-6908.084) (-6918.652) (-6923.373) * (-6923.294) (-6937.326) [-6907.596] (-6912.320) -- 0:14:17

      Average standard deviation of split frequencies: 0.038108


      Average standard deviation of split frequencies: 0.038071


      Average standard deviation of split frequencies: 0.039025


      Average standard deviation of split frequencies: 0.038812


      Average standard deviation of split frequencies: 0.039735

      900000 -- (-6923.355) (-6922.598) [-6902.158] (-6910.703) * [-6921.175] (-6914.074) (-6903.588) (-6922.691) -- 0:13:40

      Average standard deviation of split frequencies: 0.039324


      Average standard deviation of split frequencies: 0.039187


      Average standard deviation of split frequencies: 0.039142


      Average standard deviation of split frequencies: 0.038870


      Average standard deviation of split frequencies: 0.038363

      950000 -- (-6924.229) (-6919.275) (-6918.500) [-6913.458] * (-6925.956) (-6915.587) [-6911.668] (-6909.834) -- 0:13:03

      Average standard deviation of split frequencies: 0.039314


      Average standard deviation of split frequencies: 0.039467


      Average standard deviation of split frequencies: 0.038211


      Average standard deviation of split frequencies: 0.038750


      Average standard deviation of split frequencies: 0.036980

      1000000 -- (-6918.059) (-6921.798) [-6916.450] (-6916.741) * (-6913.351) (-6918.717) (-6918.297) [-6914.199] -- 0:12:26

      Average standard deviation of split frequencies: 0.036407


      Average standard deviation of split frequencies: 0.035825


      Average standard deviation of split frequencies: 0.035134


      Average standard deviation of split frequencies: 0.034827


      Average standard deviation of split frequencies: 0.033198

      1050000 -- (-6919.435) (-6913.584) [-6906.018] (-6922.384) * (-6918.530) [-6924.306] (-6922.348) (-6917.125) -- 0:11:48

      Average standard deviation of split frequencies: 0.033214


      Average standard deviation of split frequencies: 0.032410


      Average standard deviation of split frequencies: 0.031875


      Average standard deviation of split frequencies: 0.031520


      Average standard deviation of split frequencies: 0.030925

      1100000 -- (-6910.860) (-6920.980) (-6911.121) [-6903.257] * (-6923.862) (-6933.999) [-6911.426] (-6908.186) -- 0:11:11

      Average standard deviation of split frequencies: 0.030507


      Average standard deviation of split frequencies: 0.031216


      Average standard deviation of split frequencies: 0.030421


      Average standard deviation of split frequencies: 0.029024


      Average standard deviation of split frequencies: 0.028812

      1150000 -- (-6926.569) [-6907.222] (-6908.933) (-6937.361) * (-6928.710) (-6914.671) (-6918.574) [-6906.651] -- 0:10:34

      Average standard deviation of split frequencies: 0.029339


      Average standard deviation of split frequencies: 0.028586


      Average standard deviation of split frequencies: 0.028277


      Average standard deviation of split frequencies: 0.029360


      Average standard deviation of split frequencies: 0.029768

      1200000 -- (-6916.867) (-6909.282) (-6909.238) [-6915.134] * (-6928.560) (-6930.185) [-6913.945] (-6921.323) -- 0:09:57

      Average standard deviation of split frequencies: 0.028847


      Average standard deviation of split frequencies: 0.029631


      Average standard deviation of split frequencies: 0.030059


      Average standard deviation of split frequencies: 0.029799


      Average standard deviation of split frequencies: 0.030611

      1250000 -- [-6917.104] (-6908.698) (-6925.513) (-6920.834) * [-6908.598] (-6931.631) (-6905.841) (-6910.135) -- 0:09:19

      Average standard deviation of split frequencies: 0.030875


      Average standard deviation of split frequencies: 0.032051


      Average standard deviation of split frequencies: 0.032501


      Average standard deviation of split frequencies: 0.032598


      Average standard deviation of split frequencies: 0.033700

      1300000 -- [-6906.231] (-6920.991) (-6911.531) (-6927.337) * (-6913.102) (-6929.043) [-6914.899] (-6922.170) -- 0:08:42

      Average standard deviation of split frequencies: 0.034424


      Average standard deviation of split frequencies: 0.035429


      Average standard deviation of split frequencies: 0.035979


      Average standard deviation of split frequencies: 0.036227


      Average standard deviation of split frequencies: 0.036316

      1350000 -- (-6924.649) (-6915.964) (-6916.508) [-6910.906] * (-6925.697) [-6913.868] (-6925.157) (-6913.482) -- 0:08:05

      Average standard deviation of split frequencies: 0.036473


      Average standard deviation of split frequencies: 0.037251


      Average standard deviation of split frequencies: 0.038295


      Average standard deviation of split frequencies: 0.038222


      Average standard deviation of split frequencies: 0.038299

      1400000 -- (-6939.959) (-6913.046) (-6909.072) [-6909.298] * (-6912.428) (-6921.310) (-6917.679) [-6912.839] -- 0:07:27

      Average standard deviation of split frequencies: 0.038451


      Average standard deviation of split frequencies: 0.038545


      Average standard deviation of split frequencies: 0.038955


      Average standard deviation of split frequencies: 0.038805


      Average standard deviation of split frequencies: 0.038375

      1450000 -- [-6914.617] (-6912.909) (-6914.009) (-6909.191) * (-6923.771) (-6909.768) [-6909.094] (-6918.008) -- 0:06:50

      Average standard deviation of split frequencies: 0.038369


      Average standard deviation of split frequencies: 0.038397


      Average standard deviation of split frequencies: 0.038197


      Average standard deviation of split frequencies: 0.038438


      Average standard deviation of split frequencies: 0.039025

      1500000 -- (-6926.422) (-6933.536) [-6909.213] (-6917.450) * (-6917.832) (-6913.637) (-6910.763) [-6910.340] -- 0:06:13

      Average standard deviation of split frequencies: 0.039677


      Average standard deviation of split frequencies: 0.040399


      Average standard deviation of split frequencies: 0.041202


      Average standard deviation of split frequencies: 0.041196


      Average standard deviation of split frequencies: 0.042710

      1550000 -- (-6915.157) [-6911.699] (-6908.694) (-6909.665) * [-6913.795] (-6924.127) (-6927.284) (-6912.426) -- 0:05:36

      Average standard deviation of split frequencies: 0.043810


      Average standard deviation of split frequencies: 0.045111


      Average standard deviation of split frequencies: 0.046410


      Average standard deviation of split frequencies: 0.047048


      Average standard deviation of split frequencies: 0.047778

      1600000 -- (-6927.870) (-6916.606) (-6913.949) [-6910.050] * [-6908.894] (-6918.851) (-6920.531) (-6915.454) -- 0:04:58

      Average standard deviation of split frequencies: 0.048798


      Average standard deviation of split frequencies: 0.049095


      Average standard deviation of split frequencies: 0.049188


      Average standard deviation of split frequencies: 0.049326


      Average standard deviation of split frequencies: 0.049146

      1650000 -- [-6916.132] (-6916.859) (-6909.134) (-6932.290) * (-6923.561) (-6920.915) [-6908.619] (-6918.733) -- 0:04:21

      Average standard deviation of split frequencies: 0.049333


      Average standard deviation of split frequencies: 0.049156


      Average standard deviation of split frequencies: 0.048593


      Average standard deviation of split frequencies: 0.047631


      Average standard deviation of split frequencies: 0.047576

      1700000 -- (-6914.734) (-6916.564) (-6913.572) [-6908.652] * [-6907.917] (-6913.455) (-6904.518) (-6914.485) -- 0:03:44

      Average standard deviation of split frequencies: 0.046892


      Average standard deviation of split frequencies: 0.046648


      Average standard deviation of split frequencies: 0.046411


      Average standard deviation of split frequencies: 0.046061


      Average standard deviation of split frequencies: 0.045735

      1750000 -- (-6908.557) [-6906.665] (-6911.109) (-6929.040) * (-6908.178) (-6917.472) (-6912.820) [-6907.342] -- 0:03:06

      Average standard deviation of split frequencies: 0.046002


      Average standard deviation of split frequencies: 0.045483


      Average standard deviation of split frequencies: 0.045209


      Average standard deviation of split frequencies: 0.044988


      Average standard deviation of split frequencies: 0.044720

      1800000 -- (-6928.816) (-6911.312) [-6911.111] (-6905.272) * [-6915.007] (-6908.096) (-6909.821) (-6923.364) -- 0:02:29

      Average standard deviation of split frequencies: 0.044013


      Average standard deviation of split frequencies: 0.043486


      Average standard deviation of split frequencies: 0.043404


      Average standard deviation of split frequencies: 0.043182


      Average standard deviation of split frequencies: 0.042786

      1850000 -- (-6913.009) (-6925.796) [-6910.918] (-6912.907) * (-6914.453) [-6913.172] (-6909.939) (-6901.896) -- 0:01:51

      Average standard deviation of split frequencies: 0.042556


      Average standard deviation of split frequencies: 0.042311


      Average standard deviation of split frequencies: 0.041959


      Average standard deviation of split frequencies: 0.041532


      Average standard deviation of split frequencies: 0.041220

      1900000 -- (-6939.904) (-6912.617) [-6909.171] (-6918.690) * (-6917.607) [-6920.292] (-6927.439) (-6920.150) -- 0:01:14

      Average standard deviation of split frequencies: 0.041110


      Average standard deviation of split frequencies: 0.040974


      Average standard deviation of split frequencies: 0.040790


      Average standard deviation of split frequencies: 0.040519


      Average standard deviation of split frequencies: 0.040461

      1950000 -- (-6925.203) (-6912.824) (-6905.031) [-6899.093] * (-6917.455) (-6913.360) [-6915.747] (-6919.082) -- 0:00:37

      Average standard deviation of split frequencies: 0.040164

      Average standard deviation of split frequencies: 0.039838

      Average standard deviation of split frequencies: 0.039488

      Average standard deviation of split frequencies: 0.039644

      Average standard deviation of split frequencies: 0.039446
      2000000 -- [-6916.018] (-6928.036) (-6917.561) (-6916.330) * (-6920.559) (-6925.187) [-6912.400] (-6913.910) -- 0:00:00

      Average standard deviation of split frequencies: 0.039042

      Analysis completed in 24 mins 54 seconds
      Analysis used 1487.04 seconds of CPU time
      Likelihood of best state for "cold" chain of run 1 was -6894.36
      Likelihood of best state for "cold" chain of run 2 was -6894.85

      Acceptance rates for the moves in the "cold" chain of run 1:
         With prob.   (last 100)   chain accepted proposals by move
             2.7 %     (  3 %)     ExtSPR(Tau,V)
             1.5 %     (  3 %)     ExtTBR(Tau,V)
             3.4 %     (  3 %)     NNI(Tau,V)
             1.7 %     (  1 %)     ParsSPR(Tau,V)
            25.8 %     ( 23 %)     Multiplier(V)
            36.4 %     ( 43 %)     Nodeslider(V)
            24.5 %     ( 29 %)     TLMultiplier(V)

      Acceptance rates for the moves in the "cold" chain of run 2:
         With prob.   (last 100)   chain accepted proposals by move
             2.7 %     (  3 %)     ExtSPR(Tau,V)
             1.6 %     (  0 %)     ExtTBR(Tau,V)
             3.7 %     (  1 %)     NNI(Tau,V)
             1.7 %     (  0 %)     ParsSPR(Tau,V)
            25.9 %     ( 27 %)     Multiplier(V)
            36.5 %     ( 39 %)     Nodeslider(V)
            24.8 %     ( 29 %)     TLMultiplier(V)

      Chain swap information for run 1:

                   1       2       3       4 
           ----------------------------------
         1 |            0.71    0.47    0.28 
         2 |  333006            0.72    0.47 
         3 |  333438  333644            0.71 
         4 |  333319  332971  333622         

      Chain swap information for run 2:

                   1       2       3       4 
           ----------------------------------
         1 |            0.71    0.48    0.31 
         2 |  333143            0.74    0.52 
         3 |  333479  333852            0.75 
         4 |  333697  333713  332116         

      Upper diagonal: Proportion of successful state exchanges between chains
      Lower diagonal: Number of attempted state exchanges between chains

      Chain information:

        ID -- Heat 
       -----------
         1 -- 1.00  (cold chain)
         2 -- 0.91 
         3 -- 0.83 
         4 -- 0.77 

      Heat = 1 / (1 + T * (ID - 1))
         (where T = 0.10 is the temperature and ID is the chain number)

      Setting urn-in to 500
      Summarizing trees in files "DS1_for_mb.nex.run1.t" and "DS1_for_mb.nex.run2.t"
      Using relative burnin ('relburnin=yes'), discarding the first 25 % of sampled trees
      Writing statistics to files DS1_for_mb.nex.<parts|tstat|vstat|trprobs|con>
      Examining first file ...
      Found one tree block in file "DS1_for_mb.nex.run1.t" with 2001 trees in last block
      Expecting the same number of trees in the last tree block of all files

      Tree reading status:

      0      10      20      30      40      50      60      70      80      90     100
      v-------v-------v-------v-------v-------v-------v-------v-------v-------v-------v
      *********************************************************************************

      Read a total of 4002 trees in 2 files (sampling 3002 of them)
         (Each file contained 2001 trees of which 1501 were sampled)
                                                                                   
      General explanation:                                                          
                                                                                   
      In an unrooted tree, a taxon bipartition (split) is specified by removing a   
      branch, thereby dividing the species into those to the left and those to the  
      right of the branch. Here, taxa to one side of the removed branch are denoted 
      '.' and those to the other side are denoted '*'. Specifically, the '.' symbol 
      is used for the taxa on the same side as the outgroup.                        
                                                                                   
      In a rooted or clock tree, the tree is rooted using the model and not by      
      reference to an outgroup. Each bipartition therefore corresponds to a clade,  
      that is, a group that includes all the descendants of a particular branch in  
      the tree.  Taxa that are included in each clade are denoted using '*', and    
      taxa that are not included are denoted using the '.' symbol.                  
                                                                                   
      The output first includes a key to all the bipartitions with frequency larger 
      or equual to (Minpartfreq) in at least one run. Minpartfreq is a parameter to 
      sumt command and currently it is set to 0.10.  This is followed by a table  
      with statistics for the informative bipartitions (those including at least    
      two taxa), sorted from highest to lowest probability. For each bipartition,   
      the table gives the number of times the partition or split was observed in all
      runs (#obs) and the posterior probability of the bipartition (Probab.), which 
      is the same as the split frequency. If several runs are summarized, this is   
      followed by the minimum split frequency (Min(s)), the maximum frequency       
      (Max(s)), and the standard deviation of frequencies (Stddev(s)) across runs.  
      The latter value should approach 0 for all bipartitions as MCMC runs converge.
                                                                                   
      This is followed by a table summarizing branch lengths, node heights (if a    
      clock model was used) and relaxed clock parameters (if a relaxed clock model  
      was used). The mean, variance, and 95 % credible interval are given for each 
      of these parameters. If several runs are summarized, the potential scale      
      reduction factor (PSRF) is also given; it should approach 1 as runs converge. 
      Node heights will take calibration points into account, if such points were   
      used in the analysis.                                                         
                                                                                    
      Note that Stddev may be unreliable if the partition is not present in all     
      runs (the last column indicates the number of runs that sampled the partition 
      if more than one run is summarized). The PSRF is not calculated at all if     
      the partition is not present in all runs.The PSRF is also sensitive to small  
      sample sizes and it should only be considered a rough guide to convergence    
      since some of the assumptions allowing one to interpret it as a true potential
      scale reduction factor are violated in MrBayes.                               
                                                                                    
      List of taxa in bipartitions:                                                 
                                                                                   
         1 -- Amphiuma_tridactylum
         2 -- Rattus_norvegicus
         3 -- Nesomantis_thomasseti
         4 -- Turdus_migratorius
         5 -- Latimeria_chalumnae
         6 -- Ambystoma_mexicanum
         7 -- Heterodon_platyrhinos
         8 -- Bufo_valliceps
         9 -- Gastrophryne_carolinensis
        10 -- Ichthyophis_bannanicus
        11 -- Eleutherodactylus_cuneatus
        12 -- Xenopus_laevis
        13 -- Hyla_cinerea
        14 -- Scaphiopus_holbrooki
        15 -- Trachemys_scripta
        16 -- Oryctolagus_cuniculus
        17 -- Hypogeophis_rostratus
        18 -- Discoglossus_pictus
        19 -- Gallus_gallus
        20 -- Typhlonectes_natans
        21 -- Homo_sapiens
        22 -- Sceloporus_undulatus
        23 -- Mus_musculus
        24 -- Siren_intermedia
        25 -- Grandisonia_alternans
        26 -- Alligator_mississippiensis
        27 -- Plethodon_yonhalossee

      Key to taxon bipartitions (saved to file "DS1_for_mb.nex.parts"):

      ID -- Partition
      ---------------------------------
       1 -- .**************************
       2 -- .*.........................
       3 -- ..*........................
       4 -- ...*.......................
       5 -- ....*......................
       6 -- .....*.....................
       7 -- ......*....................
       8 -- .......*...................
       9 -- ........*..................
      10 -- .........*.................
      11 -- ..........*................
      12 -- ...........*...............
      13 -- ............*..............
      14 -- .............*.............
      15 -- ..............*............
      16 -- ...............*...........
      17 -- ................*..........
      18 -- .................*.........
      19 -- ..................*........
      20 -- ...................*.......
      21 -- ....................*......
      22 -- .....................*.....
      23 -- ......................*....
      24 -- .......................*...
      25 -- ........................*..
      26 -- .........................*.
      27 -- ..........................*
      28 -- .*.*..*.......**..*.***..*.
      29 -- ...*..*.......*...*..*...*.
      30 -- ......*..............*.....
      31 -- ...*..............*........
      32 -- .*.............*....*.*....
      33 -- .*.**.*.......**..*.***..*.
      34 -- .....*.................*...
      35 -- .*.**.*....*..**..*.***..*.
      36 -- .*..................*.*....
      37 -- .*....................*....
      38 -- ......*.......*......*...*.
      39 -- ..............*..........*.
      40 -- .****.***.***.**..*.***..*.
      41 -- .***************.*******.**
      42 -- ..*.......*................
      43 -- .......*....*..............
      44 -- .********.******.*******.**
      45 -- .....*.............*...*...
      46 -- .............*............*
      47 -- ..*.....*.*................
      48 -- .********.***.**.*******.*.
      49 -- .********.***.**..******.*.
      50 -- ..*....**.*.*..............
      51 -- ................*.......*..
      52 -- .***********************.**
      53 -- .*.**.**...**.**..*.***..*.
      54 -- .****.***.******..*.***..**
      55 -- .....*...........*.*...*...
      56 -- .*.**.***..**.**..*.***..*.
      57 -- .****.***.***.**..*****..*.
      58 -- .************.**.*******.*.
      59 -- .****.***.***.**..*.***..**
      ---------------------------------

      Summary statistics for informative taxon bipartitions
         (saved to file "DS1_for_mb.nex.tstat"):

      ID   #obs    Probab.     Sd(s)+      Min(s)      Max(s)   Nruns 
      ----------------------------------------------------------------
      28  3002    1.000000    0.000000    1.000000    1.000000    2
      29  3002    1.000000    0.000000    1.000000    1.000000    2
      30  3002    1.000000    0.000000    1.000000    1.000000    2
      31  3002    1.000000    0.000000    1.000000    1.000000    2
      32  3002    1.000000    0.000000    1.000000    1.000000    2
      33  3002    1.000000    0.000000    1.000000    1.000000    2
      34  3002    1.000000    0.000000    1.000000    1.000000    2
      35  3002    1.000000    0.000000    1.000000    1.000000    2
      36  3002    1.000000    0.000000    1.000000    1.000000    2
      37  3002    1.000000    0.000000    1.000000    1.000000    2
      38  3001    0.999667    0.000471    0.999334    1.000000    2
      39  2999    0.999001    0.000471    0.998668    0.999334    2
      40  2997    0.998334    0.000471    0.998001    0.998668    2
      41  2953    0.983678    0.013662    0.974017    0.993338    2
      42  2951    0.983011    0.002355    0.981346    0.984677    2
      43  2854    0.950700    0.005653    0.946702    0.954697    2
      44  2645    0.881079    0.007066    0.876083    0.886076    2
      45  2604    0.867422    0.025439    0.849434    0.885410    2
      46  2562    0.853431    0.073490    0.801466    0.905396    2
      47  2156    0.718188    0.130963    0.625583    0.810793    2
      48  2147    0.715190    0.134261    0.620253    0.810127    2
      49  2129    0.709194    0.136145    0.612925    0.805463    2
      50  2022    0.673551    0.126252    0.584277    0.762825    2
      51  1758    0.585610    0.017901    0.572951    0.598268    2
      52  1243    0.414057    0.018373    0.401066    0.427049    2
      53   861    0.286809    0.129550    0.195203    0.378414    2
      54   855    0.284810    0.134261    0.189873    0.379747    2
      55   730    0.243171    0.108351    0.166556    0.319787    2
      56   625    0.208195    0.088094    0.145903    0.270486    2
      57   336    0.111925    0.032976    0.088608    0.135243    2
      58   307    0.102265    0.018373    0.089274    0.115256    2
      59   239    0.079614    0.044754    0.047968    0.111259    2
      ----------------------------------------------------------------
      + Convergence diagnostic (standard deviation of split frequencies)
        should approach 0.0 as runs converge.


      Summary statistics for branch and node parameters
         (saved to file "DS1_for_mb.nex.vstat"):

                                              95% HPD Interval
                                            --------------------
      Parameter      Mean       Variance     Lower       Upper       Median     PSRF+  Nruns
      --------------------------------------------------------------------------------------
      length[1]     0.018711    0.000016    0.012008    0.027227    0.018404    1.002    2
      length[2]     0.008865    0.000005    0.004863    0.013416    0.008672    1.000    2
      length[3]     0.016323    0.000014    0.009657    0.023754    0.016026    1.000    2
      length[4]     0.013021    0.000010    0.007620    0.019478    0.012735    1.000    2
      length[5]     0.022533    0.000014    0.015565    0.030136    0.022353    1.001    2
      length[6]     0.004579    0.000003    0.001372    0.008129    0.004344    1.000    2
      length[7]     0.008525    0.000006    0.004055    0.013346    0.008282    1.000    2
      length[8]     0.014951    0.000011    0.008743    0.021748    0.014695    1.000    2
      length[9]     0.021555    0.000017    0.013741    0.029349    0.021303    1.000    2
      length[10]    0.012349    0.000009    0.006728    0.018624    0.012084    1.000    2
      length[11]    0.019060    0.000017    0.011222    0.026970    0.018790    1.000    2
      length[12]    0.003227    0.000002    0.000668    0.006144    0.003030    1.000    2
      length[13]    0.016950    0.000013    0.010518    0.024171    0.016637    1.000    2
      length[14]    0.004833    0.000005    0.000839    0.009440    0.004511    1.006    2
      length[15]    0.005927    0.000004    0.002439    0.010365    0.005670    1.000    2
      length[16]    0.006730    0.000004    0.003257    0.011064    0.006541    1.001    2
      length[17]    0.004604    0.000005    0.000862    0.008682    0.004320    1.000    2
      length[18]    0.012191    0.000010    0.006615    0.018566    0.011862    1.000    2
      length[19]    0.004595    0.000004    0.001057    0.008681    0.004328    1.000    2
      length[20]    0.005855    0.000004    0.002126    0.009985    0.005622    1.000    2
      length[21]    0.003132    0.000002    0.000715    0.005747    0.002946    1.000    2
      length[22]    0.007085    0.000005    0.003195    0.011708    0.006854    1.000    2
      length[23]    0.004011    0.000002    0.001383    0.006861    0.003831    1.000    2
      length[24]    0.007160    0.000005    0.003137    0.011658    0.006916    1.000    2
      length[25]    0.001043    0.000001    0.000000    0.003079    0.000739    1.000    2
      length[26]    0.002638    0.000002    0.000385    0.005550    0.002393    1.000    2
      length[27]    0.007075    0.000007    0.002371    0.012063    0.006786    1.003    2
      length[28]    0.014577    0.000010    0.008964    0.021042    0.014358    1.000    2
      length[29]    0.010998    0.000008    0.005638    0.016726    0.010741    1.000    2
      length[30]    0.004631    0.000003    0.001271    0.008027    0.004372    1.000    2
      length[31]    0.016955    0.000013    0.009795    0.023606    0.016744    1.000    2
      length[32]    0.024278    0.000016    0.017376    0.032662    0.024059    1.001    2
      length[33]    0.010175    0.000007    0.005255    0.015210    0.010023    1.000    2
      length[34]    0.005139    0.000004    0.001404    0.009287    0.004904    1.000    2
      length[35]    0.012133    0.000009    0.006706    0.017906    0.011885    1.000    2
      length[36]    0.004922    0.000003    0.001401    0.008260    0.004744    1.000    2
      length[37]    0.003565    0.000002    0.001107    0.006374    0.003379    1.000    2
      length[38]    0.005497    0.000005    0.001717    0.009939    0.005172    1.000    2
      length[39]    0.003483    0.000003    0.000534    0.006881    0.003219    1.000    2
      length[40]    0.009087    0.000011    0.002690    0.015448    0.009016    1.009    2
      length[41]    0.004683    0.000005    0.000836    0.009451    0.004352    1.000    2
      length[42]    0.006453    0.000007    0.001822    0.011768    0.006138    1.000    2
      length[43]    0.004618    0.000005    0.000830    0.008641    0.004339    1.000    2
      length[44]    0.004142    0.000005    0.000511    0.008647    0.003751    1.012    2
      length[45]    0.003436    0.000005    0.000117    0.007511    0.003070    1.011    2
      length[46]    0.006544    0.000007    0.001573    0.011598    0.006284    1.002    2
      length[47]    0.007025    0.000007    0.002401    0.012713    0.006796    1.000    2
      length[48]    0.006369    0.000007    0.002017    0.011858    0.006048    1.000    2
      length[49]    0.005748    0.000007    0.001457    0.010785    0.005428    1.000    2
      length[50]    0.004219    0.000004    0.000729    0.007995    0.004007    1.000    2
      length[51]    0.003416    0.000003    0.000436    0.007154    0.003192    1.000    2
      length[52]    0.003092    0.000003    0.000273    0.006284    0.002797    0.999    2
      length[53]    0.006033    0.000006    0.001475    0.010834    0.005803    1.000    2
      length[54]    0.004446    0.000004    0.000606    0.008160    0.004129    1.001    2
      length[55]    0.003111    0.000003    0.000392    0.006542    0.002791    0.999    2
      length[56]    0.004416    0.000006    0.000295    0.008776    0.004067    1.003    2
      length[57]    0.002030    0.000002    0.000032    0.004910    0.001709    1.003    2
      length[58]    0.003849    0.000004    0.000442    0.007974    0.003330    0.997    2
      length[59]    0.002555    0.000003    0.000108    0.005463    0.002163    1.010    2
      --------------------------------------------------------------------------------------
      + Convergence diagnostic (PSRF = Potential Scale Reduction Factor; Gelman
        and Rubin, 1992) should approach 1.0 as runs converge. NA is reported when
        deviation of parameter values within all runs is 0 or when a parameter
        value (a branch length, for instance) is not sampled in all runs.


      Summary statistics for partitions with frequency >= 0.10 in at least one run:
          Average standard deviation of split frequencies = 0.039042
          Maximum standard deviation of split frequencies = 0.136145
          Average PSRF for parameter values (excluding NA and >10.0) = 1.001
          Maximum PSRF for parameter values = 1.012


      Clade credibility values:

      Subtree rooted at node 48:

                                                           /----- Rattus_norvegic~ (2)
                                                     /-100-+                          
                                                     |     \----- Mus_musculus (23)
                                                /-100+                                
                                                |    \----------- Homo_sapiens (21)
                                           /-100+                                     
                                           |    \---------------- Oryctolagus_cu~ (16)
                                           |                                          
                                           |               /----- Turdus_migrator~ (4)
                                      /-100+    /----100---+                          
                                      |    |    |          \----- Gallus_gallus (19)
                                      |    |    |                                     
                                      |    \-100+          /----- Heterodon_platy~ (7)
                                      |         |    /-100-+                          
                                      |         |    |     \----- Sceloporus_und~ (22)
                                /-100-+         \-100+                                
                                |     |              |     /----- Trachemys_scri~ (15)
                                |     |              \-100-+                          
                                |     |                    \----- Alligator_miss~ (26)
                           /-100+     |                                               
                           |    |     \-------------------------- Latimeria_chalu~ (5)
                           |    |                                                     
                           |    \-------------------------------- Xenopus_laevis (12)
                           |                                                          
                      /-100+                               /----- Nesomantis_thom~ (3)
                      |    |                         /--98-+                          
                      |    |                         |     \----- Eleutherodacty~ (11)
                      |    |                    /-72-+                                
                      |    |                    |    \----------- Gastrophryne_ca~ (9)
                      |    \---------67---------+                                     
                      |                         |          /----- Bufo_valliceps (8)
                 /-71-+                         \----95----+                          
                 |    |                                    \----- Hyla_cinerea (13)
                 |    |                                                               
                 |    |                                    /----- Ambystoma_mexic~ (6)
                 |    |                              /-100-+                          
           /--72-+    |                              |     \----- Siren_intermed~ (24)
           |     |    \--------------87--------------+                                
           |     |                                   \----------- Typhlonectes_n~ (20)
           |     |                                                                    
      --88-+     \----------------------------------------------- Discoglossus_p~ (18)
           |                                                                          
           |                                               /----- Scaphiopus_hol~ (14)
           \-----------------------85----------------------+                          
                                                           \----- Plethodon_yonh~ (27)
                                                                                      
      Root part of tree:

      /---------------------------------------------------------- Amphiuma_tridac~ (1)
      |                                                                               
      |                            /----------------------------- (48)
      |-------------98-------------+                                                  
      +                            \----------------------------- Ichthyophis_ba~ (10)
      |                                                                               
      |                            /----------------------------- Hypogeophis_ro~ (17)
      \-------------59-------------+                                                  
                                   \----------------------------- Grandisonia_al~ (25)
                                                                                      

      Phylogram (based on average branch lengths):

      /---------- Amphiuma_tridac~ (1)
      |                                                                               
      |                                                    /----- Rattus_norvegic~ (2)
      |                                                  /-+                          
      |                                                  | \-- Mus_musculus (23)
      |                                                /-+                            
      |                                                | \-- Homo_sapiens (21)
      |                                   /------------+                              
      |                                   |            \--- Oryctolagus_cu~ (16)
      |                                   |                                           
      |                                   |              /------- Turdus_migrator~ (4)
      |                           /-------+    /---------+                            
      |                           |       |    |         \-- Gallus_gallus (19)
      |                           |       |    |                                      
      |                           |       \----+     /---- Heterodon_platy~ (7)
      |                           |            |  /--+                                
      |                           |            |  |  \--- Sceloporus_und~ (22)
      |                     /-----+            \--+                                   
      |                     |     |               | /--- Trachemys_scri~ (15)
      |                     |     |               \-+                                 
      |                     |     |                 \- Alligator_miss~ (26)
      |               /-----+     |                                                   
      |               |     |     \------------ Latimeria_chalu~ (5)
      |               |     |                                                         
      |               |     \-- Xenopus_laevis (12)
      |               |                                                               
      +          /----+        /--------- Nesomantis_thom~ (3)
      |          |    |     /--+                                                      
      |          |    |     |  \---------- Eleutherodacty~ (11)
      |          |    | /---+                                                         
      |          |    | |   \----------- Gastrophryne_ca~ (9)
      |          |    \-+                                                             
      |          |      | /-------- Bufo_valliceps (8)
      |       /--+      \-+                                                           
      |       |  |        \--------- Hyla_cinerea (13)
      |       |  |                                                                    
      |       |  |   /--- Ambystoma_mexic~ (6)
      |       |  |/--+                                                                
      |   /---+  ||  \---- Siren_intermed~ (24)
      |   |   |  \+                                                                   
      |   |   |   \---- Typhlonectes_n~ (20)
      |   |   |                                                                       
      | /-+   \------ Discoglossus_p~ (18)
      | | |                                                                           
      | | |   /-- Scaphiopus_hol~ (14)
      |-+ \---+                                                                       
      | |     \---- Plethodon_yonh~ (27)
      | |                                                                             
      | \------- Ichthyophis_ba~ (10)
      |                                                                               
      | /-- Hypogeophis_ro~ (17)
      \-+                                                                             
        \ Grandisonia_al~ (25)
                                                                                      
      |---------| 0.020 expected changes per site

      Calculating tree probabilities...

      Credible sets of trees (146 trees sampled):
         50 % credible set contains 3 trees
         90 % credible set contains 26 trees
         95 % credible set contains 47 trees
         99 % credible set contains 116 trees

      Setting burn-in to 500
      Summarizing parameters in files DS1_for_mb.nex.run1.p and DS1_for_mb.nex.run2.p
      Writing summary statistics to file DS1_for_mb.nex.pstat
      Using relative burnin ('relburnin=yes'), discarding the first 25 % of samples

      Below are rough plots of the generation (x-axis) versus the log   
      probability of observing the data (y-axis). You can use these     
      graphs to determine what the burn in for your analysis should be. 
      When the log probability starts to plateau you may be at station- 
      arity. Sample trees and parameters after the log probability      
      plateaus. Of course, this is not a guarantee that you are at sta- 
      tionarity. Also examine the convergence diagnostics provided by   
      the 'sump' and 'sumt' commands for all the parameters in your     
      model. Remember that the burn in is the number of samples to dis- 
      card. There are a total of ngen / samplefreq samples taken during 
      a MCMC analysis.                                                  

      Overlay plot for both runs:
      (1 = Run number 1; 2 = Run number 2; * = Both runs)

      +------------------------------------------------------------+ -6909.63
      |                                             1          1   |
      |             1        1  12         2                    1  |
      |            1 2  1     2                  1  2    1   1    1|
      |  2 1     1             1 1      1         2   2    22      |
      | 1 1  1  1    12    1  1 2 1 22*   1       11   1  2        |
      |*               *2 2    2  22      2  1 1      1 1  1  1  * |
      |        2  12        *2     1 1 2     2 21  2      1  2  2  |
      |     1 11    2    2 2        1  121 1* 1 22   1 2           |
      |   2  2  2 2      11              2    2         22     2  2|
      |  1  2    2                                   2      1 2    |
      |                                                            |
      | 2             1                                            |
      |       2                                                    |
      |                                                            |
      |    2                                                       |
      +------+-----+-----+-----+-----+-----+-----+-----+-----+-----+ -6916.37
      ^                                                            ^
      500000                                                       2000000


      Estimated marginal likelihoods for runs sampled in files
         "DS1_for_mb.nex.run1.p" and "DS1_for_mb.nex.run2.p":
         (Use the harmonic mean for Bayes factor comparisons of models)

         (Values are saved to the file DS1_for_mb.nex.lstat)

      Run   Arithmetic mean   Harmonic mean
      --------------------------------------
        1      -6903.52         -6928.02
        2      -6904.60         -6925.12
      --------------------------------------
      TOTAL    -6903.92         -6927.38
      --------------------------------------


      Model parameter summaries over the runs sampled in files
         "DS1_for_mb.nex.run1.p" and "DS1_for_mb.nex.run2.p":
         Summaries are based on a total of 3002 samples from 2 runs.
         Each run produced 2001 samples of which 1501 samples were included.
         Parameter summaries saved to file "DS1_for_mb.nex.pstat".

                                            95% HPD Interval
                                          --------------------
      Parameter      Mean      Variance     Lower       Upper       Median    min ESS*  avg ESS    PSRF+ 
      --------------------------------------------------------------------------------------------------
      TL          0.437003    0.000278    0.405107    0.470030    0.436746   1346.14   1423.57    1.000
      --------------------------------------------------------------------------------------------------
      * Convergence diagnostic (ESS = Estimated Sample Size); min and avg values
        correspond to minimal and average ESS among runs. 
        ESS value below 100 may indicate that the parameter is undersampled. 
      + Convergence diagnostic (PSRF = Potential Scale Reduction Factor; Gelman
        and Rubin, 1992) should approach 1.0 as runs converge.


   Deleting previously defined characters
   Deleting previously defined taxa
   Quitting program


   Tasks completed, exiting program because mode is noninteractive
   To return control to the command line after completion of file processing, 
   set mode to interactive with 'mb -i <filename>' (i is for interactive)
   or use 'set mode=interactive'

