IQ-TREE version 3.0.1 for Linux x86 64-bit built Jul  9 2025
Developed by Bui Quang Minh, Thomas Wong, Nhan Ly-Trong, Huaiyan Ren
Contributed by Lam-Tung Nguyen, Dominik Schrempf, Chris Bielow,
Olga Chernomor, Michael Woodhams, Diep Thi Hoang, Heiko Schmidt

Host:    jl-baubab.scilifelab.se (AVX2, FMA3, 502 GB RAM)
Command: iqtree -s TaxaADD/data/seq_gen_DS1.fasta -z TaxaADD/results_full/run_20260213_163344_ntaxa27/sampled_trees.nwk -m HKY -n 0 -redo
Seed:    909830 (Using SPRNG - Scalable Parallel Random Number Generator)
Time:    Sat Feb 14 10:34:13 2026
Kernel:  AVX+FMA - 1 threads (256 CPU cores detected)

HINT: Use -nt option to specify number of threads because your CPU has 256 cores!
HINT: -nt AUTO will automatically determine the best number of threads to use.

Reading alignment file TaxaADD/data/seq_gen_DS1.fasta ... Fasta format detected
Reading fasta file: done in 7.65249e-05 secs using 39.2% CPU
Alignment most likely contains DNA/RNA sequences
Constructing alignment: done in 9.88692e-05 secs using 40.46% CPU
Alignment has 27 sequences with 100 columns, 41 distinct patterns
22 parsimony-informative, 15 singleton sites, 63 constant sites
                            Gap/Ambiguity  Composition  p-value
Analyzing sequences: done in 7.95722e-06 secs using 37.7% CPU
   1  Hypogeophis_rostratus         0.00%    passed     97.30%
   2  Grandisonia_alternans         0.00%    passed     99.66%
   3  Amphiuma_tridactylum          0.00%    passed     97.82%
   4  Ichthyophis_bannanicus        0.00%    passed     99.66%
   5  Plethodon_yonhalossee         0.00%    passed     99.99%
   6  Scaphiopus_holbrooki          0.00%    passed     99.66%
   7  Discoglossus_pictus           0.00%    passed     99.68%
   8  Typhlonectes_natans           0.00%    passed     99.61%
   9  Ambystoma_mexicanum           0.00%    passed     99.61%
  10  Siren_intermedia              0.00%    passed     99.61%
  11  Xenopus_laevis                0.00%    passed     99.66%
  12  Latimeria_chalumnae           0.00%    passed     88.80%
  13  Homo_sapiens                  0.00%    passed     97.83%
  14  Rattus_norvegicus             0.00%    passed     97.83%
  15  Mus_musculus                  0.00%    passed     97.83%
  16  Oryctolagus_cuniculus         0.00%    passed     98.83%
  17  Gallus_gallus                 0.00%    passed     96.37%
  18  Turdus_migratorius            0.00%    passed     97.41%
  19  Heterodon_platyrhinos         0.00%    passed     96.79%
  20  Sceloporus_undulatus          0.00%    passed     97.02%
  21  Alligator_mississippiensis    0.00%    passed     97.07%
  22  Trachemys_scripta             0.00%    passed     96.23%
  23  Nesomantis_thomasseti         0.00%    passed     92.29%
  24  Eleutherodactylus_cuneatus    0.00%    passed     88.04%
  25  Gastrophryne_carolinensis     0.00%    passed     83.83%
  26  Bufo_valliceps                0.00%    passed     99.48%
  27  Hyla_cinerea                  0.00%    passed     97.84%
****  TOTAL                         0.00%  0 sequences failed composition chi2 test (p-value<5%; df=3)
NOTE: Ambystoma_mexicanum is identical to Typhlonectes_natans but kept for subsequent analysis
NOTE: Rattus_norvegicus is identical to Homo_sapiens but kept for subsequent analysis
Checking for duplicate sequences: done in 6.04168e-05 secs
Identifying sites to remove: done in 3.76701e-05 secs
NOTE: 2 identical sequences (see below) will be ignored for subsequent analysis
NOTE: Siren_intermedia (identical to Typhlonectes_natans) is ignored but added at the end
NOTE: Mus_musculus (identical to Homo_sapiens) is ignored but added at the end
Alignment was printed to TaxaADD/data/seq_gen_DS1.fasta.uniqueseq.phy

For your convenience alignment with unique sequences printed to TaxaADD/data/seq_gen_DS1.fasta.uniqueseq.phy

Create initial parsimony tree by phylogenetic likelihood library (PLL)... 0.000 seconds

NOTE: 0 MB RAM (0 GB) is required!
Estimate model parameters (epsilon = 0.010)
1. Initial log-likelihood: -428.503
2. Current log-likelihood: -428.458
Optimal log-likelihood: -428.458
Rate parameters:  A-C: 1.00000  A-G: 0.91570  A-T: 1.00000  C-G: 1.00000  C-T: 0.91570  G-T: 1.00000
Base frequencies:  A: 0.329  C: 0.199  G: 0.258  T: 0.213
Parameters optimization took 2 rounds (0.001 sec)
Wrote distance file to... 
BEST SCORE FOUND : -428.458
Total tree length: 0.500

Total number of iterations: 0
CPU time used for tree search: 0.000 sec (0h:0m:0s)
Wall-clock time used for tree search: 0.000 sec (0h:0m:0s)
Total CPU time used: 0.008 sec (0h:0m:0s)
Total wall-clock time used: 0.010 sec (0h:0m:0s)
Reading trees in TaxaADD/results_full/run_20260213_163344_ntaxa27/sampled_trees.nwk ...

2000 trees detected
Tree 1 / LogL: -448.020
Tree 2 / LogL: -444.514
Tree 3 / LogL: -448.116
Tree 4 / LogL: -449.433
Tree 5 / LogL: -453.739
Tree 6 / LogL: -441.710
Tree 7 / LogL: -454.582
Tree 8 / LogL: -463.509
Tree 9 / LogL: -446.764
Tree 10 / LogL: -450.685
Tree 11 / LogL: -449.433
Tree 12 / LogL: -450.937
Tree 13 / LogL: -433.818
Tree 14 / LogL: -460.947
Tree 15 / LogL: -439.190
Tree 16 / LogL: -451.784
Tree 17 / LogL: -449.353
Tree 18 / LogL: -444.651
Tree 19 / LogL: -468.026
Tree 20 / LogL: -443.084
Tree 21 / LogL: -455.119
Tree 22 / LogL: -451.962
Tree 23 / LogL: -449.968
Tree 24 / LogL: -444.398
Tree 25 / LogL: -446.869
Tree 26 / LogL: -462.952
Tree 27 / LogL: -447.932
Tree 28 / LogL: -449.811
Tree 29 / LogL: -445.819
Tree 30 / LogL: -449.434
Tree 31 / LogL: -442.560
Tree 32 / LogL: -438.684
Tree 33 / LogL: -432.909
Tree 34 / LogL: -446.764
Tree 35 / LogL: -447.909
Tree 36 / LogL: -446.764
Tree 37 / LogL: -438.395
Tree 38 / LogL: -439.188
Tree 39 / LogL: -451.268
Tree 40 / LogL: -439.189
Tree 41 / LogL: -453.764
Tree 42 / LogL: -444.514
Tree 43 / LogL: -449.433
Tree 44 / LogL: -456.774
Tree 45 / LogL: -461.483
Tree 46 / LogL: -457.309
Tree 47 / LogL: -451.002
Tree 48 / LogL: -432.908
Tree 49 / LogL: -442.062
Tree 50 / LogL: -438.207
Tree 51 / LogL: -461.247
Tree 52 / LogL: -462.268
Tree 53 / LogL: -437.076
Tree 54 / LogL: -442.792
Tree 55 / LogL: -454.315
Tree 56 / LogL: -450.879
Tree 57 / LogL: -434.885
Tree 58 / LogL: -465.717
Tree 59 / LogL: -450.106
Tree 60 / LogL: -456.615
Tree 61 / LogL: -452.215
Tree 62 / LogL: -464.331
Tree 63 / LogL: -444.651
Tree 64 / LogL: -443.363
Tree 65 / LogL: -442.423
Tree 66 / LogL: -439.188
Tree 67 / LogL: -444.651
Tree 68 / LogL: -454.329
Tree 69 / LogL: -437.082
Tree 70 / LogL: -442.900
Tree 71 / LogL: -441.667
Tree 72 / LogL: -447.789
Tree 73 / LogL: -444.651
Tree 74 / LogL: -452.091
Tree 75 / LogL: -446.511
Tree 76 / LogL: -438.968
Tree 77 / LogL: -449.883
Tree 78 / LogL: -439.189
Tree 79 / LogL: -462.165
Tree 80 / LogL: -462.882
Tree 81 / LogL: -444.174
Tree 82 / LogL: -442.152
Tree 83 / LogL: -457.242
Tree 84 / LogL: -443.568
Tree 85 / LogL: -457.963
Tree 86 / LogL: -477.150
Tree 87 / LogL: -446.898
Tree 88 / LogL: -449.433
Tree 89 / LogL: -447.649
Tree 90 / LogL: -463.743
Tree 91 / LogL: -432.909
Tree 92 / LogL: -439.052
Tree 93 / LogL: -444.417
Tree 94 / LogL: -454.329
Tree 95 / LogL: -446.511
Tree 96 / LogL: -439.138
Tree 97 / LogL: -437.196
Tree 98 / LogL: -451.504
Tree 99 / LogL: -453.044
Tree 100 / LogL: -449.080
Tree 101 / LogL: -437.076
Tree 102 / LogL: -438.812
Tree 103 / LogL: -452.250
Tree 104 / LogL: -441.643
Tree 105 / LogL: -452.099
Tree 106 / LogL: -438.394
Tree 107 / LogL: -448.572
Tree 108 / LogL: -455.888
Tree 109 / LogL: -439.189
Tree 110 / LogL: -453.362
Tree 111 / LogL: -445.046
Tree 112 / LogL: -439.189
Tree 113 / LogL: -455.470
Tree 114 / LogL: -456.986
Tree 115 / LogL: -447.697
Tree 116 / LogL: -454.074
Tree 117 / LogL: -453.386
Tree 118 / LogL: -439.189
Tree 119 / LogL: -445.937
Tree 120 / LogL: -438.979
Tree 121 / LogL: -442.166
Tree 122 / LogL: -457.894
Tree 123 / LogL: -444.514
Tree 124 / LogL: -437.425
Tree 125 / LogL: -444.398
Tree 126 / LogL: -440.549
Tree 127 / LogL: -461.684
Tree 128 / LogL: -455.870
Tree 129 / LogL: -464.046
Tree 130 / LogL: -432.909
Tree 131 / LogL: -455.112
Tree 132 / LogL: -438.968
Tree 133 / LogL: -450.489
Tree 134 / LogL: -432.909
Tree 135 / LogL: -449.029
Tree 136 / LogL: -435.083
Tree 137 / LogL: -454.074
Tree 138 / LogL: -447.478
Tree 139 / LogL: -453.433
Tree 140 / LogL: -473.352
Tree 141 / LogL: -439.538
Tree 142 / LogL: -459.834
Tree 143 / LogL: -444.651
Tree 144 / LogL: -455.214
Tree 145 / LogL: -435.021
Tree 146 / LogL: -460.376
Tree 147 / LogL: -464.492
Tree 148 / LogL: -439.138
Tree 149 / LogL: -439.538
Tree 150 / LogL: -451.739
Tree 151 / LogL: -447.697
Tree 152 / LogL: -442.062
Tree 153 / LogL: -439.189
Tree 154 / LogL: -451.870
Tree 155 / LogL: -455.754
Tree 156 / LogL: -446.526
Tree 157 / LogL: -436.718
Tree 158 / LogL: -448.459
Tree 159 / LogL: -438.625
Tree 160 / LogL: -443.311
Tree 161 / LogL: -455.672
Tree 162 / LogL: -456.774
Tree 163 / LogL: -446.627
Tree 164 / LogL: -437.567
Tree 165 / LogL: -454.661
Tree 166 / LogL: -450.853
Tree 167 / LogL: -445.820
Tree 168 / LogL: -448.590
Tree 169 / LogL: -454.720
Tree 170 / LogL: -456.784
Tree 171 / LogL: -455.016
Tree 172 / LogL: -444.651
Tree 173 / LogL: -451.962
Tree 174 / LogL: -454.651
Tree 175 / LogL: -446.511
Tree 176 / LogL: -454.352
Tree 177 / LogL: -442.182
Tree 178 / LogL: -437.425
Tree 179 / LogL: -444.417
Tree 180 / LogL: -436.939
Tree 181 / LogL: -455.273
Tree 182 / LogL: -451.050
Tree 183 / LogL: -449.296
Tree 184 / LogL: -446.075
Tree 185 / LogL: -454.278
Tree 186 / LogL: -453.607
Tree 187 / LogL: -451.546
Tree 188 / LogL: -444.279
Tree 189 / LogL: -432.908
Tree 190 / LogL: -444.398
Tree 191 / LogL: -437.075
Tree 192 / LogL: -459.560
Tree 193 / LogL: -451.951
Tree 194 / LogL: -444.958
Tree 195 / LogL: -462.097
Tree 196 / LogL: -468.341
Tree 197 / LogL: -442.374
Tree 198 / LogL: -442.560
Tree 199 / LogL: -455.124
Tree 200 / LogL: -448.344
Tree 201 / LogL: -454.106
Tree 202 / LogL: -444.514
Tree 203 / LogL: -435.022
Tree 204 / LogL: -434.885
Tree 205 / LogL: -441.092
Tree 206 / LogL: -447.847
Tree 207 / LogL: -456.833
Tree 208 / LogL: -446.627
Tree 209 / LogL: -459.250
Tree 210 / LogL: -444.280
Tree 211 / LogL: -437.195
Tree 212 / LogL: -439.256
Tree 213 / LogL: -447.309
Tree 214 / LogL: -439.052
Tree 215 / LogL: -450.332
Tree 216 / LogL: -438.624
Tree 217 / LogL: -444.651
Tree 218 / LogL: -438.395
Tree 219 / LogL: -456.061
Tree 220 / LogL: -442.215
Tree 221 / LogL: -439.189
Tree 222 / LogL: -449.433
Tree 223 / LogL: -432.908
Tree 224 / LogL: -455.549
Tree 225 / LogL: -440.320
Tree 226 / LogL: -454.919
Tree 227 / LogL: -456.774
Tree 228 / LogL: -448.001
Tree 229 / LogL: -452.105
Tree 230 / LogL: -448.349
Tree 231 / LogL: -449.986
Tree 232 / LogL: -459.396
Tree 233 / LogL: -435.023
Tree 234 / LogL: -437.196
Tree 235 / LogL: -436.855
Tree 236 / LogL: -455.596
Tree 237 / LogL: -456.219
Tree 238 / LogL: -454.307
Tree 239 / LogL: -435.022
Tree 240 / LogL: -445.919
Tree 241 / LogL: -439.052
Tree 242 / LogL: -450.352
Tree 243 / LogL: -448.459
Tree 244 / LogL: -435.022
Tree 245 / LogL: -436.512
Tree 246 / LogL: -458.336
Tree 247 / LogL: -454.441
Tree 248 / LogL: -443.524
Tree 249 / LogL: -434.628
Tree 250 / LogL: -434.885
Tree 251 / LogL: -457.189
Tree 252 / LogL: -462.514
Tree 253 / LogL: -435.021
Tree 254 / LogL: -454.049
Tree 255 / LogL: -450.335
Tree 256 / LogL: -453.230
Tree 257 / LogL: -454.661
Tree 258 / LogL: -439.189
Tree 259 / LogL: -447.652
Tree 260 / LogL: -451.323
Tree 261 / LogL: -443.225
Tree 262 / LogL: -448.590
Tree 263 / LogL: -444.417
Tree 264 / LogL: -461.042
Tree 265 / LogL: -465.838
Tree 266 / LogL: -439.400
Tree 267 / LogL: -450.137
Tree 268 / LogL: -446.764
Tree 269 / LogL: -451.409
Tree 270 / LogL: -435.022
Tree 271 / LogL: -457.676
Tree 272 / LogL: -446.734
Tree 273 / LogL: -446.729
Tree 274 / LogL: -452.304
Tree 275 / LogL: -454.106
Tree 276 / LogL: -451.102
Tree 277 / LogL: -460.620
Tree 278 / LogL: -451.546
Tree 279 / LogL: -443.363
Tree 280 / LogL: -450.819
Tree 281 / LogL: -452.216
Tree 282 / LogL: -451.681
Tree 283 / LogL: -448.019
Tree 284 / LogL: -444.486
Tree 285 / LogL: -442.423
Tree 286 / LogL: -451.535
Tree 287 / LogL: -453.757
Tree 288 / LogL: -435.022
Tree 289 / LogL: -446.313
Tree 290 / LogL: -441.112
Tree 291 / LogL: -456.636
Tree 292 / LogL: -455.149
Tree 293 / LogL: -451.100
Tree 294 / LogL: -434.885
Tree 295 / LogL: -451.409
Tree 296 / LogL: -451.962
Tree 297 / LogL: -442.166
Tree 298 / LogL: -446.193
Tree 299 / LogL: -446.764
Tree 300 / LogL: -452.062
Tree 301 / LogL: -441.995
Tree 302 / LogL: -442.741
Tree 303 / LogL: -444.279
Tree 304 / LogL: -439.189
Tree 305 / LogL: -444.279
Tree 306 / LogL: -446.627
Tree 307 / LogL: -450.137
Tree 308 / LogL: -437.076
Tree 309 / LogL: -453.570
Tree 310 / LogL: -453.330
Tree 311 / LogL: -436.855
Tree 312 / LogL: -455.702
Tree 313 / LogL: -434.885
Tree 314 / LogL: -432.772
Tree 315 / LogL: -449.433
Tree 316 / LogL: -439.190
Tree 317 / LogL: -449.167
Tree 318 / LogL: -457.327
Tree 319 / LogL: -456.833
Tree 320 / LogL: -438.968
Tree 321 / LogL: -441.591
Tree 322 / LogL: -441.591
Tree 323 / LogL: -439.196
Tree 324 / LogL: -444.417
Tree 325 / LogL: -454.240
Tree 326 / LogL: -446.819
Tree 327 / LogL: -443.305
Tree 328 / LogL: -451.546
Tree 329 / LogL: -456.062
Tree 330 / LogL: -450.627
Tree 331 / LogL: -432.909
Tree 332 / LogL: -444.176
Tree 333 / LogL: -439.189
Tree 334 / LogL: -444.397
Tree 335 / LogL: -453.224
Tree 336 / LogL: -449.424
Tree 337 / LogL: -444.650
Tree 338 / LogL: -439.189
Tree 339 / LogL: -439.052
Tree 340 / LogL: -450.510
Tree 341 / LogL: -443.135
Tree 342 / LogL: -461.097
Tree 343 / LogL: -432.909
Tree 344 / LogL: -450.937
Tree 345 / LogL: -451.547
Tree 346 / LogL: -455.478
Tree 347 / LogL: -442.304
Tree 348 / LogL: -442.561
Tree 349 / LogL: -460.377
Tree 350 / LogL: -455.712
Tree 351 / LogL: -442.340
Tree 352 / LogL: -439.196
Tree 353 / LogL: -432.909
Tree 354 / LogL: -448.842
Tree 355 / LogL: -438.625
Tree 356 / LogL: -443.705
Tree 357 / LogL: -437.076
Tree 358 / LogL: -453.077
Tree 359 / LogL: -442.554
Tree 360 / LogL: -453.418
Tree 361 / LogL: -444.260
Tree 362 / LogL: -443.805
Tree 363 / LogL: -441.370
Tree 364 / LogL: -453.735
Tree 365 / LogL: -451.463
Tree 366 / LogL: -450.114
Tree 367 / LogL: -439.189
Tree 368 / LogL: -445.819
Tree 369 / LogL: -435.022
Tree 370 / LogL: -445.577
Tree 371 / LogL: -455.452
Tree 372 / LogL: -451.882
Tree 373 / LogL: -449.347
Tree 374 / LogL: -439.189
Tree 375 / LogL: -439.190
Tree 376 / LogL: -446.733
Tree 377 / LogL: -442.585
Tree 378 / LogL: -448.590
Tree 379 / LogL: -443.363
Tree 380 / LogL: -435.083
Tree 381 / LogL: -448.020
Tree 382 / LogL: -432.566
Tree 383 / LogL: -434.885
Tree 384 / LogL: -438.206
Tree 385 / LogL: -449.432
Tree 386 / LogL: -455.333
Tree 387 / LogL: -453.112
Tree 388 / LogL: -455.284
Tree 389 / LogL: -438.494
Tree 390 / LogL: -446.511
Tree 391 / LogL: -450.229
Tree 392 / LogL: -448.206
Tree 393 / LogL: -454.817
Tree 394 / LogL: -475.431
Tree 395 / LogL: -434.878
Tree 396 / LogL: -451.409
Tree 397 / LogL: -449.050
Tree 398 / LogL: -439.052
Tree 399 / LogL: -444.651
Tree 400 / LogL: -442.792
Tree 401 / LogL: -435.022
Tree 402 / LogL: -464.358
Tree 403 / LogL: -437.196
Tree 404 / LogL: -449.422
Tree 405 / LogL: -448.001
Tree 406 / LogL: -454.307
Tree 407 / LogL: -452.264
Tree 408 / LogL: -432.909
Tree 409 / LogL: -444.279
Tree 410 / LogL: -443.135
Tree 411 / LogL: -456.774
Tree 412 / LogL: -439.052
Tree 413 / LogL: -453.036
Tree 414 / LogL: -444.513
Tree 415 / LogL: -446.627
Tree 416 / LogL: -449.999
Tree 417 / LogL: -448.791
Tree 418 / LogL: -437.076
Tree 419 / LogL: -442.936
Tree 420 / LogL: -451.497
Tree 421 / LogL: -446.763
Tree 422 / LogL: -444.397
Tree 423 / LogL: -453.708
Tree 424 / LogL: -437.076
Tree 425 / LogL: -456.602
Tree 426 / LogL: -440.452
Tree 427 / LogL: -453.092
Tree 428 / LogL: -454.789
Tree 429 / LogL: -451.783
Tree 430 / LogL: -460.792
Tree 431 / LogL: -436.945
Tree 432 / LogL: -450.367
Tree 433 / LogL: -441.592
Tree 434 / LogL: -448.001
Tree 435 / LogL: -436.512
Tree 436 / LogL: -449.434
Tree 437 / LogL: -449.986
Tree 438 / LogL: -447.074
Tree 439 / LogL: -439.189
Tree 440 / LogL: -441.250
Tree 441 / LogL: -456.565
Tree 442 / LogL: -456.998
Tree 443 / LogL: -454.730
Tree 444 / LogL: -456.852
Tree 445 / LogL: -444.211
Tree 446 / LogL: -452.234
Tree 447 / LogL: -475.207
Tree 448 / LogL: -449.851
Tree 449 / LogL: -442.423
Tree 450 / LogL: -465.303
Tree 451 / LogL: -437.929
Tree 452 / LogL: -449.146
Tree 453 / LogL: -452.249
Tree 454 / LogL: -455.849
Tree 455 / LogL: -451.547
Tree 456 / LogL: -445.818
Tree 457 / LogL: -460.962
Tree 458 / LogL: -437.058
Tree 459 / LogL: -467.113
Tree 460 / LogL: -446.763
Tree 461 / LogL: -434.885
Tree 462 / LogL: -444.417
Tree 463 / LogL: -451.547
Tree 464 / LogL: -456.636
Tree 465 / LogL: -444.651
Tree 466 / LogL: -449.424
Tree 467 / LogL: -446.733
Tree 468 / LogL: -444.651
Tree 469 / LogL: -447.825
Tree 470 / LogL: -457.240
Tree 471 / LogL: -444.398
Tree 472 / LogL: -452.346
Tree 473 / LogL: -452.079
Tree 474 / LogL: -451.272
Tree 475 / LogL: -439.446
Tree 476 / LogL: -452.057
Tree 477 / LogL: -449.079
Tree 478 / LogL: -440.458
Tree 479 / LogL: -446.627
Tree 480 / LogL: -442.166
Tree 481 / LogL: -462.839
Tree 482 / LogL: -444.673
Tree 483 / LogL: -454.523
Tree 484 / LogL: -444.260
Tree 485 / LogL: -456.844
Tree 486 / LogL: -449.065
Tree 487 / LogL: -439.249
Tree 488 / LogL: -438.968
Tree 489 / LogL: -450.457
Tree 490 / LogL: -452.061
Tree 491 / LogL: -447.971
Tree 492 / LogL: -449.849
Tree 493 / LogL: -454.106
Tree 494 / LogL: -448.932
Tree 495 / LogL: -444.417
Tree 496 / LogL: -443.446
Tree 497 / LogL: -437.076
Tree 498 / LogL: -451.514
Tree 499 / LogL: -439.189
Tree 500 / LogL: -438.839
Tree 501 / LogL: -443.363
Tree 502 / LogL: -437.076
Tree 503 / LogL: -449.296
Tree 504 / LogL: -452.972
Tree 505 / LogL: -450.710
Tree 506 / LogL: -449.079
Tree 507 / LogL: -440.457
Tree 508 / LogL: -459.506
Tree 509 / LogL: -446.511
Tree 510 / LogL: -440.508
Tree 511 / LogL: -443.793
Tree 512 / LogL: -458.971
Tree 513 / LogL: -449.951
Tree 514 / LogL: -437.058
Tree 515 / LogL: -462.295
Tree 516 / LogL: -437.076
Tree 517 / LogL: -439.189
Tree 518 / LogL: -444.514
Tree 519 / LogL: -439.190
Tree 520 / LogL: -448.709
Tree 521 / LogL: -448.847
Tree 522 / LogL: -437.082
Tree 523 / LogL: -454.661
Tree 524 / LogL: -446.763
Tree 525 / LogL: -439.189
Tree 526 / LogL: -443.363
Tree 527 / LogL: -435.022
Tree 528 / LogL: -432.909
Tree 529 / LogL: -453.588
Tree 530 / LogL: -449.102
Tree 531 / LogL: -453.615
Tree 532 / LogL: -451.409
Tree 533 / LogL: -436.855
Tree 534 / LogL: -449.986
Tree 535 / LogL: -440.661
Tree 536 / LogL: -440.320
Tree 537 / LogL: -435.343
Tree 538 / LogL: -458.098
Tree 539 / LogL: -437.076
Tree 540 / LogL: -449.884
Tree 541 / LogL: -474.249
Tree 542 / LogL: -455.525
Tree 543 / LogL: -435.022
Tree 544 / LogL: -458.086
Tree 545 / LogL: -452.858
Tree 546 / LogL: -432.772
Tree 547 / LogL: -444.825
Tree 548 / LogL: -450.608
Tree 549 / LogL: -443.387
Tree 550 / LogL: -439.190
Tree 551 / LogL: -453.452
Tree 552 / LogL: -449.765
Tree 553 / LogL: -450.367
Tree 554 / LogL: -436.945
Tree 555 / LogL: -452.166
Tree 556 / LogL: -448.020
Tree 557 / LogL: -449.433
Tree 558 / LogL: -442.303
Tree 559 / LogL: -444.825
Tree 560 / LogL: -460.277
Tree 561 / LogL: -444.585
Tree 562 / LogL: -439.358
Tree 563 / LogL: -438.968
Tree 564 / LogL: -437.075
Tree 565 / LogL: -439.052
Tree 566 / LogL: -444.839
Tree 567 / LogL: -451.532
Tree 568 / LogL: -444.398
Tree 569 / LogL: -440.173
Tree 570 / LogL: -451.546
Tree 571 / LogL: -453.948
Tree 572 / LogL: -459.835
Tree 573 / LogL: -451.547
Tree 574 / LogL: -441.644
Tree 575 / LogL: -452.770
Tree 576 / LogL: -432.909
Tree 577 / LogL: -435.023
Tree 578 / LogL: -452.266
Tree 579 / LogL: -440.309
Tree 580 / LogL: -432.908
Tree 581 / LogL: -451.546
Tree 582 / LogL: -446.511
Tree 583 / LogL: -435.021
Tree 584 / LogL: -456.774
Tree 585 / LogL: -454.661
Tree 586 / LogL: -449.949
Tree 587 / LogL: -466.881
Tree 588 / LogL: -455.078
Tree 589 / LogL: -436.939
Tree 590 / LogL: -437.425
Tree 591 / LogL: -451.882
Tree 592 / LogL: -432.772
Tree 593 / LogL: -444.398
Tree 594 / LogL: -459.678
Tree 595 / LogL: -447.509
Tree 596 / LogL: -439.189
Tree 597 / LogL: -464.066
Tree 598 / LogL: -436.374
Tree 599 / LogL: -446.686
Tree 600 / LogL: -453.379
Tree 601 / LogL: -435.022
Tree 602 / LogL: -435.022
Tree 603 / LogL: -448.932
Tree 604 / LogL: -446.936
Tree 605 / LogL: -435.021
Tree 606 / LogL: -446.627
Tree 607 / LogL: -445.818
Tree 608 / LogL: -443.865
Tree 609 / LogL: -439.538
Tree 610 / LogL: -435.752
Tree 611 / LogL: -436.855
Tree 612 / LogL: -462.063
Tree 613 / LogL: -432.909
Tree 614 / LogL: -449.080
Tree 615 / LogL: -459.827
Tree 616 / LogL: -453.420
Tree 617 / LogL: -437.076
Tree 618 / LogL: -451.514
Tree 619 / LogL: -450.937
Tree 620 / LogL: -447.932
Tree 621 / LogL: -446.306
Tree 622 / LogL: -451.302
Tree 623 / LogL: -455.592
Tree 624 / LogL: -449.049
Tree 625 / LogL: -437.076
Tree 626 / LogL: -449.511
Tree 627 / LogL: -451.546
Tree 628 / LogL: -463.776
Tree 629 / LogL: -444.651
Tree 630 / LogL: -457.597
Tree 631 / LogL: -451.546
Tree 632 / LogL: -463.419
Tree 633 / LogL: -444.483
Tree 634 / LogL: -466.984
Tree 635 / LogL: -453.300
Tree 636 / LogL: -442.562
Tree 637 / LogL: -439.189
Tree 638 / LogL: -456.878
Tree 639 / LogL: -436.855
Tree 640 / LogL: -440.542
Tree 641 / LogL: -446.764
Tree 642 / LogL: -443.311
Tree 643 / LogL: -460.947
Tree 644 / LogL: -437.076
Tree 645 / LogL: -444.417
Tree 646 / LogL: -436.854
Tree 647 / LogL: -455.410
Tree 648 / LogL: -449.811
Tree 649 / LogL: -462.738
Tree 650 / LogL: -439.190
Tree 651 / LogL: -465.337
Tree 652 / LogL: -456.273
Tree 653 / LogL: -448.596
Tree 654 / LogL: -454.153
Tree 655 / LogL: -436.855
Tree 656 / LogL: -446.727
Tree 657 / LogL: -446.733
Tree 658 / LogL: -448.253
Tree 659 / LogL: -442.374
Tree 660 / LogL: -440.225
Tree 661 / LogL: -440.447
Tree 662 / LogL: -444.398
Tree 663 / LogL: -452.098
Tree 664 / LogL: -438.495
Tree 665 / LogL: -444.651
Tree 666 / LogL: -448.019
Tree 667 / LogL: -453.922
Tree 668 / LogL: -450.879
Tree 669 / LogL: -457.118
Tree 670 / LogL: -440.458
Tree 671 / LogL: -451.273
Tree 672 / LogL: -451.997
Tree 673 / LogL: -448.824
Tree 674 / LogL: -449.080
Tree 675 / LogL: -454.050
Tree 676 / LogL: -464.164
Tree 677 / LogL: -446.627
Tree 678 / LogL: -440.679
Tree 679 / LogL: -454.329
Tree 680 / LogL: -437.075
Tree 681 / LogL: -452.250
Tree 682 / LogL: -451.547
Tree 683 / LogL: -444.398
Tree 684 / LogL: -454.082
Tree 685 / LogL: -449.627
Tree 686 / LogL: -453.036
Tree 687 / LogL: -446.511
Tree 688 / LogL: -451.546
Tree 689 / LogL: -461.544
Tree 690 / LogL: -449.696
Tree 691 / LogL: -466.995
Tree 692 / LogL: -453.607
Tree 693 / LogL: -456.844
Tree 694 / LogL: -432.909
Tree 695 / LogL: -435.082
Tree 696 / LogL: -451.249
Tree 697 / LogL: -460.632
Tree 698 / LogL: -449.999
Tree 699 / LogL: -452.380
Tree 700 / LogL: -442.562
Tree 701 / LogL: -455.336
Tree 702 / LogL: -449.120
Tree 703 / LogL: -444.514
Tree 704 / LogL: -443.705
Tree 705 / LogL: -447.074
Tree 706 / LogL: -451.409
Tree 707 / LogL: -449.296
Tree 708 / LogL: -437.083
Tree 709 / LogL: -439.190
Tree 710 / LogL: -432.909
Tree 711 / LogL: -454.346
Tree 712 / LogL: -444.398
Tree 713 / LogL: -454.789
Tree 714 / LogL: -460.274
Tree 715 / LogL: -457.033
Tree 716 / LogL: -435.931
Tree 717 / LogL: -456.640
Tree 718 / LogL: -454.105
Tree 719 / LogL: -451.167
Tree 720 / LogL: -449.011
Tree 721 / LogL: -435.022
Tree 722 / LogL: -437.791
Tree 723 / LogL: -458.394
Tree 724 / LogL: -442.791
Tree 725 / LogL: -454.885
Tree 726 / LogL: -450.136
Tree 727 / LogL: -451.546
Tree 728 / LogL: -444.454
Tree 729 / LogL: -439.910
Tree 730 / LogL: -442.791
Tree 731 / LogL: -456.636
Tree 732 / LogL: -442.374
Tree 733 / LogL: -436.939
Tree 734 / LogL: -445.179
Tree 735 / LogL: -461.544
Tree 736 / LogL: -439.052
Tree 737 / LogL: -451.409
Tree 738 / LogL: -453.962
Tree 739 / LogL: -450.847
Tree 740 / LogL: -439.400
Tree 741 / LogL: -475.416
Tree 742 / LogL: -450.457
Tree 743 / LogL: -451.409
Tree 744 / LogL: -456.007
Tree 745 / LogL: -441.420
Tree 746 / LogL: -451.718
Tree 747 / LogL: -451.310
Tree 748 / LogL: -453.515
Tree 749 / LogL: -443.463
Tree 750 / LogL: -448.343
Tree 751 / LogL: -442.304
Tree 752 / LogL: -435.022
Tree 753 / LogL: -435.022
Tree 754 / LogL: -437.076
Tree 755 / LogL: -438.395
Tree 756 / LogL: -446.764
Tree 757 / LogL: -456.215
Tree 758 / LogL: -452.600
Tree 759 / LogL: -462.067
Tree 760 / LogL: -440.508
Tree 761 / LogL: -444.650
Tree 762 / LogL: -455.807
Tree 763 / LogL: -454.765
Tree 764 / LogL: -453.969
Tree 765 / LogL: -454.501
Tree 766 / LogL: -461.019
Tree 767 / LogL: -455.661
Tree 768 / LogL: -444.650
Tree 769 / LogL: -439.189
Tree 770 / LogL: -438.625
Tree 771 / LogL: -451.547
Tree 772 / LogL: -444.514
Tree 773 / LogL: -454.661
Tree 774 / LogL: -435.022
Tree 775 / LogL: -446.764
Tree 776 / LogL: -432.909
Tree 777 / LogL: -445.819
Tree 778 / LogL: -444.650
Tree 779 / LogL: -432.909
Tree 780 / LogL: -452.062
Tree 781 / LogL: -447.790
Tree 782 / LogL: -439.189
Tree 783 / LogL: -451.546
Tree 784 / LogL: -455.463
Tree 785 / LogL: -435.022
Tree 786 / LogL: -449.811
Tree 787 / LogL: -442.792
Tree 788 / LogL: -459.613
Tree 789 / LogL: -454.124
Tree 790 / LogL: -456.114
Tree 791 / LogL: -454.703
Tree 792 / LogL: -451.547
Tree 793 / LogL: -468.881
Tree 794 / LogL: -452.676
Tree 795 / LogL: -446.727
Tree 796 / LogL: -439.189
Tree 797 / LogL: -469.769
Tree 798 / LogL: -445.587
Tree 799 / LogL: -455.524
Tree 800 / LogL: -459.855
Tree 801 / LogL: -439.256
Tree 802 / LogL: -443.121
Tree 803 / LogL: -438.206
Tree 804 / LogL: -453.007
Tree 805 / LogL: -451.409
Tree 806 / LogL: -451.823
Tree 807 / LogL: -444.513
Tree 808 / LogL: -462.337
Tree 809 / LogL: -450.846
Tree 810 / LogL: -436.939
Tree 811 / LogL: -446.846
Tree 812 / LogL: -437.076
Tree 813 / LogL: -441.828
Tree 814 / LogL: -456.231
Tree 815 / LogL: -449.669
Tree 816 / LogL: -455.719
Tree 817 / LogL: -448.597
Tree 818 / LogL: -454.554
Tree 819 / LogL: -445.682
Tree 820 / LogL: -450.846
Tree 821 / LogL: -452.062
Tree 822 / LogL: -450.106
Tree 823 / LogL: -450.114
Tree 824 / LogL: -449.080
Tree 825 / LogL: -450.572
Tree 826 / LogL: -452.883
Tree 827 / LogL: -442.422
Tree 828 / LogL: -471.205
Tree 829 / LogL: -439.357
Tree 830 / LogL: -453.362
Tree 831 / LogL: -442.032
Tree 832 / LogL: -438.968
Tree 833 / LogL: -435.082
Tree 834 / LogL: -446.511
Tree 835 / LogL: -443.167
Tree 836 / LogL: -443.705
Tree 837 / LogL: -452.249
Tree 838 / LogL: -449.092
Tree 839 / LogL: -450.106
Tree 840 / LogL: -447.888
Tree 841 / LogL: -441.592
Tree 842 / LogL: -454.661
Tree 843 / LogL: -462.888
Tree 844 / LogL: -444.650
Tree 845 / LogL: -452.389
Tree 846 / LogL: -462.209
Tree 847 / LogL: -446.764
Tree 848 / LogL: -442.425
Tree 849 / LogL: -442.236
Tree 850 / LogL: -441.507
Tree 851 / LogL: -448.847
Tree 852 / LogL: -437.076
Tree 853 / LogL: -439.886
Tree 854 / LogL: -445.819
Tree 855 / LogL: -440.310
Tree 856 / LogL: -456.744
Tree 857 / LogL: -457.606
Tree 858 / LogL: -442.166
Tree 859 / LogL: -446.477
Tree 860 / LogL: -434.885
Tree 861 / LogL: -446.026
Tree 862 / LogL: -455.218
Tree 863 / LogL: -451.546
Tree 864 / LogL: -464.008
Tree 865 / LogL: -441.965
Tree 866 / LogL: -445.819
Tree 867 / LogL: -437.196
Tree 868 / LogL: -436.741
Tree 869 / LogL: -460.066
Tree 870 / LogL: -444.651
Tree 871 / LogL: -432.908
Tree 872 / LogL: -446.591
Tree 873 / LogL: -446.728
Tree 874 / LogL: -446.734
Tree 875 / LogL: -444.843
Tree 876 / LogL: -454.720
Tree 877 / LogL: -440.679
Tree 878 / LogL: -438.394
Tree 879 / LogL: -461.543
Tree 880 / LogL: -456.695
Tree 881 / LogL: -432.909
Tree 882 / LogL: -457.208
Tree 883 / LogL: -444.454
Tree 884 / LogL: -444.417
Tree 885 / LogL: -439.189
Tree 886 / LogL: -444.416
Tree 887 / LogL: -438.225
Tree 888 / LogL: -456.608
Tree 889 / LogL: -454.523
Tree 890 / LogL: -454.082
Tree 891 / LogL: -454.124
Tree 892 / LogL: -436.939
Tree 893 / LogL: -446.626
Tree 894 / LogL: -444.514
Tree 895 / LogL: -432.772
Tree 896 / LogL: -444.487
Tree 897 / LogL: -448.291
Tree 898 / LogL: -451.546
Tree 899 / LogL: -451.546
Tree 900 / LogL: -454.332
Tree 901 / LogL: -439.188
Tree 902 / LogL: -437.076
Tree 903 / LogL: -444.514
Tree 904 / LogL: -442.062
Tree 905 / LogL: -448.109
Tree 906 / LogL: -442.304
Tree 907 / LogL: -458.264
Tree 908 / LogL: -455.946
Tree 909 / LogL: -453.074
Tree 910 / LogL: -448.572
Tree 911 / LogL: -439.052
Tree 912 / LogL: -453.737
Tree 913 / LogL: -432.772
Tree 914 / LogL: -435.022
Tree 915 / LogL: -452.892
Tree 916 / LogL: -441.112
Tree 917 / LogL: -437.083
Tree 918 / LogL: -457.337
Tree 919 / LogL: -448.846
Tree 920 / LogL: -440.310
Tree 921 / LogL: -455.485
Tree 922 / LogL: -449.986
Tree 923 / LogL: -448.846
Tree 924 / LogL: -450.632
Tree 925 / LogL: -460.947
Tree 926 / LogL: -441.160
Tree 927 / LogL: -449.166
Tree 928 / LogL: -445.819
Tree 929 / LogL: -434.885
Tree 930 / LogL: -434.885
Tree 931 / LogL: -448.235
Tree 932 / LogL: -470.961
Tree 933 / LogL: -445.534
Tree 934 / LogL: -452.079
Tree 935 / LogL: -448.108
Tree 936 / LogL: -440.310
Tree 937 / LogL: -439.189
Tree 938 / LogL: -448.687
Tree 939 / LogL: -442.559
Tree 940 / LogL: -441.022
Tree 941 / LogL: -454.347
Tree 942 / LogL: -449.986
Tree 943 / LogL: -452.079
Tree 944 / LogL: -444.398
Tree 945 / LogL: -457.565
Tree 946 / LogL: -434.945
Tree 947 / LogL: -456.366
Tree 948 / LogL: -441.829
Tree 949 / LogL: -451.546
Tree 950 / LogL: -448.572
Tree 951 / LogL: -446.764
Tree 952 / LogL: -449.741
Tree 953 / LogL: -442.560
Tree 954 / LogL: -448.597
Tree 955 / LogL: -449.120
Tree 956 / LogL: -452.250
Tree 957 / LogL: -462.883
Tree 958 / LogL: -446.578
Tree 959 / LogL: -434.885
Tree 960 / LogL: -439.190
Tree 961 / LogL: -449.296
Tree 962 / LogL: -436.939
Tree 963 / LogL: -452.420
Tree 964 / LogL: -456.774
Tree 965 / LogL: -444.651
Tree 966 / LogL: -453.036
Tree 967 / LogL: -452.722
Tree 968 / LogL: -444.653
Tree 969 / LogL: -450.937
Tree 970 / LogL: -439.189
Tree 971 / LogL: -452.820
Tree 972 / LogL: -451.268
Tree 973 / LogL: -444.279
Tree 974 / LogL: -446.764
Tree 975 / LogL: -445.963
Tree 976 / LogL: -444.038
Tree 977 / LogL: -452.234
Tree 978 / LogL: -441.232
Tree 979 / LogL: -449.006
Tree 980 / LogL: -440.172
Tree 981 / LogL: -446.733
Tree 982 / LogL: -442.304
Tree 983 / LogL: -452.062
Tree 984 / LogL: -455.076
Tree 985 / LogL: -465.084
Tree 986 / LogL: -445.080
Tree 987 / LogL: -436.939
Tree 988 / LogL: -440.320
Tree 989 / LogL: -446.763
Tree 990 / LogL: -452.462
Tree 991 / LogL: -447.795
Tree 992 / LogL: -440.380
Tree 993 / LogL: -435.022
Tree 994 / LogL: -439.188
Tree 995 / LogL: -437.076
Tree 996 / LogL: -442.304
Tree 997 / LogL: -451.547
Tree 998 / LogL: -439.190
Tree 999 / LogL: -449.849
Tree 1000 / LogL: -447.360
Tree 1001 / LogL: -444.651
Tree 1002 / LogL: -455.149
Tree 1003 / LogL: -458.264
Tree 1004 / LogL: -449.194
Tree 1005 / LogL: -446.764
Tree 1006 / LogL: -455.149
Tree 1007 / LogL: -437.076
Tree 1008 / LogL: -456.444
Tree 1009 / LogL: -432.771
Tree 1010 / LogL: -440.317
Tree 1011 / LogL: -453.163
Tree 1012 / LogL: -453.052
Tree 1013 / LogL: -450.981
Tree 1014 / LogL: -446.764
Tree 1015 / LogL: -446.819
Tree 1016 / LogL: -437.076
Tree 1017 / LogL: -455.755
Tree 1018 / LogL: -451.962
Tree 1019 / LogL: -435.022
Tree 1020 / LogL: -454.788
Tree 1021 / LogL: -444.398
Tree 1022 / LogL: -452.362
Tree 1023 / LogL: -453.386
Tree 1024 / LogL: -450.710
Tree 1025 / LogL: -439.190
Tree 1026 / LogL: -446.627
Tree 1027 / LogL: -436.939
Tree 1028 / LogL: -434.885
Tree 1029 / LogL: -437.076
Tree 1030 / LogL: -459.061
Tree 1031 / LogL: -450.486
Tree 1032 / LogL: -457.309
Tree 1033 / LogL: -437.859
Tree 1034 / LogL: -435.022
Tree 1035 / LogL: -436.939
Tree 1036 / LogL: -459.047
Tree 1037 / LogL: -455.463
Tree 1038 / LogL: -437.076
Tree 1039 / LogL: -448.597
Tree 1040 / LogL: -444.350
Tree 1041 / LogL: -437.076
Tree 1042 / LogL: -458.481
Tree 1043 / LogL: -460.142
Tree 1044 / LogL: -439.190
Tree 1045 / LogL: -450.332
Tree 1046 / LogL: -446.764
Tree 1047 / LogL: -446.627
Tree 1048 / LogL: -452.096
Tree 1049 / LogL: -454.898
Tree 1050 / LogL: -441.420
Tree 1051 / LogL: -437.076
Tree 1052 / LogL: -448.169
Tree 1053 / LogL: -464.731
Tree 1054 / LogL: -444.398
Tree 1055 / LogL: -456.844
Tree 1056 / LogL: -441.857
Tree 1057 / LogL: -448.188
Tree 1058 / LogL: -444.330
Tree 1059 / LogL: -436.855
Tree 1060 / LogL: -435.082
Tree 1061 / LogL: -446.626
Tree 1062 / LogL: -444.681
Tree 1063 / LogL: -449.968
Tree 1064 / LogL: -444.261
Tree 1065 / LogL: -437.076
Tree 1066 / LogL: -448.847
Tree 1067 / LogL: -436.717
Tree 1068 / LogL: -450.136
Tree 1069 / LogL: -446.374
Tree 1070 / LogL: -454.170
Tree 1071 / LogL: -454.307
Tree 1072 / LogL: -456.533
Tree 1073 / LogL: -438.395
Tree 1074 / LogL: -461.589
Tree 1075 / LogL: -459.667
Tree 1076 / LogL: -446.764
Tree 1077 / LogL: -444.651
Tree 1078 / LogL: -451.120
Tree 1079 / LogL: -449.986
Tree 1080 / LogL: -443.483
Tree 1081 / LogL: -468.122
Tree 1082 / LogL: -450.103
Tree 1083 / LogL: -436.939
Tree 1084 / LogL: -455.470
Tree 1085 / LogL: -455.273
Tree 1086 / LogL: -442.166
Tree 1087 / LogL: -439.138
Tree 1088 / LogL: -456.833
Tree 1089 / LogL: -453.930
Tree 1090 / LogL: -450.135
Tree 1091 / LogL: -446.764
Tree 1092 / LogL: -461.558
Tree 1093 / LogL: -451.719
Tree 1094 / LogL: -435.021
Tree 1095 / LogL: -448.982
Tree 1096 / LogL: -443.135
Tree 1097 / LogL: -444.575
Tree 1098 / LogL: -453.418
Tree 1099 / LogL: -437.083
Tree 1100 / LogL: -454.739
Tree 1101 / LogL: -451.961
Tree 1102 / LogL: -448.821
Tree 1103 / LogL: -449.296
Tree 1104 / LogL: -448.596
Tree 1105 / LogL: -461.019
Tree 1106 / LogL: -444.398
Tree 1107 / LogL: -441.369
Tree 1108 / LogL: -445.818
Tree 1109 / LogL: -442.739
Tree 1110 / LogL: -438.968
Tree 1111 / LogL: -451.546
Tree 1112 / LogL: -444.651
Tree 1113 / LogL: -455.087
Tree 1114 / LogL: -446.766
Tree 1115 / LogL: -444.545
Tree 1116 / LogL: -455.333
Tree 1117 / LogL: -453.386
Tree 1118 / LogL: -435.022
Tree 1119 / LogL: -448.597
Tree 1120 / LogL: -458.254
Tree 1121 / LogL: -437.076
Tree 1122 / LogL: -452.772
Tree 1123 / LogL: -436.512
Tree 1124 / LogL: -439.190
Tree 1125 / LogL: -446.967
Tree 1126 / LogL: -439.189
Tree 1127 / LogL: -448.842
Tree 1128 / LogL: -448.027
Tree 1129 / LogL: -454.106
Tree 1130 / LogL: -443.387
Tree 1131 / LogL: -450.136
Tree 1132 / LogL: -447.563
Tree 1133 / LogL: -444.651
Tree 1134 / LogL: -453.945
Tree 1135 / LogL: -446.511
Tree 1136 / LogL: -444.344
Tree 1137 / LogL: -446.374
Tree 1138 / LogL: -443.225
Tree 1139 / LogL: -442.560
Tree 1140 / LogL: -443.847
Tree 1141 / LogL: -458.430
Tree 1142 / LogL: -437.076
Tree 1143 / LogL: -451.992
Tree 1144 / LogL: -447.795
Tree 1145 / LogL: -452.975
Tree 1146 / LogL: -443.225
Tree 1147 / LogL: -454.302
Tree 1148 / LogL: -454.523
Tree 1149 / LogL: -435.932
Tree 1150 / LogL: -444.398
Tree 1151 / LogL: -459.965
Tree 1152 / LogL: -446.327
Tree 1153 / LogL: -447.825
Tree 1154 / LogL: -446.901
Tree 1155 / LogL: -444.514
Tree 1156 / LogL: -450.137
Tree 1157 / LogL: -444.514
Tree 1158 / LogL: -444.417
Tree 1159 / LogL: -438.495
Tree 1160 / LogL: -444.651
Tree 1161 / LogL: -444.398
Tree 1162 / LogL: -439.189
Tree 1163 / LogL: -453.912
Tree 1164 / LogL: -446.510
Tree 1165 / LogL: -446.764
Tree 1166 / LogL: -455.149
Tree 1167 / LogL: -444.350
Tree 1168 / LogL: -456.793
Tree 1169 / LogL: -446.764
Tree 1170 / LogL: -446.627
Tree 1171 / LogL: -453.616
Tree 1172 / LogL: -439.052
Tree 1173 / LogL: -446.764
Tree 1174 / LogL: -435.083
Tree 1175 / LogL: -448.824
Tree 1176 / LogL: -439.196
Tree 1177 / LogL: -452.238
Tree 1178 / LogL: -434.885
Tree 1179 / LogL: -449.601
Tree 1180 / LogL: -448.020
Tree 1181 / LogL: -462.892
Tree 1182 / LogL: -460.871
Tree 1183 / LogL: -450.742
Tree 1184 / LogL: -435.022
Tree 1185 / LogL: -450.487
Tree 1186 / LogL: -465.607
Tree 1187 / LogL: -452.113
Tree 1188 / LogL: -440.320
Tree 1189 / LogL: -449.433
Tree 1190 / LogL: -437.425
Tree 1191 / LogL: -446.192
Tree 1192 / LogL: -454.088
Tree 1193 / LogL: -447.863
Tree 1194 / LogL: -432.909
Tree 1195 / LogL: -444.651
Tree 1196 / LogL: -432.909
Tree 1197 / LogL: -440.320
Tree 1198 / LogL: -446.168
Tree 1199 / LogL: -465.984
Tree 1200 / LogL: -443.134
Tree 1201 / LogL: -439.190
Tree 1202 / LogL: -456.048
Tree 1203 / LogL: -443.363
Tree 1204 / LogL: -447.479
Tree 1205 / LogL: -441.592
Tree 1206 / LogL: -451.535
Tree 1207 / LogL: -441.645
Tree 1208 / LogL: -437.076
Tree 1209 / LogL: -440.304
Tree 1210 / LogL: -453.025
Tree 1211 / LogL: -439.189
Tree 1212 / LogL: -452.099
Tree 1213 / LogL: -441.644
Tree 1214 / LogL: -445.587
Tree 1215 / LogL: -430.454
Tree 1216 / LogL: -451.027
Tree 1217 / LogL: -435.082
Tree 1218 / LogL: -435.023
Tree 1219 / LogL: -455.293
Tree 1220 / LogL: -433.819
Tree 1221 / LogL: -451.304
Tree 1222 / LogL: -451.960
Tree 1223 / LogL: -442.304
Tree 1224 / LogL: -439.189
Tree 1225 / LogL: -456.970
Tree 1226 / LogL: -444.487
Tree 1227 / LogL: -444.514
Tree 1228 / LogL: -468.845
Tree 1229 / LogL: -460.377
Tree 1230 / LogL: -445.665
Tree 1231 / LogL: -459.176
Tree 1232 / LogL: -453.219
Tree 1233 / LogL: -439.189
Tree 1234 / LogL: -444.538
Tree 1235 / LogL: -433.819
Tree 1236 / LogL: -474.007
Tree 1237 / LogL: -447.932
Tree 1238 / LogL: -442.655
Tree 1239 / LogL: -444.514
Tree 1240 / LogL: -448.926
Tree 1241 / LogL: -442.304
Tree 1242 / LogL: -440.310
Tree 1243 / LogL: -454.419
Tree 1244 / LogL: -440.508
Tree 1245 / LogL: -447.882
Tree 1246 / LogL: -450.802
Tree 1247 / LogL: -437.196
Tree 1248 / LogL: -439.305
Tree 1249 / LogL: -439.271
Tree 1250 / LogL: -455.653
Tree 1251 / LogL: -445.819
Tree 1252 / LogL: -452.915
Tree 1253 / LogL: -449.986
Tree 1254 / LogL: -448.348
Tree 1255 / LogL: -451.547
Tree 1256 / LogL: -439.190
Tree 1257 / LogL: -442.561
Tree 1258 / LogL: -440.541
Tree 1259 / LogL: -442.655
Tree 1260 / LogL: -439.188
Tree 1261 / LogL: -451.823
Tree 1262 / LogL: -460.377
Tree 1263 / LogL: -446.733
Tree 1264 / LogL: -443.135
Tree 1265 / LogL: -455.214
Tree 1266 / LogL: -450.880
Tree 1267 / LogL: -439.189
Tree 1268 / LogL: -440.679
Tree 1269 / LogL: -438.357
Tree 1270 / LogL: -444.487
Tree 1271 / LogL: -432.771
Tree 1272 / LogL: -448.109
Tree 1273 / LogL: -444.651
Tree 1274 / LogL: -452.899
Tree 1275 / LogL: -436.939
Tree 1276 / LogL: -449.986
Tree 1277 / LogL: -446.626
Tree 1278 / LogL: -439.189
Tree 1279 / LogL: -440.159
Tree 1280 / LogL: -437.083
Tree 1281 / LogL: -461.152
Tree 1282 / LogL: -442.792
Tree 1283 / LogL: -439.973
Tree 1284 / LogL: -444.139
Tree 1285 / LogL: -442.561
Tree 1286 / LogL: -449.119
Tree 1287 / LogL: -446.764
Tree 1288 / LogL: -456.636
Tree 1289 / LogL: -440.797
Tree 1290 / LogL: -452.100
Tree 1291 / LogL: -440.508
Tree 1292 / LogL: -454.661
Tree 1293 / LogL: -456.752
Tree 1294 / LogL: -451.547
Tree 1295 / LogL: -455.740
Tree 1296 / LogL: -435.023
Tree 1297 / LogL: -448.459
Tree 1298 / LogL: -439.052
Tree 1299 / LogL: -439.538
Tree 1300 / LogL: -432.909
Tree 1301 / LogL: -449.433
Tree 1302 / LogL: -446.764
Tree 1303 / LogL: -430.454
Tree 1304 / LogL: -440.268
Tree 1305 / LogL: -451.997
Tree 1306 / LogL: -442.562
Tree 1307 / LogL: -445.574
Tree 1308 / LogL: -449.986
Tree 1309 / LogL: -433.682
Tree 1310 / LogL: -448.825
Tree 1311 / LogL: -446.563
Tree 1312 / LogL: -453.767
Tree 1313 / LogL: -443.363
Tree 1314 / LogL: -435.022
Tree 1315 / LogL: -433.818
Tree 1316 / LogL: -449.433
Tree 1317 / LogL: -440.508
Tree 1318 / LogL: -449.433
Tree 1319 / LogL: -446.437
Tree 1320 / LogL: -438.495
Tree 1321 / LogL: -443.567
Tree 1322 / LogL: -449.951
Tree 1323 / LogL: -437.076
Tree 1324 / LogL: -437.076
Tree 1325 / LogL: -448.913
Tree 1326 / LogL: -453.571
Tree 1327 / LogL: -456.414
Tree 1328 / LogL: -432.909
Tree 1329 / LogL: -453.386
Tree 1330 / LogL: -460.344
Tree 1331 / LogL: -437.425
Tree 1332 / LogL: -432.772
Tree 1333 / LogL: -461.993
Tree 1334 / LogL: -439.530
Tree 1335 / LogL: -447.448
Tree 1336 / LogL: -452.474
Tree 1337 / LogL: -449.029
Tree 1338 / LogL: -463.457
Tree 1339 / LogL: -444.651
Tree 1340 / LogL: -471.122
Tree 1341 / LogL: -454.789
Tree 1342 / LogL: -449.296
Tree 1343 / LogL: -442.654
Tree 1344 / LogL: -448.870
Tree 1345 / LogL: -440.371
Tree 1346 / LogL: -444.417
Tree 1347 / LogL: -447.863
Tree 1348 / LogL: -442.423
Tree 1349 / LogL: -442.304
Tree 1350 / LogL: -438.968
Tree 1351 / LogL: -456.165
Tree 1352 / LogL: -445.819
Tree 1353 / LogL: -434.945
Tree 1354 / LogL: -452.250
Tree 1355 / LogL: -439.189
Tree 1356 / LogL: -448.597
Tree 1357 / LogL: -448.824
Tree 1358 / LogL: -455.659
Tree 1359 / LogL: -437.083
Tree 1360 / LogL: -439.190
Tree 1361 / LogL: -455.661
Tree 1362 / LogL: -449.696
Tree 1363 / LogL: -452.249
Tree 1364 / LogL: -462.675
Tree 1365 / LogL: -456.879
Tree 1366 / LogL: -444.416
Tree 1367 / LogL: -447.119
Tree 1368 / LogL: -451.545
Tree 1369 / LogL: -457.680
Tree 1370 / LogL: -444.513
Tree 1371 / LogL: -446.764
Tree 1372 / LogL: -450.927
Tree 1373 / LogL: -449.657
Tree 1374 / LogL: -451.409
Tree 1375 / LogL: -455.239
Tree 1376 / LogL: -455.620
Tree 1377 / LogL: -441.112
Tree 1378 / LogL: -450.229
Tree 1379 / LogL: -437.859
Tree 1380 / LogL: -451.546
Tree 1381 / LogL: -443.225
Tree 1382 / LogL: -456.580
Tree 1383 / LogL: -444.545
Tree 1384 / LogL: -451.546
Tree 1385 / LogL: -444.398
Tree 1386 / LogL: -439.189
Tree 1387 / LogL: -433.818
Tree 1388 / LogL: -450.366
Tree 1389 / LogL: -455.012
Tree 1390 / LogL: -444.398
Tree 1391 / LogL: -456.964
Tree 1392 / LogL: -432.909
Tree 1393 / LogL: -442.304
Tree 1394 / LogL: -446.764
Tree 1395 / LogL: -452.590
Tree 1396 / LogL: -446.511
Tree 1397 / LogL: -455.546
Tree 1398 / LogL: -435.022
Tree 1399 / LogL: -449.432
Tree 1400 / LogL: -461.245
Tree 1401 / LogL: -452.062
Tree 1402 / LogL: -462.840
Tree 1403 / LogL: -444.706
Tree 1404 / LogL: -460.116
Tree 1405 / LogL: -437.076
Tree 1406 / LogL: -432.772
Tree 1407 / LogL: -452.048
Tree 1408 / LogL: -432.909
Tree 1409 / LogL: -454.346
Tree 1410 / LogL: -451.962
Tree 1411 / LogL: -437.076
Tree 1412 / LogL: -439.188
Tree 1413 / LogL: -451.188
Tree 1414 / LogL: -442.871
Tree 1415 / LogL: -452.099
Tree 1416 / LogL: -432.908
Tree 1417 / LogL: -444.651
Tree 1418 / LogL: -442.166
Tree 1419 / LogL: -458.519
Tree 1420 / LogL: -451.546
Tree 1421 / LogL: -456.774
Tree 1422 / LogL: -458.985
Tree 1423 / LogL: -457.797
Tree 1424 / LogL: -456.444
Tree 1425 / LogL: -447.088
Tree 1426 / LogL: -439.189
Tree 1427 / LogL: -441.370
Tree 1428 / LogL: -444.350
Tree 1429 / LogL: -449.433
Tree 1430 / LogL: -442.341
Tree 1431 / LogL: -438.968
Tree 1432 / LogL: -440.048
Tree 1433 / LogL: -443.363
Tree 1434 / LogL: -461.464
Tree 1435 / LogL: -444.417
Tree 1436 / LogL: -439.052
Tree 1437 / LogL: -432.909
Tree 1438 / LogL: -456.774
Tree 1439 / LogL: -457.327
Tree 1440 / LogL: -451.947
Tree 1441 / LogL: -439.189
Tree 1442 / LogL: -453.948
Tree 1443 / LogL: -441.592
Tree 1444 / LogL: -449.977
Tree 1445 / LogL: -451.398
Tree 1446 / LogL: -444.650
Tree 1447 / LogL: -432.772
Tree 1448 / LogL: -460.376
Tree 1449 / LogL: -446.596
Tree 1450 / LogL: -438.625
Tree 1451 / LogL: -443.303
Tree 1452 / LogL: -441.250
Tree 1453 / LogL: -441.022
Tree 1454 / LogL: -457.397
Tree 1455 / LogL: -439.138
Tree 1456 / LogL: -449.729
Tree 1457 / LogL: -447.006
Tree 1458 / LogL: -437.895
Tree 1459 / LogL: -451.136
Tree 1460 / LogL: -442.304
Tree 1461 / LogL: -458.208
Tree 1462 / LogL: -444.942
Tree 1463 / LogL: -444.487
Tree 1464 / LogL: -446.764
Tree 1465 / LogL: -441.418
Tree 1466 / LogL: -439.189
Tree 1467 / LogL: -450.982
Tree 1468 / LogL: -450.841
Tree 1469 / LogL: -447.341
Tree 1470 / LogL: -444.398
Tree 1471 / LogL: -458.906
Tree 1472 / LogL: -442.286
Tree 1473 / LogL: -453.673
Tree 1474 / LogL: -461.289
Tree 1475 / LogL: -444.650
Tree 1476 / LogL: -437.076
Tree 1477 / LogL: -458.966
Tree 1478 / LogL: -442.304
Tree 1479 / LogL: -439.189
Tree 1480 / LogL: -448.847
Tree 1481 / LogL: -438.394
Tree 1482 / LogL: -435.022
Tree 1483 / LogL: -444.651
Tree 1484 / LogL: -445.906
Tree 1485 / LogL: -444.279
Tree 1486 / LogL: -442.375
Tree 1487 / LogL: -466.182
Tree 1488 / LogL: -439.190
Tree 1489 / LogL: -446.193
Tree 1490 / LogL: -444.214
Tree 1491 / LogL: -439.189
Tree 1492 / LogL: -443.525
Tree 1493 / LogL: -448.845
Tree 1494 / LogL: -464.831
Tree 1495 / LogL: -435.938
Tree 1496 / LogL: -451.882
Tree 1497 / LogL: -451.547
Tree 1498 / LogL: -448.453
Tree 1499 / LogL: -442.423
Tree 1500 / LogL: -446.627
Tree 1501 / LogL: -461.059
Tree 1502 / LogL: -453.177
Tree 1503 / LogL: -448.344
Tree 1504 / LogL: -439.189
Tree 1505 / LogL: -450.880
Tree 1506 / LogL: -447.425
Tree 1507 / LogL: -442.792
Tree 1508 / LogL: -452.371
Tree 1509 / LogL: -440.608
Tree 1510 / LogL: -437.425
Tree 1511 / LogL: -443.449
Tree 1512 / LogL: -448.846
Tree 1513 / LogL: -446.869
Tree 1514 / LogL: -446.627
Tree 1515 / LogL: -452.223
Tree 1516 / LogL: -437.076
Tree 1517 / LogL: -466.117
Tree 1518 / LogL: -445.396
Tree 1519 / LogL: -449.080
Tree 1520 / LogL: -436.855
Tree 1521 / LogL: -450.137
Tree 1522 / LogL: -433.818
Tree 1523 / LogL: -444.417
Tree 1524 / LogL: -439.189
Tree 1525 / LogL: -443.913
Tree 1526 / LogL: -437.076
Tree 1527 / LogL: -455.475
Tree 1528 / LogL: -449.772
Tree 1529 / LogL: -437.076
Tree 1530 / LogL: -444.397
Tree 1531 / LogL: -451.026
Tree 1532 / LogL: -472.135
Tree 1533 / LogL: -453.417
Tree 1534 / LogL: -447.932
Tree 1535 / LogL: -456.062
Tree 1536 / LogL: -445.712
Tree 1537 / LogL: -457.584
Tree 1538 / LogL: -446.942
Tree 1539 / LogL: -457.326
Tree 1540 / LogL: -437.195
Tree 1541 / LogL: -432.908
Tree 1542 / LogL: -448.306
Tree 1543 / LogL: -442.792
Tree 1544 / LogL: -432.430
Tree 1545 / LogL: -442.134
Tree 1546 / LogL: -460.948
Tree 1547 / LogL: -452.250
Tree 1548 / LogL: -453.233
Tree 1549 / LogL: -443.484
Tree 1550 / LogL: -454.613
Tree 1551 / LogL: -439.358
Tree 1552 / LogL: -458.481
Tree 1553 / LogL: -451.671
Tree 1554 / LogL: -457.032
Tree 1555 / LogL: -437.076
Tree 1556 / LogL: -432.567
Tree 1557 / LogL: -449.152
Tree 1558 / LogL: -432.909
Tree 1559 / LogL: -473.919
Tree 1560 / LogL: -444.829
Tree 1561 / LogL: -452.803
Tree 1562 / LogL: -444.514
Tree 1563 / LogL: -436.854
Tree 1564 / LogL: -465.469
Tree 1565 / LogL: -455.662
Tree 1566 / LogL: -432.909
Tree 1567 / LogL: -451.924
Tree 1568 / LogL: -451.531
Tree 1569 / LogL: -443.226
Tree 1570 / LogL: -434.885
Tree 1571 / LogL: -448.306
Tree 1572 / LogL: -455.015
Tree 1573 / LogL: -459.884
Tree 1574 / LogL: -441.249
Tree 1575 / LogL: -446.764
Tree 1576 / LogL: -449.053
Tree 1577 / LogL: -439.052
Tree 1578 / LogL: -448.756
Tree 1579 / LogL: -442.062
Tree 1580 / LogL: -451.960
Tree 1581 / LogL: -447.567
Tree 1582 / LogL: -435.082
Tree 1583 / LogL: -437.076
Tree 1584 / LogL: -439.189
Tree 1585 / LogL: -452.268
Tree 1586 / LogL: -444.350
Tree 1587 / LogL: -448.597
Tree 1588 / LogL: -449.080
Tree 1589 / LogL: -450.769
Tree 1590 / LogL: -454.523
Tree 1591 / LogL: -450.846
Tree 1592 / LogL: -433.819
Tree 1593 / LogL: -455.103
Tree 1594 / LogL: -464.581
Tree 1595 / LogL: -465.330
Tree 1596 / LogL: -448.662
Tree 1597 / LogL: -434.885
Tree 1598 / LogL: -443.705
Tree 1599 / LogL: -454.807
Tree 1600 / LogL: -432.909
Tree 1601 / LogL: -443.362
Tree 1602 / LogL: -453.418
Tree 1603 / LogL: -450.937
Tree 1604 / LogL: -444.286
Tree 1605 / LogL: -444.417
Tree 1606 / LogL: -450.367
Tree 1607 / LogL: -444.487
Tree 1608 / LogL: -454.347
Tree 1609 / LogL: -439.189
Tree 1610 / LogL: -453.937
Tree 1611 / LogL: -450.800
Tree 1612 / LogL: -452.100
Tree 1613 / LogL: -446.764
Tree 1614 / LogL: -442.792
Tree 1615 / LogL: -439.190
Tree 1616 / LogL: -439.052
Tree 1617 / LogL: -447.882
Tree 1618 / LogL: -440.567
Tree 1619 / LogL: -448.254
Tree 1620 / LogL: -454.329
Tree 1621 / LogL: -439.189
Tree 1622 / LogL: -439.052
Tree 1623 / LogL: -458.665
Tree 1624 / LogL: -444.513
Tree 1625 / LogL: -435.022
Tree 1626 / LogL: -466.183
Tree 1627 / LogL: -438.625
Tree 1628 / LogL: -435.021
Tree 1629 / LogL: -455.662
Tree 1630 / LogL: -446.578
Tree 1631 / LogL: -446.764
Tree 1632 / LogL: -450.121
Tree 1633 / LogL: -447.650
Tree 1634 / LogL: -435.021
Tree 1635 / LogL: -458.219
Tree 1636 / LogL: -452.099
Tree 1637 / LogL: -439.357
Tree 1638 / LogL: -455.849
Tree 1639 / LogL: -449.418
Tree 1640 / LogL: -451.099
Tree 1641 / LogL: -453.035
Tree 1642 / LogL: -438.684
Tree 1643 / LogL: -435.023
Tree 1644 / LogL: -449.367
Tree 1645 / LogL: -443.135
Tree 1646 / LogL: -451.130
Tree 1647 / LogL: -462.495
Tree 1648 / LogL: -464.791
Tree 1649 / LogL: -445.906
Tree 1650 / LogL: -448.597
Tree 1651 / LogL: -444.514
Tree 1652 / LogL: -454.453
Tree 1653 / LogL: -439.190
Tree 1654 / LogL: -450.573
Tree 1655 / LogL: -451.503
Tree 1656 / LogL: -448.054
Tree 1657 / LogL: -452.200
Tree 1658 / LogL: -435.083
Tree 1659 / LogL: -449.811
Tree 1660 / LogL: -444.651
Tree 1661 / LogL: -458.697
Tree 1662 / LogL: -449.849
Tree 1663 / LogL: -446.764
Tree 1664 / LogL: -442.166
Tree 1665 / LogL: -463.303
Tree 1666 / LogL: -461.503
Tree 1667 / LogL: -451.961
Tree 1668 / LogL: -448.188
Tree 1669 / LogL: -454.730
Tree 1670 / LogL: -442.271
Tree 1671 / LogL: -440.470
Tree 1672 / LogL: -457.944
Tree 1673 / LogL: -448.254
Tree 1674 / LogL: -449.985
Tree 1675 / LogL: -460.527
Tree 1676 / LogL: -444.416
Tree 1677 / LogL: -453.959
Tree 1678 / LogL: -455.729
Tree 1679 / LogL: -446.729
Tree 1680 / LogL: -450.457
Tree 1681 / LogL: -456.637
Tree 1682 / LogL: -437.076
Tree 1683 / LogL: -444.513
Tree 1684 / LogL: -461.736
Tree 1685 / LogL: -450.881
Tree 1686 / LogL: -437.076
Tree 1687 / LogL: -460.912
Tree 1688 / LogL: -451.979
Tree 1689 / LogL: -433.819
Tree 1690 / LogL: -447.082
Tree 1691 / LogL: -453.865
Tree 1692 / LogL: -469.076
Tree 1693 / LogL: -432.909
Tree 1694 / LogL: -454.720
Tree 1695 / LogL: -452.891
Tree 1696 / LogL: -443.652
Tree 1697 / LogL: -439.904
Tree 1698 / LogL: -456.878
Tree 1699 / LogL: -437.076
Tree 1700 / LogL: -445.712
Tree 1701 / LogL: -467.289
Tree 1702 / LogL: -446.115
Tree 1703 / LogL: -444.650
Tree 1704 / LogL: -453.275
Tree 1705 / LogL: -444.417
Tree 1706 / LogL: -450.771
Tree 1707 / LogL: -446.477
Tree 1708 / LogL: -444.323
Tree 1709 / LogL: -442.374
Tree 1710 / LogL: -449.464
Tree 1711 / LogL: -448.344
Tree 1712 / LogL: -436.855
Tree 1713 / LogL: -437.075
Tree 1714 / LogL: -441.644
Tree 1715 / LogL: -446.025
Tree 1716 / LogL: -438.968
Tree 1717 / LogL: -449.102
Tree 1718 / LogL: -450.104
Tree 1719 / LogL: -442.304
Tree 1720 / LogL: -456.840
Tree 1721 / LogL: -435.022
Tree 1722 / LogL: -449.102
Tree 1723 / LogL: -455.112
Tree 1724 / LogL: -444.279
Tree 1725 / LogL: -442.303
Tree 1726 / LogL: -454.447
Tree 1727 / LogL: -452.099
Tree 1728 / LogL: -446.370
Tree 1729 / LogL: -448.109
Tree 1730 / LogL: -444.139
Tree 1731 / LogL: -438.495
Tree 1732 / LogL: -444.279
Tree 1733 / LogL: -436.939
Tree 1734 / LogL: -450.294
Tree 1735 / LogL: -458.255
Tree 1736 / LogL: -448.325
Tree 1737 / LogL: -433.819
Tree 1738 / LogL: -446.578
Tree 1739 / LogL: -438.968
Tree 1740 / LogL: -438.979
Tree 1741 / LogL: -460.377
Tree 1742 / LogL: -455.076
Tree 1743 / LogL: -446.898
Tree 1744 / LogL: -456.566
Tree 1745 / LogL: -447.932
Tree 1746 / LogL: -452.100
Tree 1747 / LogL: -450.367
Tree 1748 / LogL: -457.629
Tree 1749 / LogL: -442.304
Tree 1750 / LogL: -458.280
Tree 1751 / LogL: -457.889
Tree 1752 / LogL: -445.819
Tree 1753 / LogL: -439.118
Tree 1754 / LogL: -448.459
Tree 1755 / LogL: -451.716
Tree 1756 / LogL: -448.344
Tree 1757 / LogL: -453.052
Tree 1758 / LogL: -435.022
Tree 1759 / LogL: -444.513
Tree 1760 / LogL: -442.792
Tree 1761 / LogL: -458.728
Tree 1762 / LogL: -448.824
Tree 1763 / LogL: -446.764
Tree 1764 / LogL: -432.909
Tree 1765 / LogL: -460.473
Tree 1766 / LogL: -443.473
Tree 1767 / LogL: -464.747
Tree 1768 / LogL: -453.386
Tree 1769 / LogL: -440.310
Tree 1770 / LogL: -455.540
Tree 1771 / LogL: -453.052
Tree 1772 / LogL: -447.652
Tree 1773 / LogL: -441.403
Tree 1774 / LogL: -442.423
Tree 1775 / LogL: -432.909
Tree 1776 / LogL: -438.334
Tree 1777 / LogL: -462.090
Tree 1778 / LogL: -435.022
Tree 1779 / LogL: -451.962
Tree 1780 / LogL: -464.145
Tree 1781 / LogL: -435.022
Tree 1782 / LogL: -437.076
Tree 1783 / LogL: -437.058
Tree 1784 / LogL: -435.022
Tree 1785 / LogL: -456.424
Tree 1786 / LogL: -444.514
Tree 1787 / LogL: -447.855
Tree 1788 / LogL: -446.627
Tree 1789 / LogL: -439.196
Tree 1790 / LogL: -436.855
Tree 1791 / LogL: -440.370
Tree 1792 / LogL: -446.510
Tree 1793 / LogL: -451.961
Tree 1794 / LogL: -458.906
Tree 1795 / LogL: -449.903
Tree 1796 / LogL: -446.733
Tree 1797 / LogL: -444.436
Tree 1798 / LogL: -435.021
Tree 1799 / LogL: -444.650
Tree 1800 / LogL: -453.092
Tree 1801 / LogL: -451.650
Tree 1802 / LogL: -444.652
Tree 1803 / LogL: -449.879
Tree 1804 / LogL: -443.134
Tree 1805 / LogL: -444.487
Tree 1806 / LogL: -444.398
Tree 1807 / LogL: -443.653
Tree 1808 / LogL: -439.190
Tree 1809 / LogL: -439.189
Tree 1810 / LogL: -453.571
Tree 1811 / LogL: -445.906
Tree 1812 / LogL: -444.417
Tree 1813 / LogL: -430.454
Tree 1814 / LogL: -437.076
Tree 1815 / LogL: -456.215
Tree 1816 / LogL: -462.585
Tree 1817 / LogL: -444.417
Tree 1818 / LogL: -456.082
Tree 1819 / LogL: -451.546
Tree 1820 / LogL: -435.332
Tree 1821 / LogL: -460.147
Tree 1822 / LogL: -435.022
Tree 1823 / LogL: -433.682
Tree 1824 / LogL: -439.304
Tree 1825 / LogL: -449.433
Tree 1826 / LogL: -445.734
Tree 1827 / LogL: -444.261
Tree 1828 / LogL: -442.062
Tree 1829 / LogL: -452.958
Tree 1830 / LogL: -442.304
Tree 1831 / LogL: -444.397
Tree 1832 / LogL: -455.775
Tree 1833 / LogL: -454.175
Tree 1834 / LogL: -462.744
Tree 1835 / LogL: -457.118
Tree 1836 / LogL: -450.320
Tree 1837 / LogL: -452.996
Tree 1838 / LogL: -444.209
Tree 1839 / LogL: -438.206
Tree 1840 / LogL: -442.562
Tree 1841 / LogL: -440.172
Tree 1842 / LogL: -449.186
Tree 1843 / LogL: -444.651
Tree 1844 / LogL: -442.374
Tree 1845 / LogL: -456.429
Tree 1846 / LogL: -457.018
Tree 1847 / LogL: -457.149
Tree 1848 / LogL: -436.855
Tree 1849 / LogL: -439.190
Tree 1850 / LogL: -433.819
Tree 1851 / LogL: -449.849
Tree 1852 / LogL: -453.386
Tree 1853 / LogL: -432.772
Tree 1854 / LogL: -451.651
Tree 1855 / LogL: -460.068
Tree 1856 / LogL: -451.547
Tree 1857 / LogL: -446.733
Tree 1858 / LogL: -439.189
Tree 1859 / LogL: -452.966
Tree 1860 / LogL: -437.195
Tree 1861 / LogL: -439.052
Tree 1862 / LogL: -448.254
Tree 1863 / LogL: -447.847
Tree 1864 / LogL: -446.511
Tree 1865 / LogL: -452.092
Tree 1866 / LogL: -447.076
Tree 1867 / LogL: -436.855
Tree 1868 / LogL: -455.275
Tree 1869 / LogL: -454.661
Tree 1870 / LogL: -449.855
Tree 1871 / LogL: -439.189
Tree 1872 / LogL: -452.704
Tree 1873 / LogL: -451.535
Tree 1874 / LogL: -436.740
Tree 1875 / LogL: -456.833
Tree 1876 / LogL: -443.363
Tree 1877 / LogL: -437.075
Tree 1878 / LogL: -442.078
Tree 1879 / LogL: -437.076
Tree 1880 / LogL: -451.153
Tree 1881 / LogL: -444.002
Tree 1882 / LogL: -444.651
Tree 1883 / LogL: -448.343
Tree 1884 / LogL: -432.567
Tree 1885 / LogL: -455.205
Tree 1886 / LogL: -436.855
Tree 1887 / LogL: -436.939
Tree 1888 / LogL: -451.547
Tree 1889 / LogL: -449.347
Tree 1890 / LogL: -446.733
Tree 1891 / LogL: -457.999
Tree 1892 / LogL: -456.637
Tree 1893 / LogL: -437.270
Tree 1894 / LogL: -454.501
Tree 1895 / LogL: -456.774
Tree 1896 / LogL: -442.791
Tree 1897 / LogL: -458.694
Tree 1898 / LogL: -448.020
Tree 1899 / LogL: -449.102
Tree 1900 / LogL: -448.343
Tree 1901 / LogL: -451.809
Tree 1902 / LogL: -448.459
Tree 1903 / LogL: -432.772
Tree 1904 / LogL: -439.188
Tree 1905 / LogL: -461.006
Tree 1906 / LogL: -435.022
Tree 1907 / LogL: -450.939
Tree 1908 / LogL: -439.000
Tree 1909 / LogL: -445.612
Tree 1910 / LogL: -458.847
Tree 1911 / LogL: -436.854
Tree 1912 / LogL: -453.364
Tree 1913 / LogL: -439.052
Tree 1914 / LogL: -432.772
Tree 1915 / LogL: -465.682
Tree 1916 / LogL: -448.597
Tree 1917 / LogL: -456.774
Tree 1918 / LogL: -449.601
Tree 1919 / LogL: -456.879
Tree 1920 / LogL: -458.124
Tree 1921 / LogL: -456.570
Tree 1922 / LogL: -438.136
Tree 1923 / LogL: -437.076
Tree 1924 / LogL: -444.650
Tree 1925 / LogL: -446.596
Tree 1926 / LogL: -467.853
Tree 1927 / LogL: -456.744
Tree 1928 / LogL: -432.909
Tree 1929 / LogL: -456.075
Tree 1930 / LogL: -444.651
Tree 1931 / LogL: -452.675
Tree 1932 / LogL: -457.430
Tree 1933 / LogL: -462.097
Tree 1934 / LogL: -451.107
Tree 1935 / LogL: -452.679
Tree 1936 / LogL: -432.909
Tree 1937 / LogL: -449.986
Tree 1938 / LogL: -456.074
Tree 1939 / LogL: -459.848
Tree 1940 / LogL: -432.772
Tree 1941 / LogL: -463.875
Tree 1942 / LogL: -462.211
Tree 1943 / LogL: -446.764
Tree 1944 / LogL: -454.719
Tree 1945 / LogL: -447.308
Tree 1946 / LogL: -447.825
Tree 1947 / LogL: -432.772
Tree 1948 / LogL: -456.007
Tree 1949 / LogL: -457.377
Tree 1950 / LogL: -438.136
Tree 1951 / LogL: -451.051
Tree 1952 / LogL: -459.107
Tree 1953 / LogL: -439.189
Tree 1954 / LogL: -453.249
Tree 1955 / LogL: -451.535
Tree 1956 / LogL: -455.795
Tree 1957 / LogL: -449.434
Tree 1958 / LogL: -452.564
Tree 1959 / LogL: -447.931
Tree 1960 / LogL: -451.504
Tree 1961 / LogL: -456.214
Tree 1962 / LogL: -439.189
Tree 1963 / LogL: -451.142
Tree 1964 / LogL: -441.233
Tree 1965 / LogL: -444.398
Tree 1966 / LogL: -449.948
Tree 1967 / LogL: -438.625
Tree 1968 / LogL: -454.593
Tree 1969 / LogL: -447.795
Tree 1970 / LogL: -444.624
Tree 1971 / LogL: -446.510
Tree 1972 / LogL: -438.625
Tree 1973 / LogL: -456.930
Tree 1974 / LogL: -444.398
Tree 1975 / LogL: -446.511
Tree 1976 / LogL: -432.908
Tree 1977 / LogL: -454.074
Tree 1978 / LogL: -440.507
Tree 1979 / LogL: -455.652
Tree 1980 / LogL: -450.135
Tree 1981 / LogL: -449.079
Tree 1982 / LogL: -441.421
Tree 1983 / LogL: -447.293
Tree 1984 / LogL: -446.733
Tree 1985 / LogL: -438.207
Tree 1986 / LogL: -434.945
Tree 1987 / LogL: -432.772
Tree 1988 / LogL: -437.076
Tree 1989 / LogL: -432.909
Tree 1990 / LogL: -444.002
Tree 1991 / LogL: -457.682
Tree 1992 / LogL: -449.948
Tree 1993 / LogL: -438.625
Tree 1994 / LogL: -450.209
Tree 1995 / LogL: -437.076
Tree 1996 / LogL: -454.417
Tree 1997 / LogL: -451.288
Tree 1998 / LogL: -446.764
Tree 1999 / LogL: -452.685
Tree 2000 / LogL: -435.022
Time for evaluating all trees: 2.349 sec.

Analysis results written to: 
  IQ-TREE report:                TaxaADD/data/seq_gen_DS1.fasta.iqtree
  Maximum-likelihood tree:       TaxaADD/data/seq_gen_DS1.fasta.treefile
  Evaluated user trees:          TaxaADD/data/seq_gen_DS1.fasta.trees
  Screen log file:               TaxaADD/data/seq_gen_DS1.fasta.log

Date and Time: Sat Feb 14 10:34:16 2026
