IQ-TREE version 3.0.1 for Linux x86 64-bit built Jul  9 2025
Developed by Bui Quang Minh, Thomas Wong, Nhan Ly-Trong, Huaiyan Ren
Contributed by Lam-Tung Nguyen, Dominik Schrempf, Chris Bielow,
Olga Chernomor, Michael Woodhams, Diep Thi Hoang, Heiko Schmidt

Host:    jl-baubab.scilifelab.se (AVX2, FMA3, 502 GB RAM)
Command: iqtree -s TreeDistLearn/data/DS1_synth_1000/seq_gen_1000DS1_reordered_tree.fasta -z TreeDistLearn/results_ca_vi/run_20260226_170508_ntaxa27/sampled_trees.nwk -m JC -n 0 -blfix -redo -pre TreeDistLearn/data/DS1_synth_1000/iqfiles/sampled_out
Seed:    201116 (Using SPRNG - Scalable Parallel Random Number Generator)
Time:    Fri Feb 27 10:08:16 2026
Kernel:  AVX+FMA - 1 threads (256 CPU cores detected)

HINT: Use -nt option to specify number of threads because your CPU has 256 cores!
HINT: -nt AUTO will automatically determine the best number of threads to use.

Reading alignment file TreeDistLearn/data/DS1_synth_1000/seq_gen_1000DS1_reordered_tree.fasta ... Fasta format detected
Reading fasta file: done in 0.000386164 secs
Alignment most likely contains DNA/RNA sequences
Constructing alignment: done in 0.0008673 secs
Alignment has 27 sequences with 1000 columns, 303 distinct patterns
176 parsimony-informative, 195 singleton sites, 629 constant sites
                            Gap/Ambiguity  Composition  p-value
Analyzing sequences: done in 1.88798e-05 secs
   1  Amphiuma_tridactylum          0.00%    passed     98.01%
   2  Rattus_norvegicus             0.00%    passed     90.33%
   3  Nesomantis_thomasseti         0.00%    passed     94.34%
   4  Turdus_migratorius            0.00%    passed     99.15%
   5  Latimeria_chalumnae           0.00%    passed     98.05%
   6  Ambystoma_mexicanum           0.00%    passed     98.39%
   7  Heterodon_platyrhinos         0.00%    passed     98.52%
   8  Bufo_valliceps                0.00%    passed     98.74%
   9  Gastrophryne_carolinensis     0.00%    passed     96.94%
  10  Ichthyophis_bannanicus        0.00%    passed     91.81%
  11  Eleutherodactylus_cuneatus    0.00%    passed     90.83%
  12  Xenopus_laevis                0.00%    passed     99.80%
  13  Hyla_cinerea                  0.00%    passed     86.55%
  14  Scaphiopus_holbrooki          0.00%    passed     99.32%
  15  Trachemys_scripta             0.00%    passed     97.42%
  16  Oryctolagus_cuniculus         0.00%    passed     98.48%
  17  Hypogeophis_rostratus         0.00%    passed     99.24%
  18  Discoglossus_pictus           0.00%    passed     99.72%
  19  Gallus_gallus                 0.00%    passed     98.02%
  20  Typhlonectes_natans           0.00%    passed     98.28%
  21  Homo_sapiens                  0.00%    passed     90.33%
  22  Sceloporus_undulatus          0.00%    passed     97.19%
  23  Mus_musculus                  0.00%    passed     98.29%
  24  Siren_intermedia              0.00%    passed     99.36%
  25  Grandisonia_alternans         0.00%    passed     98.19%
  26  Alligator_mississippiensis    0.00%    passed     98.72%
  27  Plethodon_yonhalossee         0.00%    passed     99.93%
****  TOTAL                         0.00%  0 sequences failed composition chi2 test (p-value<5%; df=3)
Checking for duplicate sequences: done in 7.40737e-05 secs

Create initial parsimony tree by phylogenetic likelihood library (PLL)... 0.001 seconds

NOTE: 0 MB RAM (0 GB) is required!
Estimate model parameters (epsilon = 0.010)
1. Initial log-likelihood: -4399.973
Optimal log-likelihood: -4399.973
Rate parameters:  A-C: 1.00000  A-G: 1.00000  A-T: 1.00000  C-G: 1.00000  C-T: 1.00000  G-T: 1.00000
Base frequencies:  A: 0.250  C: 0.250  G: 0.250  T: 0.250
Parameters optimization took 1 rounds (0.000 sec)
Wrote distance file to... 
BEST SCORE FOUND : -4399.973
Total tree length: 0.471

Total number of iterations: 0
CPU time used for tree search: 0.000 sec (0h:0m:0s)
Wall-clock time used for tree search: 0.000 sec (0h:0m:0s)
Total CPU time used: 0.008 sec (0h:0m:0s)
Total wall-clock time used: 0.009 sec (0h:0m:0s)
Reading trees in TreeDistLearn/results_ca_vi/run_20260226_170508_ntaxa27/sampled_trees.nwk ...

1000 trees detected
Tree 1 / LogL: -5808.132
Tree 2 / LogL: -6017.927
Tree 3 / LogL: -5940.496
Tree 4 / LogL: -6691.285
Tree 5 / LogL: -6974.947
Tree 6 / LogL: -5791.818
Tree 7 / LogL: -6456.555
Tree 8 / LogL: -7018.706
Tree 9 / LogL: -5826.773
Tree 10 / LogL: -6607.716
Tree 11 / LogL: -5616.479
Tree 12 / LogL: -5874.420
Tree 13 / LogL: -6406.117
Tree 14 / LogL: -5455.196
Tree 15 / LogL: -5657.764
Tree 16 / LogL: -7479.475
Tree 17 / LogL: -5408.763
Tree 18 / LogL: -6202.645
Tree 19 / LogL: -6173.894
Tree 20 / LogL: -7250.608
Tree 21 / LogL: -6532.428
Tree 22 / LogL: -6047.758
Tree 23 / LogL: -5839.238
Tree 24 / LogL: -6553.029
Tree 25 / LogL: -5938.583
Tree 26 / LogL: -6503.692
Tree 27 / LogL: -5753.656
Tree 28 / LogL: -6118.649
Tree 29 / LogL: -6102.461
Tree 30 / LogL: -5380.421
Tree 31 / LogL: -5897.683
Tree 32 / LogL: -5801.306
Tree 33 / LogL: -6456.305
Tree 34 / LogL: -6555.701
Tree 35 / LogL: -7028.546
Tree 36 / LogL: -6993.688
Tree 37 / LogL: -6366.182
Tree 38 / LogL: -5803.902
Tree 39 / LogL: -6652.759
Tree 40 / LogL: -5648.963
Tree 41 / LogL: -6464.943
Tree 42 / LogL: -6279.226
Tree 43 / LogL: -6215.878
Tree 44 / LogL: -6279.621
Tree 45 / LogL: -6762.984
Tree 46 / LogL: -5814.208
Tree 47 / LogL: -6233.584
Tree 48 / LogL: -6248.879
Tree 49 / LogL: -6587.440
Tree 50 / LogL: -5447.023
Tree 51 / LogL: -6006.191
Tree 52 / LogL: -6402.806
Tree 53 / LogL: -5517.503
Tree 54 / LogL: -6295.552
Tree 55 / LogL: -5908.493
Tree 56 / LogL: -5552.522
Tree 57 / LogL: -5795.860
Tree 58 / LogL: -6574.062
Tree 59 / LogL: -5374.012
Tree 60 / LogL: -6390.107
Tree 61 / LogL: -5778.114
Tree 62 / LogL: -5763.702
Tree 63 / LogL: -6232.421
Tree 64 / LogL: -5476.104
Tree 65 / LogL: -7042.718
Tree 66 / LogL: -6221.149
Tree 67 / LogL: -5595.256
Tree 68 / LogL: -6190.201
Tree 69 / LogL: -5992.134
Tree 70 / LogL: -5973.266
Tree 71 / LogL: -6124.868
Tree 72 / LogL: -5517.958
Tree 73 / LogL: -6131.167
Tree 74 / LogL: -6082.647
Tree 75 / LogL: -5759.543
Tree 76 / LogL: -5637.874
Tree 77 / LogL: -6342.444
Tree 78 / LogL: -6177.095
Tree 79 / LogL: -6062.548
Tree 80 / LogL: -6359.905
Tree 81 / LogL: -6046.545
Tree 82 / LogL: -5686.546
Tree 83 / LogL: -5697.974
Tree 84 / LogL: -6179.997
Tree 85 / LogL: -5578.337
Tree 86 / LogL: -7059.920
Tree 87 / LogL: -5564.653
Tree 88 / LogL: -5885.488
Tree 89 / LogL: -6068.133
Tree 90 / LogL: -5663.932
Tree 91 / LogL: -5911.282
Tree 92 / LogL: -5749.277
Tree 93 / LogL: -5944.541
Tree 94 / LogL: -6472.974
Tree 95 / LogL: -6565.827
Tree 96 / LogL: -6509.214
Tree 97 / LogL: -5303.230
Tree 98 / LogL: -5747.758
Tree 99 / LogL: -6584.247
Tree 100 / LogL: -5944.891
Tree 101 / LogL: -5629.402
Tree 102 / LogL: -5865.659
Tree 103 / LogL: -5900.457
Tree 104 / LogL: -5892.030
Tree 105 / LogL: -5416.001
Tree 106 / LogL: -5429.824
Tree 107 / LogL: -5921.242
Tree 108 / LogL: -5810.674
Tree 109 / LogL: -5917.919
Tree 110 / LogL: -6245.589
Tree 111 / LogL: -6029.140
Tree 112 / LogL: -5927.684
Tree 113 / LogL: -7043.436
Tree 114 / LogL: -5716.782
Tree 115 / LogL: -5914.721
Tree 116 / LogL: -6154.315
Tree 117 / LogL: -7596.251
Tree 118 / LogL: -6239.196
Tree 119 / LogL: -5992.335
Tree 120 / LogL: -5684.919
Tree 121 / LogL: -6396.018
Tree 122 / LogL: -5457.736
Tree 123 / LogL: -5641.928
Tree 124 / LogL: -5906.431
Tree 125 / LogL: -5396.926
Tree 126 / LogL: -5963.753
Tree 127 / LogL: -6230.264
Tree 128 / LogL: -6454.409
Tree 129 / LogL: -5699.022
Tree 130 / LogL: -6690.322
Tree 131 / LogL: -5945.480
Tree 132 / LogL: -6329.332
Tree 133 / LogL: -6047.929
Tree 134 / LogL: -6039.327
Tree 135 / LogL: -7330.203
Tree 136 / LogL: -5563.749
Tree 137 / LogL: -5932.060
Tree 138 / LogL: -6248.222
Tree 139 / LogL: -5724.097
Tree 140 / LogL: -6467.059
Tree 141 / LogL: -5338.529
Tree 142 / LogL: -5794.252
Tree 143 / LogL: -5885.805
Tree 144 / LogL: -5531.894
Tree 145 / LogL: -5805.721
Tree 146 / LogL: -5744.331
Tree 147 / LogL: -5662.243
Tree 148 / LogL: -5397.621
Tree 149 / LogL: -6102.114
Tree 150 / LogL: -7028.339
Tree 151 / LogL: -7224.944
Tree 152 / LogL: -6036.341
Tree 153 / LogL: -5095.063
Tree 154 / LogL: -5916.807
Tree 155 / LogL: -6278.501
Tree 156 / LogL: -6373.921
Tree 157 / LogL: -6486.695
Tree 158 / LogL: -5680.124
Tree 159 / LogL: -5618.001
Tree 160 / LogL: -5557.364
Tree 161 / LogL: -6066.174
Tree 162 / LogL: -5888.482
Tree 163 / LogL: -6561.314
Tree 164 / LogL: -6379.912
Tree 165 / LogL: -5740.366
Tree 166 / LogL: -6273.138
Tree 167 / LogL: -5289.911
Tree 168 / LogL: -6157.774
Tree 169 / LogL: -7272.784
Tree 170 / LogL: -6525.368
Tree 171 / LogL: -5459.480
Tree 172 / LogL: -6347.211
Tree 173 / LogL: -5899.107
Tree 174 / LogL: -6047.992
Tree 175 / LogL: -6732.938
Tree 176 / LogL: -6207.285
Tree 177 / LogL: -6041.277
Tree 178 / LogL: -5782.179
Tree 179 / LogL: -5668.377
Tree 180 / LogL: -6483.054
Tree 181 / LogL: -6934.480
Tree 182 / LogL: -5785.815
Tree 183 / LogL: -6205.458
Tree 184 / LogL: -6275.978
Tree 185 / LogL: -5643.483
Tree 186 / LogL: -6622.827
Tree 187 / LogL: -6300.250
Tree 188 / LogL: -5827.267
Tree 189 / LogL: -6477.443
Tree 190 / LogL: -5874.899
Tree 191 / LogL: -5308.722
Tree 192 / LogL: -6249.711
Tree 193 / LogL: -5388.977
Tree 194 / LogL: -5775.036
Tree 195 / LogL: -6620.848
Tree 196 / LogL: -5824.352
Tree 197 / LogL: -5584.647
Tree 198 / LogL: -5884.132
Tree 199 / LogL: -5464.073
Tree 200 / LogL: -5904.459
Tree 201 / LogL: -5661.601
Tree 202 / LogL: -5893.665
Tree 203 / LogL: -6646.215
Tree 204 / LogL: -5827.089
Tree 205 / LogL: -6142.320
Tree 206 / LogL: -6746.948
Tree 207 / LogL: -6081.323
Tree 208 / LogL: -6269.917
Tree 209 / LogL: -6327.763
Tree 210 / LogL: -6799.281
Tree 211 / LogL: -6027.996
Tree 212 / LogL: -5425.765
Tree 213 / LogL: -6115.265
Tree 214 / LogL: -6024.038
Tree 215 / LogL: -5864.027
Tree 216 / LogL: -6161.821
Tree 217 / LogL: -6264.209
Tree 218 / LogL: -6078.809
Tree 219 / LogL: -6192.662
Tree 220 / LogL: -5714.350
Tree 221 / LogL: -6680.082
Tree 222 / LogL: -5651.479
Tree 223 / LogL: -5418.279
Tree 224 / LogL: -6180.805
Tree 225 / LogL: -6878.972
Tree 226 / LogL: -5915.906
Tree 227 / LogL: -6061.312
Tree 228 / LogL: -6383.191
Tree 229 / LogL: -5194.803
Tree 230 / LogL: -6628.523
Tree 231 / LogL: -6209.831
Tree 232 / LogL: -5710.687
Tree 233 / LogL: -6292.473
Tree 234 / LogL: -5935.969
Tree 235 / LogL: -6580.251
Tree 236 / LogL: -7267.033
Tree 237 / LogL: -6463.486
Tree 238 / LogL: -5724.497
Tree 239 / LogL: -6280.738
Tree 240 / LogL: -6372.461
Tree 241 / LogL: -5565.906
Tree 242 / LogL: -6186.853
Tree 243 / LogL: -6845.026
Tree 244 / LogL: -5441.251
Tree 245 / LogL: -6264.929
Tree 246 / LogL: -7399.736
Tree 247 / LogL: -5263.948
Tree 248 / LogL: -5607.928
Tree 249 / LogL: -5808.504
Tree 250 / LogL: -6426.618
Tree 251 / LogL: -6552.961
Tree 252 / LogL: -6285.995
Tree 253 / LogL: -6095.558
Tree 254 / LogL: -5569.618
Tree 255 / LogL: -5668.135
Tree 256 / LogL: -6080.619
Tree 257 / LogL: -6373.983
Tree 258 / LogL: -6346.178
Tree 259 / LogL: -5902.840
Tree 260 / LogL: -6095.561
Tree 261 / LogL: -5428.944
Tree 262 / LogL: -5352.818
Tree 263 / LogL: -6036.342
Tree 264 / LogL: -6711.245
Tree 265 / LogL: -6790.061
Tree 266 / LogL: -6093.348
Tree 267 / LogL: -6405.401
Tree 268 / LogL: -5663.528
Tree 269 / LogL: -5747.686
Tree 270 / LogL: -5840.177
Tree 271 / LogL: -6173.165
Tree 272 / LogL: -6249.660
Tree 273 / LogL: -5969.960
Tree 274 / LogL: -6816.359
Tree 275 / LogL: -6253.718
Tree 276 / LogL: -6649.379
Tree 277 / LogL: -7027.995
Tree 278 / LogL: -6055.265
Tree 279 / LogL: -5802.215
Tree 280 / LogL: -6712.659
Tree 281 / LogL: -6366.502
Tree 282 / LogL: -5774.786
Tree 283 / LogL: -6023.755
Tree 284 / LogL: -7091.695
Tree 285 / LogL: -6035.920
Tree 286 / LogL: -5697.536
Tree 287 / LogL: -6058.805
Tree 288 / LogL: -6291.454
Tree 289 / LogL: -5849.066
Tree 290 / LogL: -6106.490
Tree 291 / LogL: -6072.719
Tree 292 / LogL: -5651.322
Tree 293 / LogL: -6545.962
Tree 294 / LogL: -5719.385
Tree 295 / LogL: -5684.443
Tree 296 / LogL: -6208.637
Tree 297 / LogL: -6160.960
Tree 298 / LogL: -5453.957
Tree 299 / LogL: -6139.847
Tree 300 / LogL: -5505.583
Tree 301 / LogL: -5920.532
Tree 302 / LogL: -5636.474
Tree 303 / LogL: -5970.707
Tree 304 / LogL: -5535.831
Tree 305 / LogL: -5984.320
Tree 306 / LogL: -7330.192
Tree 307 / LogL: -6008.298
Tree 308 / LogL: -5712.060
Tree 309 / LogL: -5533.433
Tree 310 / LogL: -6252.177
Tree 311 / LogL: -5855.424
Tree 312 / LogL: -6844.077
Tree 313 / LogL: -5482.789
Tree 314 / LogL: -7275.037
Tree 315 / LogL: -5918.094
Tree 316 / LogL: -6377.334
Tree 317 / LogL: -6084.992
Tree 318 / LogL: -5752.628
Tree 319 / LogL: -7170.793
Tree 320 / LogL: -5871.797
Tree 321 / LogL: -5399.505
Tree 322 / LogL: -6398.929
Tree 323 / LogL: -5726.701
Tree 324 / LogL: -6229.990
Tree 325 / LogL: -5844.952
Tree 326 / LogL: -7123.919
Tree 327 / LogL: -6452.885
Tree 328 / LogL: -6169.156
Tree 329 / LogL: -5909.578
Tree 330 / LogL: -6182.319
Tree 331 / LogL: -5598.804
Tree 332 / LogL: -5940.111
Tree 333 / LogL: -7071.438
Tree 334 / LogL: -5753.049
Tree 335 / LogL: -6391.835
Tree 336 / LogL: -5270.582
Tree 337 / LogL: -5879.963
Tree 338 / LogL: -5810.557
Tree 339 / LogL: -6839.214
Tree 340 / LogL: -7927.862
Tree 341 / LogL: -6154.943
Tree 342 / LogL: -5533.370
Tree 343 / LogL: -5735.360
Tree 344 / LogL: -5795.712
Tree 345 / LogL: -6395.212
Tree 346 / LogL: -5934.443
Tree 347 / LogL: -5767.503
Tree 348 / LogL: -5446.108
Tree 349 / LogL: -5967.580
Tree 350 / LogL: -6292.638
Tree 351 / LogL: -6132.291
Tree 352 / LogL: -5465.340
Tree 353 / LogL: -5725.597
Tree 354 / LogL: -5241.273
Tree 355 / LogL: -6018.920
Tree 356 / LogL: -6320.361
Tree 357 / LogL: -6991.122
Tree 358 / LogL: -6568.548
Tree 359 / LogL: -6355.212
Tree 360 / LogL: -6930.985
Tree 361 / LogL: -5697.955
Tree 362 / LogL: -5738.051
Tree 363 / LogL: -5469.739
Tree 364 / LogL: -6339.573
Tree 365 / LogL: -6465.592
Tree 366 / LogL: -6376.170
Tree 367 / LogL: -6669.008
Tree 368 / LogL: -5684.082
Tree 369 / LogL: -6078.972
Tree 370 / LogL: -6167.389
Tree 371 / LogL: -5930.681
Tree 372 / LogL: -5427.716
Tree 373 / LogL: -6656.681
Tree 374 / LogL: -5551.432
Tree 375 / LogL: -5848.765
Tree 376 / LogL: -5624.973
Tree 377 / LogL: -5700.328
Tree 378 / LogL: -5550.313
Tree 379 / LogL: -5325.281
Tree 380 / LogL: -6599.660
Tree 381 / LogL: -5193.617
Tree 382 / LogL: -6687.516
Tree 383 / LogL: -6392.197
Tree 384 / LogL: -6540.161
Tree 385 / LogL: -6122.139
Tree 386 / LogL: -6150.105
Tree 387 / LogL: -7354.665
Tree 388 / LogL: -6202.664
Tree 389 / LogL: -5610.309
Tree 390 / LogL: -6064.896
Tree 391 / LogL: -5505.403
Tree 392 / LogL: -5714.725
Tree 393 / LogL: -5650.437
Tree 394 / LogL: -5442.936
Tree 395 / LogL: -6305.874
Tree 396 / LogL: -5742.212
Tree 397 / LogL: -6082.273
Tree 398 / LogL: -5515.439
Tree 399 / LogL: -6057.414
Tree 400 / LogL: -5936.116
Tree 401 / LogL: -5931.822
Tree 402 / LogL: -5295.094
Tree 403 / LogL: -5359.857
Tree 404 / LogL: -6489.410
Tree 405 / LogL: -5487.893
Tree 406 / LogL: -5615.664
Tree 407 / LogL: -5645.096
Tree 408 / LogL: -6601.983
Tree 409 / LogL: -5590.576
Tree 410 / LogL: -6640.272
Tree 411 / LogL: -6465.669
Tree 412 / LogL: -5278.664
Tree 413 / LogL: -6182.750
Tree 414 / LogL: -6059.531
Tree 415 / LogL: -5810.001
Tree 416 / LogL: -8556.031
Tree 417 / LogL: -5731.885
Tree 418 / LogL: -6129.908
Tree 419 / LogL: -5710.823
Tree 420 / LogL: -5727.918
Tree 421 / LogL: -5430.286
Tree 422 / LogL: -6129.858
Tree 423 / LogL: -6434.576
Tree 424 / LogL: -5854.018
Tree 425 / LogL: -6127.113
Tree 426 / LogL: -6314.052
Tree 427 / LogL: -6341.570
Tree 428 / LogL: -5615.392
Tree 429 / LogL: -6730.341
Tree 430 / LogL: -5626.945
Tree 431 / LogL: -5604.006
Tree 432 / LogL: -6402.867
Tree 433 / LogL: -7086.215
Tree 434 / LogL: -5717.782
Tree 435 / LogL: -6060.797
Tree 436 / LogL: -5671.988
Tree 437 / LogL: -6518.478
Tree 438 / LogL: -6281.840
Tree 439 / LogL: -6271.211
Tree 440 / LogL: -6476.728
Tree 441 / LogL: -5445.427
Tree 442 / LogL: -5813.952
Tree 443 / LogL: -5475.678
Tree 444 / LogL: -5891.201
Tree 445 / LogL: -6646.437
Tree 446 / LogL: -6376.244
Tree 447 / LogL: -6161.234
Tree 448 / LogL: -5358.367
Tree 449 / LogL: -6494.850
Tree 450 / LogL: -6283.896
Tree 451 / LogL: -6011.362
Tree 452 / LogL: -6968.266
Tree 453 / LogL: -5559.183
Tree 454 / LogL: -5626.098
Tree 455 / LogL: -5349.190
Tree 456 / LogL: -5720.587
Tree 457 / LogL: -5548.404
Tree 458 / LogL: -5711.323
Tree 459 / LogL: -5628.114
Tree 460 / LogL: -6080.967
Tree 461 / LogL: -6661.322
Tree 462 / LogL: -5989.470
Tree 463 / LogL: -5913.083
Tree 464 / LogL: -5408.095
Tree 465 / LogL: -5437.501
Tree 466 / LogL: -6871.919
Tree 467 / LogL: -6291.110
Tree 468 / LogL: -5888.617
Tree 469 / LogL: -5731.997
Tree 470 / LogL: -6150.090
Tree 471 / LogL: -6058.982
Tree 472 / LogL: -6521.994
Tree 473 / LogL: -6588.575
Tree 474 / LogL: -5300.138
Tree 475 / LogL: -6551.136
Tree 476 / LogL: -6970.368
Tree 477 / LogL: -5857.944
Tree 478 / LogL: -6717.684
Tree 479 / LogL: -5448.287
Tree 480 / LogL: -6578.283
Tree 481 / LogL: -5495.993
Tree 482 / LogL: -5808.719
Tree 483 / LogL: -5968.072
Tree 484 / LogL: -5919.277
Tree 485 / LogL: -5870.438
Tree 486 / LogL: -5867.375
Tree 487 / LogL: -6009.027
Tree 488 / LogL: -5836.892
Tree 489 / LogL: -5679.359
Tree 490 / LogL: -5676.798
Tree 491 / LogL: -7055.021
Tree 492 / LogL: -5565.744
Tree 493 / LogL: -6047.776
Tree 494 / LogL: -6227.122
Tree 495 / LogL: -5805.052
Tree 496 / LogL: -5750.606
Tree 497 / LogL: -5613.795
Tree 498 / LogL: -5818.769
Tree 499 / LogL: -6041.458
Tree 500 / LogL: -5842.935
Tree 501 / LogL: -5496.109
Tree 502 / LogL: -5967.611
Tree 503 / LogL: -6604.148
Tree 504 / LogL: -6404.672
Tree 505 / LogL: -6176.618
Tree 506 / LogL: -5695.817
Tree 507 / LogL: -5894.846
Tree 508 / LogL: -6280.987
Tree 509 / LogL: -5409.460
Tree 510 / LogL: -5953.822
Tree 511 / LogL: -6301.718
Tree 512 / LogL: -6439.920
Tree 513 / LogL: -5649.706
Tree 514 / LogL: -6232.239
Tree 515 / LogL: -5757.805
Tree 516 / LogL: -5668.582
Tree 517 / LogL: -5498.560
Tree 518 / LogL: -6111.568
Tree 519 / LogL: -5579.129
Tree 520 / LogL: -5621.275
Tree 521 / LogL: -5466.457
Tree 522 / LogL: -5270.993
Tree 523 / LogL: -6065.139
Tree 524 / LogL: -5728.128
Tree 525 / LogL: -6284.298
Tree 526 / LogL: -5873.272
Tree 527 / LogL: -5377.728
Tree 528 / LogL: -5739.357
Tree 529 / LogL: -5735.025
Tree 530 / LogL: -5584.604
Tree 531 / LogL: -6007.329
Tree 532 / LogL: -6574.162
Tree 533 / LogL: -5945.710
Tree 534 / LogL: -6090.600
Tree 535 / LogL: -7229.948
Tree 536 / LogL: -5466.716
Tree 537 / LogL: -5515.184
Tree 538 / LogL: -6298.585
Tree 539 / LogL: -5427.835
Tree 540 / LogL: -6625.420
Tree 541 / LogL: -5731.284
Tree 542 / LogL: -6308.704
Tree 543 / LogL: -6414.252
Tree 544 / LogL: -6284.125
Tree 545 / LogL: -5678.872
Tree 546 / LogL: -6982.913
Tree 547 / LogL: -7496.695
Tree 548 / LogL: -6643.454
Tree 549 / LogL: -5780.992
Tree 550 / LogL: -6429.500
Tree 551 / LogL: -6118.839
Tree 552 / LogL: -6022.007
Tree 553 / LogL: -6039.531
Tree 554 / LogL: -6770.035
Tree 555 / LogL: -5895.207
Tree 556 / LogL: -6044.327
Tree 557 / LogL: -6456.939
Tree 558 / LogL: -6443.324
Tree 559 / LogL: -5521.140
Tree 560 / LogL: -5989.756
Tree 561 / LogL: -6870.751
Tree 562 / LogL: -5402.917
Tree 563 / LogL: -6253.238
Tree 564 / LogL: -6401.993
Tree 565 / LogL: -6172.095
Tree 566 / LogL: -5799.247
Tree 567 / LogL: -6886.890
Tree 568 / LogL: -6666.120
Tree 569 / LogL: -6312.747
Tree 570 / LogL: -5832.867
Tree 571 / LogL: -5258.318
Tree 572 / LogL: -6081.821
Tree 573 / LogL: -5941.035
Tree 574 / LogL: -5847.972
Tree 575 / LogL: -6712.256
Tree 576 / LogL: -6538.811
Tree 577 / LogL: -5552.844
Tree 578 / LogL: -6003.273
Tree 579 / LogL: -6215.300
Tree 580 / LogL: -5700.494
Tree 581 / LogL: -5612.010
Tree 582 / LogL: -5157.058
Tree 583 / LogL: -5932.890
Tree 584 / LogL: -5950.901
Tree 585 / LogL: -6836.853
Tree 586 / LogL: -5890.352
Tree 587 / LogL: -5562.347
Tree 588 / LogL: -5769.744
Tree 589 / LogL: -6306.800
Tree 590 / LogL: -6043.465
Tree 591 / LogL: -5865.403
Tree 592 / LogL: -6001.847
Tree 593 / LogL: -6490.744
Tree 594 / LogL: -6496.128
Tree 595 / LogL: -6052.666
Tree 596 / LogL: -6224.175
Tree 597 / LogL: -5768.236
Tree 598 / LogL: -5816.810
Tree 599 / LogL: -5504.564
Tree 600 / LogL: -5949.614
Tree 601 / LogL: -6476.713
Tree 602 / LogL: -6047.008
Tree 603 / LogL: -5658.288
Tree 604 / LogL: -5817.639
Tree 605 / LogL: -5627.220
Tree 606 / LogL: -5615.825
Tree 607 / LogL: -5525.188
Tree 608 / LogL: -6053.644
Tree 609 / LogL: -6099.384
Tree 610 / LogL: -6184.593
Tree 611 / LogL: -6917.976
Tree 612 / LogL: -6906.637
Tree 613 / LogL: -5827.022
Tree 614 / LogL: -5478.910
Tree 615 / LogL: -5597.005
Tree 616 / LogL: -5667.215
Tree 617 / LogL: -5761.237
Tree 618 / LogL: -5602.656
Tree 619 / LogL: -5635.999
Tree 620 / LogL: -6069.068
Tree 621 / LogL: -6747.512
Tree 622 / LogL: -6338.067
Tree 623 / LogL: -5674.728
Tree 624 / LogL: -5800.395
Tree 625 / LogL: -5943.665
Tree 626 / LogL: -6252.027
Tree 627 / LogL: -5494.062
Tree 628 / LogL: -5511.746
Tree 629 / LogL: -6348.117
Tree 630 / LogL: -5750.393
Tree 631 / LogL: -5458.403
Tree 632 / LogL: -6135.363
Tree 633 / LogL: -5993.856
Tree 634 / LogL: -6253.904
Tree 635 / LogL: -5692.929
Tree 636 / LogL: -5402.066
Tree 637 / LogL: -6343.999
Tree 638 / LogL: -6777.108
Tree 639 / LogL: -6544.833
Tree 640 / LogL: -5526.417
Tree 641 / LogL: -6367.434
Tree 642 / LogL: -5918.826
Tree 643 / LogL: -6023.759
Tree 644 / LogL: -6163.486
Tree 645 / LogL: -6317.915
Tree 646 / LogL: -6814.009
Tree 647 / LogL: -6327.583
Tree 648 / LogL: -5863.278
Tree 649 / LogL: -6016.369
Tree 650 / LogL: -5554.541
Tree 651 / LogL: -5904.824
Tree 652 / LogL: -6221.884
Tree 653 / LogL: -5621.264
Tree 654 / LogL: -5894.813
Tree 655 / LogL: -5865.247
Tree 656 / LogL: -6048.414
Tree 657 / LogL: -6113.239
Tree 658 / LogL: -6921.273
Tree 659 / LogL: -5915.377
Tree 660 / LogL: -6174.493
Tree 661 / LogL: -5604.369
Tree 662 / LogL: -5771.306
Tree 663 / LogL: -7292.961
Tree 664 / LogL: -5591.081
Tree 665 / LogL: -6192.460
Tree 666 / LogL: -6527.270
Tree 667 / LogL: -5847.156
Tree 668 / LogL: -5748.829
Tree 669 / LogL: -5940.757
Tree 670 / LogL: -5496.722
Tree 671 / LogL: -6073.595
Tree 672 / LogL: -5516.200
Tree 673 / LogL: -6580.211
Tree 674 / LogL: -5629.976
Tree 675 / LogL: -6038.973
Tree 676 / LogL: -6651.153
Tree 677 / LogL: -7514.586
Tree 678 / LogL: -6147.002
Tree 679 / LogL: -5478.235
Tree 680 / LogL: -6327.994
Tree 681 / LogL: -5917.080
Tree 682 / LogL: -5696.342
Tree 683 / LogL: -5734.619
Tree 684 / LogL: -5334.269
Tree 685 / LogL: -6583.998
Tree 686 / LogL: -5947.617
Tree 687 / LogL: -6012.240
Tree 688 / LogL: -5385.222
Tree 689 / LogL: -6010.524
Tree 690 / LogL: -5938.020
Tree 691 / LogL: -5990.283
Tree 692 / LogL: -5868.274
Tree 693 / LogL: -6420.108
Tree 694 / LogL: -6453.559
Tree 695 / LogL: -6068.568
Tree 696 / LogL: -5700.115
Tree 697 / LogL: -5359.854
Tree 698 / LogL: -6553.794
Tree 699 / LogL: -6849.326
Tree 700 / LogL: -6614.362
Tree 701 / LogL: -6023.944
Tree 702 / LogL: -5384.614
Tree 703 / LogL: -6679.671
Tree 704 / LogL: -6559.613
Tree 705 / LogL: -5931.271
Tree 706 / LogL: -5953.430
Tree 707 / LogL: -5777.173
Tree 708 / LogL: -7302.174
Tree 709 / LogL: -6168.077
Tree 710 / LogL: -5791.579
Tree 711 / LogL: -5964.921
Tree 712 / LogL: -5923.153
Tree 713 / LogL: -6379.271
Tree 714 / LogL: -5669.352
Tree 715 / LogL: -6675.456
Tree 716 / LogL: -7290.877
Tree 717 / LogL: -5703.642
Tree 718 / LogL: -6441.515
Tree 719 / LogL: -5436.495
Tree 720 / LogL: -5918.292
Tree 721 / LogL: -6246.281
Tree 722 / LogL: -6267.539
Tree 723 / LogL: -7041.314
Tree 724 / LogL: -5619.486
Tree 725 / LogL: -5751.854
Tree 726 / LogL: -6439.150
Tree 727 / LogL: -5624.766
Tree 728 / LogL: -6069.033
Tree 729 / LogL: -5980.082
Tree 730 / LogL: -5697.488
Tree 731 / LogL: -5381.220
Tree 732 / LogL: -5834.827
Tree 733 / LogL: -5250.638
Tree 734 / LogL: -5842.818
Tree 735 / LogL: -5998.110
Tree 736 / LogL: -6424.941
Tree 737 / LogL: -6955.185
Tree 738 / LogL: -6414.796
Tree 739 / LogL: -5323.368
Tree 740 / LogL: -6304.528
Tree 741 / LogL: -6209.981
Tree 742 / LogL: -6549.074
Tree 743 / LogL: -5974.064
Tree 744 / LogL: -5798.865
Tree 745 / LogL: -6184.100
Tree 746 / LogL: -6220.054
Tree 747 / LogL: -5796.714
Tree 748 / LogL: -6042.646
Tree 749 / LogL: -5617.075
Tree 750 / LogL: -6172.774
Tree 751 / LogL: -5834.804
Tree 752 / LogL: -5828.785
Tree 753 / LogL: -6255.867
Tree 754 / LogL: -6729.844
Tree 755 / LogL: -6596.095
Tree 756 / LogL: -6143.369
Tree 757 / LogL: -5692.300
Tree 758 / LogL: -6398.236
Tree 759 / LogL: -5611.961
Tree 760 / LogL: -5697.398
Tree 761 / LogL: -5655.236
Tree 762 / LogL: -6667.072
Tree 763 / LogL: -5742.946
Tree 764 / LogL: -7312.702
Tree 765 / LogL: -7303.741
Tree 766 / LogL: -6632.513
Tree 767 / LogL: -5484.125
Tree 768 / LogL: -6975.894
Tree 769 / LogL: -5663.228
Tree 770 / LogL: -6303.974
Tree 771 / LogL: -6239.273
Tree 772 / LogL: -6055.591
Tree 773 / LogL: -5772.502
Tree 774 / LogL: -7095.973
Tree 775 / LogL: -5317.123
Tree 776 / LogL: -5872.905
Tree 777 / LogL: -5752.794
Tree 778 / LogL: -6140.101
Tree 779 / LogL: -5943.199
Tree 780 / LogL: -6482.795
Tree 781 / LogL: -6480.220
Tree 782 / LogL: -5471.573
Tree 783 / LogL: -5959.631
Tree 784 / LogL: -6069.831
Tree 785 / LogL: -5777.945
Tree 786 / LogL: -6121.224
Tree 787 / LogL: -6455.406
Tree 788 / LogL: -5843.085
Tree 789 / LogL: -5471.092
Tree 790 / LogL: -6728.248
Tree 791 / LogL: -5424.441
Tree 792 / LogL: -6329.135
Tree 793 / LogL: -6224.797
Tree 794 / LogL: -6128.203
Tree 795 / LogL: -5713.186
Tree 796 / LogL: -5819.476
Tree 797 / LogL: -5864.905
Tree 798 / LogL: -6024.194
Tree 799 / LogL: -5682.500
Tree 800 / LogL: -5933.019
Tree 801 / LogL: -6338.453
Tree 802 / LogL: -7162.455
Tree 803 / LogL: -5861.429
Tree 804 / LogL: -6744.567
Tree 805 / LogL: -6281.462
Tree 806 / LogL: -6407.283
Tree 807 / LogL: -5586.875
Tree 808 / LogL: -5892.464
Tree 809 / LogL: -5678.497
Tree 810 / LogL: -6068.194
Tree 811 / LogL: -6420.581
Tree 812 / LogL: -6357.331
Tree 813 / LogL: -5798.232
Tree 814 / LogL: -5790.064
Tree 815 / LogL: -5698.729
Tree 816 / LogL: -5504.438
Tree 817 / LogL: -5343.719
Tree 818 / LogL: -6912.327
Tree 819 / LogL: -6290.031
Tree 820 / LogL: -5579.581
Tree 821 / LogL: -5436.568
Tree 822 / LogL: -6040.315
Tree 823 / LogL: -5920.874
Tree 824 / LogL: -5298.049
Tree 825 / LogL: -6597.527
Tree 826 / LogL: -6523.871
Tree 827 / LogL: -6256.824
Tree 828 / LogL: -6454.056
Tree 829 / LogL: -6151.625
Tree 830 / LogL: -5881.503
Tree 831 / LogL: -5780.328
Tree 832 / LogL: -6540.809
Tree 833 / LogL: -6361.752
Tree 834 / LogL: -5570.649
Tree 835 / LogL: -5531.720
Tree 836 / LogL: -6337.881
Tree 837 / LogL: -5617.111
Tree 838 / LogL: -6062.686
Tree 839 / LogL: -6657.224
Tree 840 / LogL: -5667.296
Tree 841 / LogL: -5924.353
Tree 842 / LogL: -5743.886
Tree 843 / LogL: -5596.296
Tree 844 / LogL: -6566.478
Tree 845 / LogL: -5821.713
Tree 846 / LogL: -5898.391
Tree 847 / LogL: -7669.173
Tree 848 / LogL: -5918.862
Tree 849 / LogL: -6388.811
Tree 850 / LogL: -5292.067
Tree 851 / LogL: -5770.453
Tree 852 / LogL: -6503.748
Tree 853 / LogL: -6551.335
Tree 854 / LogL: -6025.180
Tree 855 / LogL: -5785.291
Tree 856 / LogL: -5625.897
Tree 857 / LogL: -6659.383
Tree 858 / LogL: -7082.574
Tree 859 / LogL: -7024.081
Tree 860 / LogL: -7244.210
Tree 861 / LogL: -7093.732
Tree 862 / LogL: -5971.149
Tree 863 / LogL: -6459.285
Tree 864 / LogL: -6395.746
Tree 865 / LogL: -6184.011
Tree 866 / LogL: -7267.412
Tree 867 / LogL: -5559.447
Tree 868 / LogL: -6804.214
Tree 869 / LogL: -5487.512
Tree 870 / LogL: -6109.611
Tree 871 / LogL: -5819.503
Tree 872 / LogL: -5729.039
Tree 873 / LogL: -6248.930
Tree 874 / LogL: -6386.435
Tree 875 / LogL: -5362.622
Tree 876 / LogL: -6103.892
Tree 877 / LogL: -7185.233
Tree 878 / LogL: -6345.542
Tree 879 / LogL: -6559.909
Tree 880 / LogL: -6291.960
Tree 881 / LogL: -6772.221
Tree 882 / LogL: -6645.084
Tree 883 / LogL: -6764.402
Tree 884 / LogL: -5891.914
Tree 885 / LogL: -5928.737
Tree 886 / LogL: -6388.113
Tree 887 / LogL: -6118.595
Tree 888 / LogL: -5999.978
Tree 889 / LogL: -5803.896
Tree 890 / LogL: -5250.386
Tree 891 / LogL: -5747.117
Tree 892 / LogL: -5911.945
Tree 893 / LogL: -6186.174
Tree 894 / LogL: -5711.049
Tree 895 / LogL: -6196.890
Tree 896 / LogL: -6054.380
Tree 897 / LogL: -6185.990
Tree 898 / LogL: -5724.425
Tree 899 / LogL: -5503.714
Tree 900 / LogL: -5239.383
Tree 901 / LogL: -5471.098
Tree 902 / LogL: -6250.052
Tree 903 / LogL: -6107.856
Tree 904 / LogL: -6022.273
Tree 905 / LogL: -6220.159
Tree 906 / LogL: -5716.634
Tree 907 / LogL: -5720.470
Tree 908 / LogL: -5486.603
Tree 909 / LogL: -5394.237
Tree 910 / LogL: -6295.466
Tree 911 / LogL: -6995.157
Tree 912 / LogL: -5966.889
Tree 913 / LogL: -5960.361
Tree 914 / LogL: -5887.519
Tree 915 / LogL: -6061.377
Tree 916 / LogL: -5775.013
Tree 917 / LogL: -6356.943
Tree 918 / LogL: -5328.591
Tree 919 / LogL: -5942.240
Tree 920 / LogL: -5967.662
Tree 921 / LogL: -5639.632
Tree 922 / LogL: -6324.619
Tree 923 / LogL: -6171.532
Tree 924 / LogL: -5982.302
Tree 925 / LogL: -6232.674
Tree 926 / LogL: -6221.452
Tree 927 / LogL: -5445.929
Tree 928 / LogL: -5811.712
Tree 929 / LogL: -6367.022
Tree 930 / LogL: -5609.801
Tree 931 / LogL: -6107.216
Tree 932 / LogL: -5859.704
Tree 933 / LogL: -5927.308
Tree 934 / LogL: -6129.020
Tree 935 / LogL: -7182.602
Tree 936 / LogL: -5431.518
Tree 937 / LogL: -5826.389
Tree 938 / LogL: -6040.182
Tree 939 / LogL: -6573.217
Tree 940 / LogL: -6683.647
Tree 941 / LogL: -5525.077
Tree 942 / LogL: -5296.215
Tree 943 / LogL: -5787.577
Tree 944 / LogL: -5457.398
Tree 945 / LogL: -5735.472
Tree 946 / LogL: -5839.328
Tree 947 / LogL: -7163.120
Tree 948 / LogL: -5724.969
Tree 949 / LogL: -5534.780
Tree 950 / LogL: -7170.652
Tree 951 / LogL: -6003.245
Tree 952 / LogL: -5543.831
Tree 953 / LogL: -6021.767
Tree 954 / LogL: -6346.754
Tree 955 / LogL: -5863.939
Tree 956 / LogL: -6029.670
Tree 957 / LogL: -5640.964
Tree 958 / LogL: -6178.328
Tree 959 / LogL: -6138.926
Tree 960 / LogL: -7321.939
Tree 961 / LogL: -5520.331
Tree 962 / LogL: -6004.104
Tree 963 / LogL: -5663.790
Tree 964 / LogL: -6284.997
Tree 965 / LogL: -5661.541
Tree 966 / LogL: -5556.706
Tree 967 / LogL: -5874.813
Tree 968 / LogL: -5657.138
Tree 969 / LogL: -6048.672
Tree 970 / LogL: -6412.919
Tree 971 / LogL: -6337.239
Tree 972 / LogL: -6447.745
Tree 973 / LogL: -6433.201
Tree 974 / LogL: -6635.450
Tree 975 / LogL: -5701.690
Tree 976 / LogL: -6149.491
Tree 977 / LogL: -6945.176
Tree 978 / LogL: -5574.434
Tree 979 / LogL: -6571.692
Tree 980 / LogL: -5736.947
Tree 981 / LogL: -5844.046
Tree 982 / LogL: -5632.641
Tree 983 / LogL: -6123.301
Tree 984 / LogL: -6744.240
Tree 985 / LogL: -5459.765
Tree 986 / LogL: -6504.958
Tree 987 / LogL: -6715.188
Tree 988 / LogL: -5448.522
Tree 989 / LogL: -5916.559
Tree 990 / LogL: -6488.693
Tree 991 / LogL: -5635.384
Tree 992 / LogL: -5537.973
Tree 993 / LogL: -6295.915
Tree 994 / LogL: -5865.189
Tree 995 / LogL: -5647.084
Tree 996 / LogL: -5992.343
Tree 997 / LogL: -6455.915
Tree 998 / LogL: -5883.131
Tree 999 / LogL: -6021.294
Tree 1000 / LogL: -5961.795
Time for evaluating all trees: 0.194 sec.

Analysis results written to: 
  IQ-TREE report:                TreeDistLearn/data/DS1_synth_1000/iqfiles/sampled_out.iqtree
  Maximum-likelihood tree:       TreeDistLearn/data/DS1_synth_1000/iqfiles/sampled_out.treefile
  Evaluated user trees:          TreeDistLearn/data/DS1_synth_1000/iqfiles/sampled_out.trees
  Screen log file:               TreeDistLearn/data/DS1_synth_1000/iqfiles/sampled_out.log

Date and Time: Fri Feb 27 10:08:16 2026
